E:\新雕刻机\TRUNK\BIN\ALGORITHM_CSHARPD.DLL
E:\新雕刻机\TRUNK\BIN\ALGORITHM_CSHARPD.ILK
E:\新雕刻机\trunk\lib\Algorithm_CSharpd.exp
E:\新雕刻机\trunk\lib\Algorithm_CSharpd.lib
E:\新雕刻机\TRUNK\SRC\ALGORITHM_CSHARP\DEBUG\ALGORITHM.OBJ
E:\新雕刻机\TRUNK\SRC\ALGORITHM_CSHARP\DEBUG\ALGORITHM_CSHARP.OBJ
E:\新雕刻机\TRUNK\SRC\ALGORITHM_CSHARP\DEBUG\ALGORITHM_CSHARP.RES
E:\新雕刻机\trunk\src\Algorithm_CSharp\Debug\Algorithm_CSharp.write.1.tlog
E:\新雕刻机\TRUNK\SRC\ALGORITHM_CSHARP\DEBUG\ALGORITHM_CSHARPD.DLL.EMBED.MANIFEST
E:\新雕刻机\TRUNK\SRC\ALGORITHM_CSHARP\DEBUG\ALGORITHM_CSHARPD.DLL.EMBED.MANIFEST.RES
E:\新雕刻机\TRUNK\SRC\ALGORITHM_CSHARP\DEBUG\ALGORITHM_CSHARPD.DLL.INTERMEDIATE.MANIFEST
E:\新雕刻机\TRUNK\SRC\ALGORITHM_CSHARP\DEBUG\ALGORITHM_CSHARPD.PCH
E:\新雕刻机\trunk\src\Algorithm_CSharp\Debug\Algorithm_CSharpd_manifest.rc
E:\新雕刻机\trunk\src\Algorithm_CSharp\Debug\cl.command.1.tlog
E:\新雕刻机\trunk\src\Algorithm_CSharp\Debug\CL.read.1.tlog
E:\新雕刻机\trunk\src\Algorithm_CSharp\Debug\CL.write.1.tlog
E:\新雕刻机\trunk\src\Algorithm_CSharp\Debug\link.10980.read.1.tlog
E:\新雕刻机\trunk\src\Algorithm_CSharp\Debug\link.10980.write.1.tlog
E:\新雕刻机\trunk\src\Algorithm_CSharp\Debug\link.10980-cvtres.read.1.tlog
E:\新雕刻机\trunk\src\Algorithm_CSharp\Debug\link.10980-cvtres.write.1.tlog
E:\新雕刻机\trunk\src\Algorithm_CSharp\Debug\link.command.1.tlog
E:\新雕刻机\trunk\src\Algorithm_CSharp\Debug\link.read.1.tlog
E:\新雕刻机\trunk\src\Algorithm_CSharp\Debug\link.write.1.tlog
E:\新雕刻机\trunk\src\Algorithm_CSharp\Debug\link-cvtres.read.1.tlog
E:\新雕刻机\trunk\src\Algorithm_CSharp\Debug\link-cvtres.write.1.tlog
E:\新雕刻机\TRUNK\SRC\ALGORITHM_CSHARP\DEBUG\MARKUP.OBJ
E:\新雕刻机\trunk\src\Algorithm_CSharp\Debug\mt.command.1.tlog
E:\新雕刻机\trunk\src\Algorithm_CSharp\Debug\mt.read.1.tlog
E:\新雕刻机\trunk\src\Algorithm_CSharp\Debug\mt.write.1.tlog
E:\新雕刻机\trunk\src\Algorithm_CSharp\Debug\rc.command.1.tlog
E:\新雕刻机\trunk\src\Algorithm_CSharp\Debug\rc.read.1.tlog
E:\新雕刻机\trunk\src\Algorithm_CSharp\Debug\rc.write.1.tlog
E:\新雕刻机\TRUNK\SRC\ALGORITHM_CSHARP\DEBUG\STDAFX.OBJ
E:\新雕刻机\trunk\src\Algorithm_CSharp\Debug\vc100.idb
E:\新雕刻机\TRUNK\SRC\ALGORITHM_CSHARP\DEBUG\VC100.PDB
E:\新雕刻机\trunk\src\C++Test\../../bin/Algorithm_CSharpd.dll
E:\新雕刻机\trunk\src\C++Test\../../bin/Algorithm_CSharpd.ilk
E:\新雕刻机\TRUNK\SRC\PDB\ALGORITHM_CSHARPDD.PDB
