  KnifeClass.cpp
  .......................................当前为release版本
  .......................................当前为release版本
e:\新雕刻机\trunk\src\knifedll\knifeclass.cpp(171): warning C4018: “<”: 有符号/无符号不匹配
e:\新雕刻机\trunk\src\knifedll\knifeclass.cpp(191): warning C4018: “<”: 有符号/无符号不匹配
e:\新雕刻机\trunk\src\knifedll\knifeclass.cpp(262): warning C4018: “<”: 有符号/无符号不匹配
e:\新雕刻机\trunk\src\knifedll\knifeclass.cpp(268): warning C4018: “<”: 有符号/无符号不匹配
e:\新雕刻机\trunk\src\knifedll\knifeclass.cpp(289): warning C4018: “<”: 有符号/无符号不匹配
e:\新雕刻机\trunk\src\knifedll\knifeclass.cpp(334): warning C4018: “<”: 有符号/无符号不匹配
e:\新雕刻机\trunk\src\knifedll\knifeclass.cpp(383): warning C4018: “<”: 有符号/无符号不匹配
e:\新雕刻机\trunk\src\knifedll\knifeclass.cpp(406): warning C4018: “<”: 有符号/无符号不匹配
e:\新雕刻机\trunk\src\knifedll\knifeclass.cpp(443): warning C4018: “<”: 有符号/无符号不匹配
e:\新雕刻机\trunk\src\knifedll\knifeclass.cpp(466): warning C4244: “=”: 从“float”转换到“int”，可能丢失数据
e:\新雕刻机\trunk\src\knifedll\knifeclass.cpp(467): warning C4244: “=”: 从“float”转换到“int”，可能丢失数据
e:\新雕刻机\trunk\src\knifedll\knifeclass.cpp(468): warning C4244: “=”: 从“float”转换到“int”，可能丢失数据
e:\新雕刻机\trunk\src\knifedll\knifeclass.cpp(469): warning C4244: “=”: 从“float”转换到“int”，可能丢失数据
e:\新雕刻机\trunk\src\knifedll\knifeclass.cpp(486): warning C4018: “<”: 有符号/无符号不匹配
e:\新雕刻机\trunk\src\knifedll\knifeclass.cpp(517): warning C4018: “<”: 有符号/无符号不匹配
e:\新雕刻机\trunk\src\knifedll\knifeclass.cpp(522): warning C4018: “<”: 有符号/无符号不匹配
e:\新雕刻机\trunk\src\knifedll\knifeclass.cpp(546): warning C4018: “<”: 有符号/无符号不匹配
e:\新雕刻机\trunk\src\knifedll\knifeclass.cpp(557): warning C4018: “<”: 有符号/无符号不匹配
e:\新雕刻机\trunk\src\knifedll\knifeclass.cpp(574): warning C4018: “<”: 有符号/无符号不匹配
e:\新雕刻机\trunk\src\knifedll\knifeclass.cpp(593): warning C4018: “<”: 有符号/无符号不匹配
e:\新雕刻机\trunk\src\knifedll\knifeclass.cpp(599): warning C4018: “<”: 有符号/无符号不匹配
e:\新雕刻机\trunk\src\knifedll\knifeclass.cpp(606): warning C4018: “<”: 有符号/无符号不匹配
e:\新雕刻机\trunk\src\knifedll\knifeclass.cpp(655): warning C4018: “<”: 有符号/无符号不匹配
e:\新雕刻机\trunk\src\knifedll\knifeclass.cpp(672): warning C4018: “<”: 有符号/无符号不匹配
e:\新雕刻机\trunk\src\knifedll\knifeclass.cpp(698): warning C4018: “<”: 有符号/无符号不匹配
e:\新雕刻机\trunk\src\knifedll\knifeclass.cpp(722): warning C4244: “=”: 从“double”转换到“float”，可能丢失数据
e:\新雕刻机\trunk\src\knifedll\knifeclass.cpp(727): warning C4018: “<”: 有符号/无符号不匹配
e:\新雕刻机\trunk\src\knifedll\knifeclass.cpp(739): warning C4018: “<”: 有符号/无符号不匹配
e:\新雕刻机\trunk\src\knifedll\knifeclass.cpp(743): warning C4018: “<”: 有符号/无符号不匹配
e:\新雕刻机\trunk\src\knifedll\knifeclass.cpp(760): warning C4018: “<”: 有符号/无符号不匹配
e:\新雕刻机\trunk\src\knifedll\knifeclass.cpp(790): warning C4018: “<”: 有符号/无符号不匹配
e:\新雕刻机\trunk\src\knifedll\knifeclass.cpp(802): warning C4018: “<”: 有符号/无符号不匹配
e:\新雕刻机\trunk\src\knifedll\knifeclass.cpp(822): warning C4018: “<”: 有符号/无符号不匹配
e:\新雕刻机\trunk\src\knifedll\knifeclass.cpp(842): warning C4018: “<”: 有符号/无符号不匹配
e:\新雕刻机\trunk\src\knifedll\knifeclass.cpp(864): warning C4018: “<”: 有符号/无符号不匹配
e:\新雕刻机\trunk\src\knifedll\knifeclass.cpp(884): warning C4244: “=”: 从“double”转换到“float”，可能丢失数据
e:\新雕刻机\trunk\src\knifedll\knifeclass.cpp(888): warning C4244: “=”: 从“double”转换到“float”，可能丢失数据
e:\新雕刻机\trunk\src\knifedll\knifeclass.cpp(973): warning C4018: “<”: 有符号/无符号不匹配
e:\新雕刻机\trunk\src\knifedll\knifeclass.cpp(998): warning C4018: “<”: 有符号/无符号不匹配
e:\新雕刻机\trunk\src\knifedll\knifeclass.cpp(1032): warning C4018: “<”: 有符号/无符号不匹配
e:\新雕刻机\trunk\src\knifedll\knifeclass.cpp(1053): warning C4018: “<”: 有符号/无符号不匹配
e:\新雕刻机\trunk\src\knifedll\knifeclass.cpp(1091): warning C4018: “<”: 有符号/无符号不匹配
e:\新雕刻机\trunk\src\knifedll\knifeclass.cpp(1117): warning C4244: “=”: 从“float”转换到“int”，可能丢失数据
e:\新雕刻机\trunk\src\knifedll\knifeclass.cpp(1118): warning C4244: “=”: 从“float”转换到“int”，可能丢失数据
e:\新雕刻机\trunk\src\knifedll\knifeclass.cpp(1124): warning C4018: “<”: 有符号/无符号不匹配
e:\新雕刻机\trunk\src\knifedll\knifeclass.cpp(1153): warning C4018: “<”: 有符号/无符号不匹配
e:\新雕刻机\trunk\src\knifedll\knifeclass.cpp(1192): warning C4018: “<”: 有符号/无符号不匹配
e:\新雕刻机\trunk\src\knifedll\knifeclass.cpp(1217): warning C4244: “=”: 从“float”转换到“int”，可能丢失数据
e:\新雕刻机\trunk\src\knifedll\knifeclass.cpp(1218): warning C4244: “=”: 从“float”转换到“int”，可能丢失数据
e:\新雕刻机\trunk\src\knifedll\knifeclass.cpp(1221): warning C4018: “<”: 有符号/无符号不匹配
e:\新雕刻机\trunk\src\knifedll\knifeclass.cpp(1269): warning C4018: “<”: 有符号/无符号不匹配
e:\新雕刻机\trunk\src\knifedll\knifeclass.cpp(1280): warning C4018: “<”: 有符号/无符号不匹配
e:\新雕刻机\trunk\src\knifedll\knifeclass.cpp(1300): warning C4018: “<”: 有符号/无符号不匹配
e:\新雕刻机\trunk\src\knifedll\knifeclass.cpp(1323): warning C4018: “<”: 有符号/无符号不匹配
e:\新雕刻机\trunk\src\knifedll\knifeclass.cpp(1345): warning C4018: “<”: 有符号/无符号不匹配
e:\新雕刻机\trunk\src\knifedll\knifeclass.cpp(1358): warning C4018: “<”: 有符号/无符号不匹配
e:\新雕刻机\trunk\src\knifedll\knifeclass.cpp(1365): warning C4018: “<”: 有符号/无符号不匹配
e:\新雕刻机\trunk\src\knifedll\knifeclass.cpp(1367): warning C4018: “<”: 有符号/无符号不匹配
e:\新雕刻机\trunk\src\knifedll\knifeclass.cpp(1377): warning C4018: “<”: 有符号/无符号不匹配
e:\新雕刻机\trunk\src\knifedll\knifeclass.cpp(1382): warning C4018: “<”: 有符号/无符号不匹配
e:\新雕刻机\trunk\src\knifedll\knifeclass.cpp(1678): warning C4244: “初始化”: 从“double”转换到“float”，可能丢失数据
e:\新雕刻机\trunk\src\knifedll\knifeclass.cpp(1684): warning C4244: “=”: 从“double”转换到“float”，可能丢失数据
e:\新雕刻机\trunk\src\knifedll\knifeclass.cpp(1694): warning C4244: “=”: 从“double”转换到“float”，可能丢失数据
e:\新雕刻机\trunk\src\knifedll\knifeclass.cpp(1697): warning C4244: “=”: 从“double”转换到“float”，可能丢失数据
e:\新雕刻机\trunk\src\knifedll\knifeclass.cpp(1701): warning C4244: “=”: 从“double”转换到“float”，可能丢失数据
e:\新雕刻机\trunk\src\knifedll\knifeclass.cpp(1844): warning C4244: “=”: 从“double”转换到“float”，可能丢失数据
e:\新雕刻机\trunk\src\knifedll\knifeclass.cpp(1916): warning C4244: “=”: 从“double”转换到“float”，可能丢失数据
e:\新雕刻机\trunk\src\knifedll\knifeclass.cpp(1919): warning C4244: “=”: 从“double”转换到“float”，可能丢失数据
e:\新雕刻机\trunk\src\knifedll\knifeclass.cpp(1923): warning C4244: “=”: 从“double”转换到“float”，可能丢失数据
e:\新雕刻机\trunk\src\knifedll\knifeclass.cpp(2070): warning C4018: “<”: 有符号/无符号不匹配
e:\新雕刻机\trunk\src\knifedll\knifeclass.cpp(2119): warning C4244: “=”: 从“double”转换到“float”，可能丢失数据
e:\新雕刻机\trunk\src\knifedll\knifeclass.cpp(2121): warning C4244: “=”: 从“double”转换到“float”，可能丢失数据
e:\新雕刻机\trunk\src\knifedll\knifeclass.cpp(2165): warning C4244: “初始化”: 从“double”转换到“float”，可能丢失数据
e:\新雕刻机\trunk\src\knifedll\knifeclass.cpp(2166): warning C4244: “初始化”: 从“double”转换到“float”，可能丢失数据
e:\新雕刻机\trunk\src\knifedll\knifeclass.cpp(2192): warning C4244: “=”: 从“double”转换到“float”，可能丢失数据
e:\新雕刻机\trunk\src\knifedll\knifeclass.cpp(2193): warning C4244: “=”: 从“double”转换到“float”，可能丢失数据
e:\新雕刻机\trunk\src\knifedll\knifeclass.cpp(2194): warning C4244: “=”: 从“double”转换到“float”，可能丢失数据
e:\新雕刻机\trunk\src\knifedll\knifeclass.cpp(2195): warning C4244: “=”: 从“double”转换到“float”，可能丢失数据
e:\新雕刻机\trunk\src\knifedll\knifeclass.cpp(2206): warning C4244: “初始化”: 从“double”转换到“float”，可能丢失数据
e:\新雕刻机\trunk\src\knifedll\knifeclass.cpp(2247): warning C4244: “初始化”: 从“double”转换到“float”，可能丢失数据
e:\新雕刻机\trunk\src\knifedll\knifeclass.cpp(2288): warning C4244: “初始化”: 从“double”转换到“float”，可能丢失数据
e:\新雕刻机\trunk\src\knifedll\knifeclass.cpp(2313): warning C4244: “初始化”: 从“double”转换到“float”，可能丢失数据
e:\新雕刻机\trunk\src\knifedll\knifeclass.cpp(2368): warning C4244: “=”: 从“double”转换到“float”，可能丢失数据
e:\新雕刻机\trunk\src\knifedll\knifeclass.cpp(2370): warning C4244: “=”: 从“double”转换到“float”，可能丢失数据
e:\新雕刻机\trunk\src\knifedll\knifeclass.cpp(2414): warning C4244: “初始化”: 从“double”转换到“float”，可能丢失数据
e:\新雕刻机\trunk\src\knifedll\knifeclass.cpp(2415): warning C4244: “初始化”: 从“double”转换到“float”，可能丢失数据
e:\新雕刻机\trunk\src\knifedll\knifeclass.cpp(2442): warning C4244: “=”: 从“double”转换到“float”，可能丢失数据
e:\新雕刻机\trunk\src\knifedll\knifeclass.cpp(2444): warning C4244: “=”: 从“double”转换到“float”，可能丢失数据
e:\新雕刻机\trunk\src\knifedll\knifeclass.cpp(2455): warning C4244: “初始化”: 从“double”转换到“float”，可能丢失数据
e:\新雕刻机\trunk\src\knifedll\knifeclass.cpp(2496): warning C4244: “初始化”: 从“double”转换到“float”，可能丢失数据
e:\新雕刻机\trunk\src\knifedll\knifeclass.cpp(2537): warning C4244: “初始化”: 从“double”转换到“float”，可能丢失数据
e:\新雕刻机\trunk\src\knifedll\knifeclass.cpp(2562): warning C4244: “初始化”: 从“double”转换到“float”，可能丢失数据
e:\新雕刻机\trunk\src\knifedll\knifeclass.cpp(2688): warning C4018: “<”: 有符号/无符号不匹配
e:\新雕刻机\trunk\src\knifedll\knifeclass.cpp(2724): warning C4018: “<”: 有符号/无符号不匹配
e:\新雕刻机\trunk\src\knifedll\knifeclass.cpp(2733): warning C4244: “=”: 从“float”转换到“int”，可能丢失数据
e:\新雕刻机\trunk\src\knifedll\knifeclass.cpp(2734): warning C4244: “=”: 从“float”转换到“int”，可能丢失数据
e:\新雕刻机\trunk\src\knifedll\knifeclass.cpp(2735): warning C4244: “=”: 从“float”转换到“int”，可能丢失数据
e:\新雕刻机\trunk\src\knifedll\knifeclass.cpp(2736): warning C4244: “=”: 从“float”转换到“int”，可能丢失数据
e:\新雕刻机\trunk\src\knifedll\knifeclass.cpp(2753): warning C4018: “<”: 有符号/无符号不匹配
e:\新雕刻机\trunk\src\knifedll\knifeclass.cpp(2787): warning C4244: “=”: 从“double”转换到“float”，可能丢失数据
e:\新雕刻机\trunk\src\knifedll\knifeclass.cpp(2788): warning C4244: “=”: 从“double”转换到“float”，可能丢失数据
e:\新雕刻机\trunk\src\knifedll\knifeclass.cpp(2791): warning C4244: “=”: 从“double”转换到“float”，可能丢失数据
e:\新雕刻机\trunk\src\knifedll\knifeclass.cpp(2793): warning C4244: “=”: 从“double”转换到“float”，可能丢失数据
e:\新雕刻机\trunk\src\knifedll\knifeclass.cpp(3057): warning C4018: “<”: 有符号/无符号不匹配
e:\新雕刻机\trunk\src\knifedll\knifeclass.cpp(3085): warning C4018: “<”: 有符号/无符号不匹配
e:\新雕刻机\trunk\src\knifedll\knifeclass.cpp(1674): warning C4101: “chbegin_y2”: 未引用的局部变量
e:\新雕刻机\trunk\src\knifedll\knifeclass.cpp(1674): warning C4101: “chbegin_x1”: 未引用的局部变量
e:\新雕刻机\trunk\src\knifedll\knifeclass.cpp(1674): warning C4101: “chbegin_x2”: 未引用的局部变量
e:\新雕刻机\trunk\src\knifedll\knifeclass.cpp(1674): warning C4101: “chbegin_y1”: 未引用的局部变量
e:\新雕刻机\trunk\src\knifedll\knifeclass.cpp(2190): warning C4101: “schbegin_x”: 未引用的局部变量
e:\新雕刻机\trunk\src\knifedll\knifeclass.cpp(2190): warning C4101: “schbegin_y”: 未引用的局部变量
e:\新雕刻机\trunk\src\knifedll\knifeclass.cpp(2190): warning C4101: “schend_y”: 未引用的局部变量
e:\新雕刻机\trunk\src\knifedll\knifeclass.cpp(2190): warning C4101: “schend_x”: 未引用的局部变量
e:\新雕刻机\trunk\src\knifedll\knifeclass.cpp(2439): warning C4101: “schbegin_x”: 未引用的局部变量
e:\新雕刻机\trunk\src\knifedll\knifeclass.cpp(2439): warning C4101: “schbegin_y”: 未引用的局部变量
e:\新雕刻机\trunk\src\knifedll\knifeclass.cpp(2439): warning C4101: “schend_y”: 未引用的局部变量
e:\新雕刻机\trunk\src\knifedll\knifeclass.cpp(2439): warning C4101: “schend_x”: 未引用的局部变量
e:\新雕刻机\trunk\src\knifedll\knifeclass.cpp(2771): warning C4101: “chdefsrcy”: 未引用的局部变量
e:\新雕刻机\trunk\src\knifedll\knifeclass.cpp(2771): warning C4101: “chdefy”: 未引用的局部变量
e:\新雕刻机\trunk\src\knifedll\knifeclass.cpp(2771): warning C4101: “chdefsrcx”: 未引用的局部变量
e:\新雕刻机\trunk\src\knifedll\knifeclass.cpp(2771): warning C4101: “chdefx”: 未引用的局部变量
e:\新雕刻机\trunk\src\knifedll\knifeclass.cpp(3145): warning C4018: “<”: 有符号/无符号不匹配
e:\新雕刻机\trunk\src\knifedll\knifeclass.cpp(3152): warning C4018: “<”: 有符号/无符号不匹配
e:\新雕刻机\trunk\src\knifedll\knifeclass.cpp(3154): warning C4244: “=”: 从“double”转换到“float”，可能丢失数据
e:\新雕刻机\trunk\src\knifedll\knifeclass.cpp(3179): warning C4018: “<”: 有符号/无符号不匹配
e:\新雕刻机\trunk\src\knifedll\knifeclass.cpp(3266): warning C4018: “<”: 有符号/无符号不匹配
e:\新雕刻机\trunk\src\knifedll\knifeclass.cpp(3280): warning C4018: “<”: 有符号/无符号不匹配
e:\新雕刻机\trunk\src\knifedll\knifeclass.cpp(3316): warning C4018: “<”: 有符号/无符号不匹配
e:\新雕刻机\trunk\src\knifedll\knifeclass.cpp(3347): warning C4244: “=”: 从“const float”转换到“int”，可能丢失数据
e:\新雕刻机\trunk\src\knifedll\knifeclass.cpp(3348): warning C4244: “=”: 从“const float”转换到“int”，可能丢失数据
e:\新雕刻机\trunk\src\knifedll\knifeclass.cpp(3349): warning C4244: “=”: 从“const float”转换到“int”，可能丢失数据
e:\新雕刻机\trunk\src\knifedll\knifeclass.cpp(3350): warning C4244: “=”: 从“const float”转换到“int”，可能丢失数据
e:\新雕刻机\trunk\src\knifedll\knifeclass.cpp(3351): warning C4244: “=”: 从“const float”转换到“int”，可能丢失数据
e:\新雕刻机\trunk\src\knifedll\knifeclass.cpp(3367): warning C4018: “<”: 有符号/无符号不匹配
e:\新雕刻机\trunk\src\knifedll\knifeclass.cpp(3398): warning C4018: “<”: 有符号/无符号不匹配
e:\新雕刻机\trunk\src\knifedll\knifeclass.cpp(3403): warning C4018: “<”: 有符号/无符号不匹配
e:\新雕刻机\trunk\src\knifedll\knifeclass.cpp(3438): warning C4018: “<”: 有符号/无符号不匹配
e:\新雕刻机\trunk\src\knifedll\knifeclass.cpp(3552): warning C4018: “<”: 有符号/无符号不匹配
e:\新雕刻机\trunk\src\knifedll\knifeclass.cpp(3568): warning C4018: “<”: 有符号/无符号不匹配
e:\新雕刻机\trunk\src\knifedll\knifeclass.cpp(3596): warning C4805: “==”: 在操作中将类型“int”与类型“bool”混合不安全
e:\新雕刻机\trunk\src\knifedll\knifeclass.cpp(3636): warning C4018: “<”: 有符号/无符号不匹配
e:\新雕刻机\trunk\src\knifedll\knifeclass.cpp(3742): warning C4018: “<”: 有符号/无符号不匹配
e:\新雕刻机\trunk\src\knifedll\knifeclass.cpp(3780): warning C4244: “=”: 从“double”转换到“float”，可能丢失数据
e:\新雕刻机\trunk\src\knifedll\knifeclass.cpp(3786): warning C4018: “<”: 有符号/无符号不匹配
e:\新雕刻机\trunk\src\knifedll\knifeclass.cpp(3797): warning C4018: “<”: 有符号/无符号不匹配
e:\新雕刻机\trunk\src\knifedll\knifeclass.cpp(3799): warning C4018: “<”: 有符号/无符号不匹配
e:\新雕刻机\trunk\src\knifedll\knifeclass.cpp(3816): warning C4018: “<”: 有符号/无符号不匹配
e:\新雕刻机\trunk\src\knifedll\knifeclass.cpp(3824): warning C4018: “<”: 有符号/无符号不匹配
e:\新雕刻机\trunk\src\knifedll\knifeclass.cpp(3851): warning C4244: “=”: 从“double”转换到“float”，可能丢失数据
e:\新雕刻机\trunk\src\knifedll\knifeclass.cpp(3857): warning C4018: “<”: 有符号/无符号不匹配
e:\新雕刻机\trunk\src\knifedll\knifeclass.cpp(3866): warning C4018: “<”: 有符号/无符号不匹配
e:\新雕刻机\trunk\src\knifedll\knifeclass.cpp(3868): warning C4018: “<”: 有符号/无符号不匹配
e:\新雕刻机\trunk\src\knifedll\knifeclass.cpp(3887): warning C4018: “<”: 有符号/无符号不匹配
e:\新雕刻机\trunk\src\knifedll\knifeclass.cpp(3906): warning C4018: “<”: 有符号/无符号不匹配
e:\新雕刻机\trunk\src\knifedll\knifeclass.cpp(3922): warning C4018: “<”: 有符号/无符号不匹配
e:\新雕刻机\trunk\src\knifedll\knifeclass.cpp(3934): warning C4018: “<”: 有符号/无符号不匹配
e:\新雕刻机\trunk\src\knifedll\knifeclass.cpp(3956): warning C4018: “<”: 有符号/无符号不匹配
e:\新雕刻机\trunk\src\knifedll\knifeclass.cpp(4001): warning C4018: “<”: 有符号/无符号不匹配
e:\新雕刻机\trunk\src\knifedll\knifeclass.cpp(4021): warning C4244: “=”: 从“double”转换到“float”，可能丢失数据
e:\新雕刻机\trunk\src\knifedll\knifeclass.cpp(4025): warning C4244: “=”: 从“double”转换到“float”，可能丢失数据
e:\新雕刻机\trunk\src\knifedll\knifeclass.cpp(4143): warning C4018: “<”: 有符号/无符号不匹配
e:\新雕刻机\trunk\src\knifedll\knifeclass.cpp(4168): warning C4018: “<”: 有符号/无符号不匹配
e:\新雕刻机\trunk\src\knifedll\knifeclass.cpp(4204): warning C4018: “<”: 有符号/无符号不匹配
e:\新雕刻机\trunk\src\knifedll\knifeclass.cpp(4216): warning C4018: “<”: 有符号/无符号不匹配
e:\新雕刻机\trunk\src\knifedll\knifeclass.cpp(4248): warning C4018: “<”: 有符号/无符号不匹配
e:\新雕刻机\trunk\src\knifedll\knifeclass.cpp(4274): warning C4244: “=”: 从“float”转换到“int”，可能丢失数据
e:\新雕刻机\trunk\src\knifedll\knifeclass.cpp(4275): warning C4244: “=”: 从“float”转换到“int”，可能丢失数据
e:\新雕刻机\trunk\src\knifedll\knifeclass.cpp(4280): warning C4018: “<”: 有符号/无符号不匹配
e:\新雕刻机\trunk\src\knifedll\knifeclass.cpp(4304): warning C4018: “<”: 有符号/无符号不匹配
e:\新雕刻机\trunk\src\knifedll\knifeclass.cpp(4337): warning C4018: “<”: 有符号/无符号不匹配
e:\新雕刻机\trunk\src\knifedll\knifeclass.cpp(4362): warning C4244: “=”: 从“float”转换到“int”，可能丢失数据
e:\新雕刻机\trunk\src\knifedll\knifeclass.cpp(4363): warning C4244: “=”: 从“float”转换到“int”，可能丢失数据
e:\新雕刻机\trunk\src\knifedll\knifeclass.cpp(4367): warning C4018: “<”: 有符号/无符号不匹配
e:\新雕刻机\trunk\src\knifedll\knifeclass.cpp(4407): warning C4018: “<”: 有符号/无符号不匹配
e:\新雕刻机\trunk\src\knifedll\knifeclass.cpp(4419): warning C4018: “<”: 有符号/无符号不匹配
e:\新雕刻机\trunk\src\knifedll\knifeclass.cpp(4439): warning C4018: “<”: 有符号/无符号不匹配
e:\新雕刻机\trunk\src\knifedll\knifeclass.cpp(4462): warning C4018: “<”: 有符号/无符号不匹配
e:\新雕刻机\trunk\src\knifedll\knifeclass.cpp(4484): warning C4018: “<”: 有符号/无符号不匹配
e:\新雕刻机\trunk\src\knifedll\knifeclass.cpp(4498): warning C4018: “<”: 有符号/无符号不匹配
e:\新雕刻机\trunk\src\knifedll\knifeclass.cpp(4515): warning C4018: “<”: 有符号/无符号不匹配
e:\新雕刻机\trunk\src\knifedll\knifeclass.cpp(4519): warning C4018: “<”: 有符号/无符号不匹配
e:\新雕刻机\trunk\src\knifedll\knifeclass.cpp(4537): warning C4018: “<”: 有符号/无符号不匹配
e:\新雕刻机\trunk\src\knifedll\knifeclass.cpp(4543): warning C4018: “<”: 有符号/无符号不匹配
e:\新雕刻机\trunk\src\knifedll\knifeclass.cpp(4656): warning C4244: “参数”: 从“double”转换到“float”，可能丢失数据
e:\新雕刻机\trunk\src\knifedll\knifeclass.cpp(4659): warning C4244: “参数”: 从“double”转换到“float”，可能丢失数据
e:\新雕刻机\trunk\src\knifedll\knifeclass.cpp(4660): warning C4244: “参数”: 从“double”转换到“float”，可能丢失数据
e:\新雕刻机\trunk\src\knifedll\knifeclass.cpp(4663): warning C4244: “参数”: 从“double”转换到“float”，可能丢失数据
e:\新雕刻机\trunk\src\knifedll\knifeclass.cpp(4664): warning C4244: “参数”: 从“double”转换到“float”，可能丢失数据
e:\新雕刻机\trunk\src\knifedll\knifeclass.cpp(4666): warning C4244: “参数”: 从“double”转换到“float”，可能丢失数据
e:\新雕刻机\trunk\src\knifedll\knifeclass.cpp(4747): warning C4244: “参数”: 从“double”转换到“float”，可能丢失数据
e:\新雕刻机\trunk\src\knifedll\knifeclass.cpp(4750): warning C4244: “参数”: 从“double”转换到“float”，可能丢失数据
e:\新雕刻机\trunk\src\knifedll\knifeclass.cpp(4751): warning C4244: “参数”: 从“double”转换到“float”，可能丢失数据
e:\新雕刻机\trunk\src\knifedll\knifeclass.cpp(4754): warning C4244: “参数”: 从“double”转换到“float”，可能丢失数据
e:\新雕刻机\trunk\src\knifedll\knifeclass.cpp(4755): warning C4244: “参数”: 从“double”转换到“float”，可能丢失数据
e:\新雕刻机\trunk\src\knifedll\knifeclass.cpp(4757): warning C4244: “参数”: 从“double”转换到“float”，可能丢失数据
e:\新雕刻机\trunk\src\knifedll\knifeclass.cpp(4852): warning C4244: “参数”: 从“double”转换到“float”，可能丢失数据
e:\新雕刻机\trunk\src\knifedll\knifeclass.cpp(4855): warning C4244: “参数”: 从“double”转换到“float”，可能丢失数据
e:\新雕刻机\trunk\src\knifedll\knifeclass.cpp(4856): warning C4244: “参数”: 从“double”转换到“float”，可能丢失数据
e:\新雕刻机\trunk\src\knifedll\knifeclass.cpp(4859): warning C4244: “参数”: 从“double”转换到“float”，可能丢失数据
e:\新雕刻机\trunk\src\knifedll\knifeclass.cpp(4860): warning C4244: “参数”: 从“double”转换到“float”，可能丢失数据
e:\新雕刻机\trunk\src\knifedll\knifeclass.cpp(4862): warning C4244: “参数”: 从“double”转换到“float”，可能丢失数据
e:\新雕刻机\trunk\src\knifedll\knifeclass.cpp(4864): warning C4244: “参数”: 从“double”转换到“float”，可能丢失数据
e:\新雕刻机\trunk\src\knifedll\knifeclass.cpp(4867): warning C4244: “参数”: 从“double”转换到“float”，可能丢失数据
e:\新雕刻机\trunk\src\knifedll\knifeclass.cpp(4868): warning C4244: “参数”: 从“double”转换到“float”，可能丢失数据
e:\新雕刻机\trunk\src\knifedll\knifeclass.cpp(4871): warning C4244: “参数”: 从“double”转换到“float”，可能丢失数据
e:\新雕刻机\trunk\src\knifedll\knifeclass.cpp(4872): warning C4244: “参数”: 从“double”转换到“float”，可能丢失数据
e:\新雕刻机\trunk\src\knifedll\knifeclass.cpp(4874): warning C4244: “参数”: 从“double”转换到“float”，可能丢失数据
e:\新雕刻机\trunk\src\knifedll\knifeclass.cpp(5000): warning C4244: “初始化”: 从“double”转换到“float”，可能丢失数据
e:\新雕刻机\trunk\src\knifedll\knifeclass.cpp(5006): warning C4244: “=”: 从“double”转换到“float”，可能丢失数据
e:\新雕刻机\trunk\src\knifedll\knifeclass.cpp(5016): warning C4244: “=”: 从“double”转换到“float”，可能丢失数据
e:\新雕刻机\trunk\src\knifedll\knifeclass.cpp(5019): warning C4244: “=”: 从“double”转换到“float”，可能丢失数据
e:\新雕刻机\trunk\src\knifedll\knifeclass.cpp(5023): warning C4244: “=”: 从“double”转换到“float”，可能丢失数据
e:\新雕刻机\trunk\src\knifedll\knifeclass.cpp(5053): warning C4244: “参数”: 从“double”转换到“float”，可能丢失数据
e:\新雕刻机\trunk\src\knifedll\knifeclass.cpp(5055): warning C4244: “参数”: 从“double”转换到“float”，可能丢失数据
e:\新雕刻机\trunk\src\knifedll\knifeclass.cpp(5076): warning C4244: “参数”: 从“double”转换到“float”，可能丢失数据
e:\新雕刻机\trunk\src\knifedll\knifeclass.cpp(5077): warning C4244: “参数”: 从“double”转换到“float”，可能丢失数据
e:\新雕刻机\trunk\src\knifedll\knifeclass.cpp(5098): warning C4244: “参数”: 从“double”转换到“float”，可能丢失数据
e:\新雕刻机\trunk\src\knifedll\knifeclass.cpp(5100): warning C4244: “参数”: 从“double”转换到“float”，可能丢失数据
e:\新雕刻机\trunk\src\knifedll\knifeclass.cpp(5122): warning C4244: “参数”: 从“double”转换到“float”，可能丢失数据
e:\新雕刻机\trunk\src\knifedll\knifeclass.cpp(5123): warning C4244: “参数”: 从“double”转换到“float”，可能丢失数据
e:\新雕刻机\trunk\src\knifedll\knifeclass.cpp(5145): warning C4244: “参数”: 从“double”转换到“float”，可能丢失数据
e:\新雕刻机\trunk\src\knifedll\knifeclass.cpp(5166): warning C4244: “参数”: 从“double”转换到“float”，可能丢失数据
e:\新雕刻机\trunk\src\knifedll\knifeclass.cpp(5223): warning C4244: “=”: 从“double”转换到“float”，可能丢失数据
e:\新雕刻机\trunk\src\knifedll\knifeclass.cpp(5294): warning C4244: “参数”: 从“double”转换到“float”，可能丢失数据
e:\新雕刻机\trunk\src\knifedll\knifeclass.cpp(5319): warning C4244: “=”: 从“double”转换到“float”，可能丢失数据
e:\新雕刻机\trunk\src\knifedll\knifeclass.cpp(5322): warning C4244: “=”: 从“double”转换到“float”，可能丢失数据
e:\新雕刻机\trunk\src\knifedll\knifeclass.cpp(5326): warning C4244: “=”: 从“double”转换到“float”，可能丢失数据
e:\新雕刻机\trunk\src\knifedll\knifeclass.cpp(5354): warning C4244: “参数”: 从“double”转换到“float”，可能丢失数据
e:\新雕刻机\trunk\src\knifedll\knifeclass.cpp(5356): warning C4244: “参数”: 从“double”转换到“float”，可能丢失数据
e:\新雕刻机\trunk\src\knifedll\knifeclass.cpp(5376): warning C4244: “参数”: 从“double”转换到“float”，可能丢失数据
e:\新雕刻机\trunk\src\knifedll\knifeclass.cpp(5377): warning C4244: “参数”: 从“double”转换到“float”，可能丢失数据
e:\新雕刻机\trunk\src\knifedll\knifeclass.cpp(5396): warning C4244: “参数”: 从“double”转换到“float”，可能丢失数据
e:\新雕刻机\trunk\src\knifedll\knifeclass.cpp(5398): warning C4244: “参数”: 从“double”转换到“float”，可能丢失数据
e:\新雕刻机\trunk\src\knifedll\knifeclass.cpp(5418): warning C4244: “参数”: 从“double”转换到“float”，可能丢失数据
e:\新雕刻机\trunk\src\knifedll\knifeclass.cpp(5419): warning C4244: “参数”: 从“double”转换到“float”，可能丢失数据
e:\新雕刻机\trunk\src\knifedll\knifeclass.cpp(5463): warning C4244: “参数”: 从“double”转换到“float”，可能丢失数据
e:\新雕刻机\trunk\src\knifedll\knifeclass.cpp(5528): warning C4018: “<”: 有符号/无符号不匹配
e:\新雕刻机\trunk\src\knifedll\knifeclass.cpp(5587): warning C4244: “=”: 从“double”转换到“float”，可能丢失数据
e:\新雕刻机\trunk\src\knifedll\knifeclass.cpp(5589): warning C4244: “=”: 从“double”转换到“float”，可能丢失数据
e:\新雕刻机\trunk\src\knifedll\knifeclass.cpp(5640): warning C4244: “初始化”: 从“double”转换到“float”，可能丢失数据
e:\新雕刻机\trunk\src\knifedll\knifeclass.cpp(5641): warning C4244: “初始化”: 从“double”转换到“float”，可能丢失数据
e:\新雕刻机\trunk\src\knifedll\knifeclass.cpp(5680): warning C4244: “=”: 从“double”转换到“float”，可能丢失数据
e:\新雕刻机\trunk\src\knifedll\knifeclass.cpp(5681): warning C4244: “=”: 从“double”转换到“float”，可能丢失数据
e:\新雕刻机\trunk\src\knifedll\knifeclass.cpp(5682): warning C4244: “=”: 从“double”转换到“float”，可能丢失数据
e:\新雕刻机\trunk\src\knifedll\knifeclass.cpp(5683): warning C4244: “=”: 从“double”转换到“float”，可能丢失数据
e:\新雕刻机\trunk\src\knifedll\knifeclass.cpp(5700): warning C4244: “初始化”: 从“double”转换到“float”，可能丢失数据
e:\新雕刻机\trunk\src\knifedll\knifeclass.cpp(5740): warning C4244: “初始化”: 从“double”转换到“float”，可能丢失数据
e:\新雕刻机\trunk\src\knifedll\knifeclass.cpp(5789): warning C4244: “初始化”: 从“double”转换到“float”，可能丢失数据
e:\新雕刻机\trunk\src\knifedll\knifeclass.cpp(5826): warning C4244: “初始化”: 从“double”转换到“float”，可能丢失数据
e:\新雕刻机\trunk\src\knifedll\knifeclass.cpp(5906): warning C4244: “=”: 从“double”转换到“float”，可能丢失数据
e:\新雕刻机\trunk\src\knifedll\knifeclass.cpp(5908): warning C4244: “=”: 从“double”转换到“float”，可能丢失数据
e:\新雕刻机\trunk\src\knifedll\knifeclass.cpp(5956): warning C4244: “初始化”: 从“double”转换到“float”，可能丢失数据
e:\新雕刻机\trunk\src\knifedll\knifeclass.cpp(5957): warning C4244: “初始化”: 从“double”转换到“float”，可能丢失数据
e:\新雕刻机\trunk\src\knifedll\knifeclass.cpp(5996): warning C4244: “=”: 从“double”转换到“float”，可能丢失数据
e:\新雕刻机\trunk\src\knifedll\knifeclass.cpp(5998): warning C4244: “=”: 从“double”转换到“float”，可能丢失数据
e:\新雕刻机\trunk\src\knifedll\knifeclass.cpp(6015): warning C4244: “初始化”: 从“double”转换到“float”，可能丢失数据
e:\新雕刻机\trunk\src\knifedll\knifeclass.cpp(6069): warning C4244: “初始化”: 从“double”转换到“float”，可能丢失数据
e:\新雕刻机\trunk\src\knifedll\knifeclass.cpp(6124): warning C4244: “初始化”: 从“double”转换到“float”，可能丢失数据
e:\新雕刻机\trunk\src\knifedll\knifeclass.cpp(6160): warning C4244: “初始化”: 从“double”转换到“float”，可能丢失数据
e:\新雕刻机\trunk\src\knifedll\knifeclass.cpp(6313): warning C4018: “<”: 有符号/无符号不匹配
e:\新雕刻机\trunk\src\knifedll\knifeclass.cpp(6350): warning C4018: “<”: 有符号/无符号不匹配
e:\新雕刻机\trunk\src\knifedll\knifeclass.cpp(6380): warning C4244: “=”: 从“float”转换到“int”，可能丢失数据
e:\新雕刻机\trunk\src\knifedll\knifeclass.cpp(6393): warning C4018: “<”: 有符号/无符号不匹配
e:\新雕刻机\trunk\src\knifedll\knifeclass.cpp(6679): warning C4018: “<”: 有符号/无符号不匹配
e:\新雕刻机\trunk\src\knifedll\knifeclass.cpp(6690): warning C4244: “初始化”: 从“double”转换到“float”，可能丢失数据
e:\新雕刻机\trunk\src\knifedll\knifeclass.cpp(6696): warning C4244: “初始化”: 从“double”转换到“float”，可能丢失数据
e:\新雕刻机\trunk\src\knifedll\knifeclass.cpp(6753): warning C4018: “<”: 有符号/无符号不匹配
e:\新雕刻机\trunk\src\knifedll\knifeclass.cpp(6778): warning C4018: “<”: 有符号/无符号不匹配
e:\新雕刻机\trunk\src\knifedll\knifeclass.cpp(6794): warning C4018: “<”: 有符号/无符号不匹配
e:\新雕刻机\trunk\src\knifedll\knifeclass.cpp(6797): warning C4244: “初始化”: 从“double”转换到“float”，可能丢失数据
e:\新雕刻机\trunk\src\knifedll\knifeclass.cpp(6865): warning C4018: “<”: 有符号/无符号不匹配
e:\新雕刻机\trunk\src\knifedll\knifeclass.cpp(6889): warning C4018: “<”: 有符号/无符号不匹配
e:\新雕刻机\trunk\src\knifedll\knifeclass.cpp(6945): warning C4244: “=”: 从“int”转换到“float”，可能丢失数据
e:\新雕刻机\trunk\src\knifedll\knifeclass.cpp(6946): warning C4244: “参数”: 从“float”转换到“int”，可能丢失数据
e:\新雕刻机\trunk\src\knifedll\knifeclass.cpp(6949): warning C4244: “=”: 从“double”转换到“float”，可能丢失数据
e:\新雕刻机\trunk\src\knifedll\knifeclass.cpp(6950): warning C4244: “=”: 从“double”转换到“float”，可能丢失数据
e:\新雕刻机\trunk\src\knifedll\knifeclass.cpp(6997): warning C4244: “=”: 从“int”转换到“float”，可能丢失数据
e:\新雕刻机\trunk\src\knifedll\knifeclass.cpp(6998): warning C4244: “参数”: 从“float”转换到“int”，可能丢失数据
e:\新雕刻机\trunk\src\knifedll\knifeclass.cpp(7001): warning C4244: “=”: 从“double”转换到“float”，可能丢失数据
e:\新雕刻机\trunk\src\knifedll\knifeclass.cpp(7002): warning C4244: “=”: 从“double”转换到“float”，可能丢失数据
e:\新雕刻机\trunk\src\knifedll\knifeclass.cpp(7043): warning C4244: “参数”: 从“double”转换到“float”，可能丢失数据
e:\新雕刻机\trunk\src\knifedll\knifeclass.cpp(7098): warning C4244: “参数”: 从“double”转换到“float”，可能丢失数据
e:\新雕刻机\trunk\src\knifedll\knifeclass.cpp(7240): warning C4018: “<”: 有符号/无符号不匹配
e:\新雕刻机\trunk\src\knifedll\knifeclass.cpp(7251): warning C4244: “初始化”: 从“double”转换到“float”，可能丢失数据
e:\新雕刻机\trunk\src\knifedll\knifeclass.cpp(7257): warning C4244: “初始化”: 从“double”转换到“float”，可能丢失数据
e:\新雕刻机\trunk\src\knifedll\knifeclass.cpp(7303): warning C4018: “<”: 有符号/无符号不匹配
e:\新雕刻机\trunk\src\knifedll\knifeclass.cpp(7336): warning C4018: “<”: 有符号/无符号不匹配
e:\新雕刻机\trunk\src\knifedll\knifeclass.cpp(4996): warning C4101: “chbegin_y2”: 未引用的局部变量
e:\新雕刻机\trunk\src\knifedll\knifeclass.cpp(4996): warning C4101: “chbegin_x1”: 未引用的局部变量
e:\新雕刻机\trunk\src\knifedll\knifeclass.cpp(4996): warning C4101: “chbegin_x2”: 未引用的局部变量
e:\新雕刻机\trunk\src\knifedll\knifeclass.cpp(4996): warning C4101: “chbegin_y1”: 未引用的局部变量
e:\新雕刻机\trunk\src\knifedll\knifeclass.cpp(5678): warning C4101: “schbegin_x”: 未引用的局部变量
e:\新雕刻机\trunk\src\knifedll\knifeclass.cpp(5678): warning C4101: “schbegin_y”: 未引用的局部变量
e:\新雕刻机\trunk\src\knifedll\knifeclass.cpp(5678): warning C4101: “schend_y”: 未引用的局部变量
e:\新雕刻机\trunk\src\knifedll\knifeclass.cpp(5678): warning C4101: “schend_x”: 未引用的局部变量
e:\新雕刻机\trunk\src\knifedll\knifeclass.cpp(5993): warning C4101: “schbegin_x”: 未引用的局部变量
e:\新雕刻机\trunk\src\knifedll\knifeclass.cpp(5993): warning C4101: “schbegin_y”: 未引用的局部变量
e:\新雕刻机\trunk\src\knifedll\knifeclass.cpp(5993): warning C4101: “schend_y”: 未引用的局部变量
e:\新雕刻机\trunk\src\knifedll\knifeclass.cpp(5993): warning C4101: “schend_x”: 未引用的局部变量
e:\新雕刻机\trunk\src\knifedll\knifeclass.cpp(7713): warning C4018: “<”: 有符号/无符号不匹配
e:\新雕刻机\trunk\src\knifedll\knifeclass.cpp(7846): warning C4018: “<”: 有符号/无符号不匹配
e:\新雕刻机\trunk\src\knifedll\knifeclass.cpp(7857): warning C4018: “<”: 有符号/无符号不匹配
e:\新雕刻机\trunk\src\knifedll\knifeclass.cpp(7948): warning C4018: “<”: 有符号/无符号不匹配
e:\新雕刻机\trunk\src\knifedll\knifeclass.cpp(7980): warning C4244: “=”: 从“double”转换到“float”，可能丢失数据
e:\新雕刻机\trunk\src\knifedll\knifeclass.cpp(7982): warning C4244: “=”: 从“double”转换到“float”，可能丢失数据
e:\新雕刻机\trunk\src\knifedll\knifeclass.cpp(7983): warning C4244: “=”: 从“double”转换到“float”，可能丢失数据
e:\新雕刻机\trunk\src\knifedll\knifeclass.cpp(8058): warning C4018: “<”: 有符号/无符号不匹配
e:\新雕刻机\trunk\src\knifedll\knifeclass.cpp(8153): warning C4018: “<”: 有符号/无符号不匹配
e:\新雕刻机\trunk\src\knifedll\knifeclass.cpp(8157): warning C4018: “<”: 有符号/无符号不匹配
e:\新雕刻机\trunk\src\knifedll\knifeclass.cpp(8261): warning C4018: “<”: 有符号/无符号不匹配
e:\新雕刻机\trunk\src\knifedll\knifeclass.cpp(8271): warning C4018: “<”: 有符号/无符号不匹配
e:\新雕刻机\trunk\src\knifedll\knifeclass.cpp(8392): warning C4018: “<”: 有符号/无符号不匹配
e:\新雕刻机\trunk\src\knifedll\knifeclass.cpp(8402): warning C4018: “<”: 有符号/无符号不匹配
e:\新雕刻机\trunk\src\knifedll\knifeclass.cpp(8508): warning C4018: “<”: 有符号/无符号不匹配
e:\新雕刻机\trunk\src\knifedll\knifeclass.cpp(8528): warning C4018: “<”: 有符号/无符号不匹配
e:\新雕刻机\trunk\src\knifedll\knifeclass.cpp(8668): warning C4018: “<”: 有符号/无符号不匹配
e:\新雕刻机\trunk\src\knifedll\knifeclass.cpp(8692): warning C4018: “<”: 有符号/无符号不匹配
e:\新雕刻机\trunk\src\knifedll\knifeclass.cpp(8861): warning C4244: “=”: 从“double”转换到“float”，可能丢失数据
e:\新雕刻机\trunk\src\knifedll\knifeclass.cpp(8863): warning C4244: “=”: 从“double”转换到“float”，可能丢失数据
e:\新雕刻机\trunk\src\knifedll\knifeclass.cpp(8864): warning C4244: “=”: 从“double”转换到“float”，可能丢失数据
e:\新雕刻机\trunk\src\knifedll\knifeclass.cpp(8926): warning C4018: “<”: 有符号/无符号不匹配
e:\新雕刻机\trunk\src\knifedll\knifeclass.cpp(9037): warning C4018: “<”: 有符号/无符号不匹配
e:\新雕刻机\trunk\src\knifedll\knifeclass.cpp(9048): warning C4018: “<”: 有符号/无符号不匹配
e:\新雕刻机\trunk\src\knifedll\knifeclass.cpp(9142): warning C4018: “<”: 有符号/无符号不匹配
e:\新雕刻机\trunk\src\knifedll\knifeclass.cpp(9254): warning C4018: “<”: 有符号/无符号不匹配
e:\新雕刻机\trunk\src\knifedll\knifeclass.cpp(9273): warning C4018: “<”: 有符号/无符号不匹配
e:\新雕刻机\trunk\src\knifedll\knifeclass.cpp(9470): warning C4018: “<”: 有符号/无符号不匹配
e:\新雕刻机\trunk\src\knifedll\knifeclass.cpp(9492): warning C4018: “<”: 有符号/无符号不匹配
e:\新雕刻机\trunk\src\knifedll\knifeclass.cpp(9589): warning C4018: “<”: 有符号/无符号不匹配
e:\新雕刻机\trunk\src\knifedll\knifeclass.cpp(9608): warning C4018: “<”: 有符号/无符号不匹配
e:\新雕刻机\trunk\src\knifedll\knifeclass.cpp(9694): warning C4018: “<”: 有符号/无符号不匹配
e:\新雕刻机\trunk\src\knifedll\knifeclass.cpp(9703): warning C4018: “<”: 有符号/无符号不匹配
e:\新雕刻机\trunk\src\knifedll\knifeclass.cpp(9728): warning C4018: “<”: 有符号/无符号不匹配
e:\新雕刻机\trunk\src\knifedll\knifeclass.cpp(9756): warning C4018: “<”: 有符号/无符号不匹配
e:\新雕刻机\trunk\src\knifedll\knifeclass.cpp(9878): warning C4018: “<”: 有符号/无符号不匹配
e:\新雕刻机\trunk\src\knifedll\knifeclass.cpp(9934): warning C4305: “参数”: 从“double”到“float”截断
e:\新雕刻机\trunk\src\knifedll\knifeclass.cpp(9935): warning C4305: “参数”: 从“double”到“float”截断
e:\新雕刻机\trunk\src\knifedll\knifeclass.cpp(10125): warning C4305: “参数”: 从“double”到“float”截断
e:\新雕刻机\trunk\src\knifedll\knifeclass.cpp(10129): warning C4305: “参数”: 从“double”到“float”截断
e:\新雕刻机\trunk\src\knifedll\knifeclass.cpp(10136): warning C4305: “参数”: 从“double”到“float”截断
e:\新雕刻机\trunk\src\knifedll\knifeclass.cpp(10169): warning C4244: “初始化”: 从“double”转换到“float”，可能丢失数据
e:\新雕刻机\trunk\src\knifedll\knifeclass.cpp(10170): warning C4244: “初始化”: 从“double”转换到“float”，可能丢失数据
e:\新雕刻机\trunk\src\knifedll\knifeclass.cpp(10250): warning C4305: “参数”: 从“double”到“float”截断
e:\新雕刻机\trunk\src\knifedll\knifeclass.cpp(10354): warning C4305: “参数”: 从“double”到“float”截断
e:\新雕刻机\trunk\src\knifedll\knifeclass.cpp(10358): warning C4305: “参数”: 从“double”到“float”截断
e:\新雕刻机\trunk\src\knifedll\knifeclass.cpp(10365): warning C4305: “参数”: 从“double”到“float”截断
e:\新雕刻机\trunk\src\knifedll\knifeclass.cpp(10390): warning C4244: “初始化”: 从“double”转换到“float”，可能丢失数据
e:\新雕刻机\trunk\src\knifedll\knifeclass.cpp(10391): warning C4244: “初始化”: 从“double”转换到“float”，可能丢失数据
e:\新雕刻机\trunk\src\knifedll\knifeclass.cpp(10398): warning C4244: “初始化”: 从“double”转换到“float”，可能丢失数据
e:\新雕刻机\trunk\src\knifedll\knifeclass.cpp(10399): warning C4244: “初始化”: 从“double”转换到“float”，可能丢失数据
e:\新雕刻机\trunk\src\knifedll\knifeclass.cpp(10479): warning C4305: “参数”: 从“double”到“float”截断
e:\新雕刻机\trunk\src\knifedll\knifeclass.cpp(10488): warning C4244: “初始化”: 从“double”转换到“float”，可能丢失数据
e:\新雕刻机\trunk\src\knifedll\knifeclass.cpp(10489): warning C4244: “初始化”: 从“double”转换到“float”，可能丢失数据
e:\新雕刻机\trunk\src\knifedll\knifeclass.cpp(10588): warning C4305: “参数”: 从“double”到“float”截断
e:\新雕刻机\trunk\src\knifedll\knifeclass.cpp(10592): warning C4305: “参数”: 从“double”到“float”截断
e:\新雕刻机\trunk\src\knifedll\knifeclass.cpp(10599): warning C4305: “参数”: 从“double”到“float”截断
e:\新雕刻机\trunk\src\knifedll\knifeclass.cpp(10706): warning C4305: “参数”: 从“double”到“float”截断
e:\新雕刻机\trunk\src\knifedll\knifeclass.cpp(10831): warning C4305: “参数”: 从“double”到“float”截断
e:\新雕刻机\trunk\src\knifedll\knifeclass.cpp(10835): warning C4305: “参数”: 从“double”到“float”截断
e:\新雕刻机\trunk\src\knifedll\knifeclass.cpp(10842): warning C4305: “参数”: 从“double”到“float”截断
e:\新雕刻机\trunk\src\knifedll\knifeclass.cpp(10865): warning C4244: “初始化”: 从“double”转换到“float”，可能丢失数据
e:\新雕刻机\trunk\src\knifedll\knifeclass.cpp(10866): warning C4244: “初始化”: 从“double”转换到“float”，可能丢失数据
e:\新雕刻机\trunk\src\knifedll\knifeclass.cpp(10949): warning C4305: “参数”: 从“double”到“float”截断
e:\新雕刻机\trunk\src\knifedll\knifeclass.cpp(10972): warning C4244: “初始化”: 从“double”转换到“float”，可能丢失数据
e:\新雕刻机\trunk\src\knifedll\knifeclass.cpp(10973): warning C4244: “初始化”: 从“double”转换到“float”，可能丢失数据
e:\新雕刻机\trunk\src\knifedll\knifeclass.cpp(11055): warning C4101: “x_0”: 未引用的局部变量
e:\新雕刻机\trunk\src\knifedll\knifeclass.cpp(11055): warning C4101: “y_0”: 未引用的局部变量
e:\新雕刻机\trunk\src\knifedll\knifeclass.cpp(11067): warning C4101: “x_0”: 未引用的局部变量
e:\新雕刻机\trunk\src\knifedll\knifeclass.cpp(11067): warning C4101: “y_0”: 未引用的局部变量
e:\新雕刻机\trunk\src\knifedll\knifeclass.cpp(11276): warning C4244: “初始化”: 从“double”转换到“float”，可能丢失数据
e:\新雕刻机\trunk\src\knifedll\knifeclass.cpp(11278): warning C4244: “初始化”: 从“double”转换到“float”，可能丢失数据
e:\新雕刻机\trunk\src\knifedll\knifeclass.cpp(11282): warning C4244: “初始化”: 从“double”转换到“float”，可能丢失数据
e:\新雕刻机\trunk\src\knifedll\knifeclass.cpp(11284): warning C4244: “初始化”: 从“double”转换到“float”，可能丢失数据
e:\新雕刻机\trunk\src\knifedll\knifeclass.cpp(11313): warning C4244: “初始化”: 从“double”转换到“float”，可能丢失数据
e:\新雕刻机\trunk\src\knifedll\knifeclass.cpp(11336): warning C4244: “参数”: 从“double”转换到“float”，可能丢失数据
e:\新雕刻机\trunk\src\knifedll\knifeclass.cpp(11342): warning C4244: “参数”: 从“double”转换到“float”，可能丢失数据
e:\新雕刻机\trunk\src\knifedll\knifeclass.cpp(11350): warning C4244: “初始化”: 从“double”转换到“float”，可能丢失数据
e:\新雕刻机\trunk\src\knifedll\knifeclass.cpp(11356): warning C4244: “初始化”: 从“double”转换到“float”，可能丢失数据
e:\新雕刻机\trunk\src\knifedll\knifeclass.cpp(11403): warning C4018: “<”: 有符号/无符号不匹配
e:\新雕刻机\trunk\src\knifedll\knifeclass.cpp(11696): warning C4244: “初始化”: 从“double”转换到“float”，可能丢失数据
e:\新雕刻机\trunk\src\knifedll\knifeclass.cpp(11698): warning C4244: “初始化”: 从“double”转换到“float”，可能丢失数据
e:\新雕刻机\trunk\src\knifedll\knifeclass.cpp(11703): warning C4244: “初始化”: 从“double”转换到“float”，可能丢失数据
e:\新雕刻机\trunk\src\knifedll\knifeclass.cpp(11705): warning C4244: “初始化”: 从“double”转换到“float”，可能丢失数据
e:\新雕刻机\trunk\src\knifedll\knifeclass.cpp(11729): warning C4244: “初始化”: 从“double”转换到“float”，可能丢失数据
e:\新雕刻机\trunk\src\knifedll\knifeclass.cpp(11751): warning C4244: “=”: 从“double”转换到“float”，可能丢失数据
e:\新雕刻机\trunk\src\knifedll\knifeclass.cpp(11756): warning C4244: “=”: 从“double”转换到“float”，可能丢失数据
e:\新雕刻机\trunk\src\knifedll\knifeclass.cpp(11764): warning C4244: “初始化”: 从“double”转换到“float”，可能丢失数据
e:\新雕刻机\trunk\src\knifedll\knifeclass.cpp(11769): warning C4244: “初始化”: 从“double”转换到“float”，可能丢失数据
e:\新雕刻机\trunk\src\knifedll\knifeclass.cpp(11823): warning C4018: “<”: 有符号/无符号不匹配
e:\新雕刻机\trunk\src\knifedll\knifeclass.cpp(12076): warning C4018: “<”: 有符号/无符号不匹配
e:\新雕刻机\trunk\src\knifedll\knifeclass.cpp(12329): warning C4018: “<”: 有符号/无符号不匹配
e:\新雕刻机\trunk\src\knifedll\knifeclass.cpp(12352): warning C4305: “初始化”: 从“double”到“float”截断
e:\新雕刻机\trunk\src\knifedll\knifeclass.cpp(12355): warning C4018: “<”: 有符号/无符号不匹配
e:\新雕刻机\trunk\src\knifedll\knifeclass.cpp(12359): warning C4018: “<”: 有符号/无符号不匹配
e:\新雕刻机\trunk\src\knifedll\knifeclass.cpp(12370): warning C4244: “=”: 从“int”转换到“float”，可能丢失数据
e:\新雕刻机\trunk\src\knifedll\knifeclass.cpp(12384): warning C4018: “<”: 有符号/无符号不匹配
e:\新雕刻机\trunk\src\knifedll\knifeclass.cpp(12403): warning C4244: “参数”: 从“float”转换到“unsigned int”，可能丢失数据
e:\新雕刻机\trunk\src\knifedll\knifeclass.cpp(12404): warning C4244: “参数”: 从“float”转换到“unsigned int”，可能丢失数据
e:\新雕刻机\trunk\src\knifedll\knifeclass.cpp(12406): warning C4244: “初始化”: 从“float”转换到“int”，可能丢失数据
e:\新雕刻机\trunk\src\knifedll\knifeclass.cpp(12406): warning C4018: “<”: 有符号/无符号不匹配
e:\新雕刻机\trunk\src\knifedll\knifeclass.cpp(12419): warning C4018: “<”: 有符号/无符号不匹配
e:\新雕刻机\trunk\src\knifedll\knifeclass.cpp(12423): warning C4018: “<”: 有符号/无符号不匹配
e:\新雕刻机\trunk\src\knifedll\knifeclass.cpp(12427): warning C4018: “<”: 有符号/无符号不匹配
e:\新雕刻机\trunk\src\knifedll\knifeclass.cpp(12437): warning C4018: “<”: 有符号/无符号不匹配
e:\新雕刻机\trunk\src\knifedll\knifeclass.cpp(12446): warning C4018: “<”: 有符号/无符号不匹配
e:\新雕刻机\trunk\src\knifedll\knifeclass.cpp(12458): warning C4018: “<”: 有符号/无符号不匹配
e:\新雕刻机\trunk\src\knifedll\knifeclass.cpp(12467): warning C4018: “<”: 有符号/无符号不匹配
e:\新雕刻机\trunk\src\knifedll\knifeclass.cpp(12477): warning C4018: “<”: 有符号/无符号不匹配
e:\新雕刻机\trunk\src\knifedll\knifeclass.cpp(12500): warning C4018: “<”: 有符号/无符号不匹配
e:\新雕刻机\trunk\src\knifedll\knifeclass.cpp(12575): warning C4018: “<”: 有符号/无符号不匹配
e:\新雕刻机\trunk\src\knifedll\knifeclass.cpp(12592): warning C4018: “<”: 有符号/无符号不匹配
e:\新雕刻机\trunk\src\knifedll\knifeclass.cpp(12670): warning C4018: “<”: 有符号/无符号不匹配
e:\新雕刻机\trunk\src\knifedll\knifeclass.cpp(12772): warning C4018: “<”: 有符号/无符号不匹配
e:\新雕刻机\trunk\src\knifedll\knifeclass.cpp(12787): warning C4018: “<”: 有符号/无符号不匹配
e:\新雕刻机\trunk\src\knifedll\knifeclass.cpp(12840): warning C4244: “初始化”: 从“double”转换到“float”，可能丢失数据
e:\新雕刻机\trunk\src\knifedll\knifeclass.cpp(12847): warning C4018: “<”: 有符号/无符号不匹配
e:\新雕刻机\trunk\src\knifedll\knifeclass.cpp(12874): warning C4018: “<”: 有符号/无符号不匹配
e:\新雕刻机\trunk\src\knifedll\knifeclass.cpp(12896): warning C4018: “<”: 有符号/无符号不匹配
e:\新雕刻机\trunk\src\knifedll\knifeclass.cpp(12943): warning C4018: “<”: 有符号/无符号不匹配
e:\新雕刻机\trunk\src\knifedll\knifeclass.cpp(12898): warning C4101: “p3”: 未引用的局部变量
e:\新雕刻机\trunk\src\knifedll\knifeclass.cpp(13114): warning C4244: “初始化”: 从“muFloat_t”转换到“float”，可能丢失数据
e:\新雕刻机\trunk\src\knifedll\knifeclass.cpp(13182): warning C4018: “<”: 有符号/无符号不匹配
e:\新雕刻机\trunk\src\knifedll\knifeclass.cpp(13441): warning C4018: “<”: 有符号/无符号不匹配
KnifeClass.obj : warning LNK4075: 忽略“/EDITANDCONTINUE”(由于“/OPT:ICF”规范)
     正在创建库 E:\新雕刻机\trunk\src\../bin/KnifeDll.lib 和对象 E:\新雕刻机\trunk\src\../bin/KnifeDll.exp
  LINK : 已指定 /LTCG，但不需要生成代码；从链接命令行中移除 /LTCG 以提高链接器性能
  KnifeDll.vcxproj -> E:\新雕刻机\trunk\src\../bin/KnifeDll.dll
