E:\新雕刻机\TRUNK\BIN\KNIFEDLL.DLL
E:\新雕刻机\trunk\bin\KnifeDll.exp
E:\新雕刻机\trunk\bin\KnifeDll.lib
E:\新雕刻机\TRUNK\PDB\KNIFEDLL.PDB
E:\新雕刻机\trunk\src\../bin/KnifeDll.dll
E:\新雕刻机\trunk\src\KnifeDll\Release\cl.command.1.tlog
E:\新雕刻机\trunk\src\KnifeDll\Release\CL.read.1.tlog
E:\新雕刻机\trunk\src\KnifeDll\Release\CL.write.1.tlog
E:\新雕刻机\TRUNK\SRC\KNIFEDLL\RELEASE\KNIFECLASS.OBJ
E:\新雕刻机\TRUNK\SRC\KNIFEDLL\RELEASE\KNIFEDLL.DLL.INTERMEDIATE.MANIFEST
E:\新雕刻机\TRUNK\SRC\KNIFEDLL\RELEASE\KNIFEDLL.OBJ
E:\新雕刻机\TRUNK\SRC\KNIFEDLL\RELEASE\KNIFEDLL.PCH
E:\新雕刻机\TRUNK\SRC\KNIFEDLL\RELEASE\KNIFEDLL.RES
E:\新雕刻机\trunk\src\KnifeDll\Release\KnifeDll.vcxprojResolveAssemblyReference.cache
E:\新雕刻机\trunk\src\KnifeDll\Release\KnifeDll.write.1.tlog
E:\新雕刻机\trunk\src\KnifeDll\Release\link.command.1.tlog
E:\新雕刻机\trunk\src\KnifeDll\Release\link.read.1.tlog
E:\新雕刻机\trunk\src\KnifeDll\Release\link.write.1.tlog
E:\新雕刻机\trunk\src\KnifeDll\Release\link-cvtres.read.1.tlog
E:\新雕刻机\trunk\src\KnifeDll\Release\link-cvtres.write.1.tlog
E:\新雕刻机\trunk\src\KnifeDll\Release\mt.command.1.tlog
E:\新雕刻机\trunk\src\KnifeDll\Release\mt.read.1.tlog
E:\新雕刻机\trunk\src\KnifeDll\Release\mt.write.1.tlog
E:\新雕刻机\trunk\src\KnifeDll\Release\rc.command.1.tlog
E:\新雕刻机\trunk\src\KnifeDll\Release\rc.read.1.tlog
E:\新雕刻机\trunk\src\KnifeDll\Release\rc.write.1.tlog
E:\新雕刻机\TRUNK\SRC\KNIFEDLL\RELEASE\STDAFX.OBJ
E:\新雕刻机\trunk\src\KnifeDll\Release\vc100.idb
E:\新雕刻机\TRUNK\SRC\KNIFEDLL\RELEASE\VC100.PDB
