E:\新雕刻机\trunk\bin\Carving.exp
E:\新雕刻机\trunk\bin\Carving.lib
E:\新雕刻机\TRUNK\PDB\CARVING.PDB
E:\新雕刻机\TRUNK\SRC\CARVING\RELEASE\BMAINCODE.OBJ
E:\新雕刻机\TRUNK\SRC\CARVING\RELEASE\CARVING.EXE.INTERMEDIATE.MANIFEST
E:\新雕刻机\TRUNK\SRC\CARVING\RELEASE\CARVING.OBJ
E:\新雕刻机\TRUNK\SRC\CARVING\RELEASE\CARVING.PCH
E:\新雕刻机\TRUNK\SRC\CARVING\RELEASE\CARVING.RES
E:\新雕刻机\trunk\src\Carving\Release\Carving.vcxprojResolveAssemblyReference.cache
E:\新雕刻机\trunk\src\Carving\Release\Carving.write.1.tlog
E:\新雕刻机\TRUNK\SRC\CARVING\RELEASE\CARVINGDOC.OBJ
E:\新雕刻机\TRUNK\SRC\CARVING\RELEASE\CARVINGVIEW.OBJ
E:\新雕刻机\TRUNK\SRC\CARVING\RELEASE\CHILDFRM.OBJ
E:\新雕刻机\TRUNK\SRC\CARVING\RELEASE\CINIFILE.OBJ
E:\新雕刻机\trunk\src\Carving\Release\cl.command.1.tlog
E:\新雕刻机\trunk\src\Carving\Release\CL.read.1.tlog
E:\新雕刻机\trunk\src\Carving\Release\CL.write.1.tlog
E:\新雕刻机\TRUNK\SRC\CARVING\RELEASE\CLIENTREGISTERDLG.OBJ
E:\新雕刻机\TRUNK\SRC\CARVING\RELEASE\DATAPROCESS.OBJ
E:\新雕刻机\TRUNK\SRC\CARVING\RELEASE\DIALOGCHILDBASE.OBJ
E:\新雕刻机\TRUNK\SRC\CARVING\RELEASE\DIRSETDLG.OBJ
E:\新雕刻机\TRUNK\SRC\CARVING\RELEASE\DLGEXCELINPUTSETTING.OBJ
E:\新雕刻机\TRUNK\SRC\CARVING\RELEASE\DLGLABELPOSCALC.OBJ
E:\新雕刻机\TRUNK\SRC\CARVING\RELEASE\DLGREMAINDER.OBJ
E:\新雕刻机\TRUNK\SRC\CARVING\RELEASE\DLGREQUIREMENT.OBJ
E:\新雕刻机\TRUNK\SRC\CARVING\RELEASE\DLGREQUIREMENT_PRECOMBINE.OBJ
E:\新雕刻机\TRUNK\SRC\CARVING\RELEASE\DLGRESETMACHININGINFO.OBJ
E:\新雕刻机\TRUNK\SRC\CARVING\RELEASE\DLGRESULT.OBJ
E:\新雕刻机\TRUNK\SRC\CARVING\RELEASE\DLGSETMACHININGORDER.OBJ
E:\新雕刻机\TRUNK\SRC\CARVING\RELEASE\DLGSETREMINDER.OBJ
E:\新雕刻机\TRUNK\SRC\CARVING\RELEASE\DLGTOTALRESULT.OBJ
E:\新雕刻机\TRUNK\SRC\CARVING\RELEASE\DLGWEIXIN.OBJ
E:\新雕刻机\TRUNK\SRC\CARVING\RELEASE\DRAWING.OBJ
E:\新雕刻机\TRUNK\SRC\CARVING\RELEASE\ENCRYPTIONINTERFACE.OBJ
E:\新雕刻机\TRUNK\SRC\CARVING\RELEASE\HGTOOLS.OBJ
E:\新雕刻机\TRUNK\SRC\CARVING\RELEASE\IMAGELISTCTRL.OBJ
E:\新雕刻机\TRUNK\SRC\CARVING\RELEASE\INOUTDLG.OBJ
E:\新雕刻机\TRUNK\SRC\CARVING\RELEASE\KNIFEADDDLG.OBJ
E:\新雕刻机\TRUNK\SRC\CARVING\RELEASE\LEFTPANELDLG.OBJ
E:\新雕刻机\TRUNK\SRC\CARVING\RELEASE\LINGLIAODLG.OBJ
E:\新雕刻机\trunk\src\Carving\Release\link.command.1.tlog
E:\新雕刻机\TRUNK\SRC\CARVING\RELEASE\LINK.OBJ
E:\新雕刻机\trunk\src\Carving\Release\link.read.1.tlog
E:\新雕刻机\trunk\src\Carving\Release\link.write.1.tlog
E:\新雕刻机\trunk\src\Carving\Release\link-cvtres.read.1.tlog
E:\新雕刻机\trunk\src\Carving\Release\link-cvtres.write.1.tlog
E:\新雕刻机\TRUNK\SRC\CARVING\RELEASE\LISTBOXCLIPBOARD.OBJ
E:\新雕刻机\TRUNK\SRC\CARVING\RELEASE\LISTBOXPRECOMBINE.OBJ
E:\新雕刻机\TRUNK\SRC\CARVING\RELEASE\LISTCTRLMATERIAL.OBJ
E:\新雕刻机\TRUNK\SRC\CARVING\RELEASE\LISTREQUIREMENT.OBJ
E:\新雕刻机\TRUNK\SRC\CARVING\RELEASE\LISTTOTALRESULT.OBJ
E:\新雕刻机\TRUNK\SRC\CARVING\RELEASE\MACHINEDEF.OBJ
E:\新雕刻机\TRUNK\SRC\CARVING\RELEASE\MAINCODE.OBJ
E:\新雕刻机\TRUNK\SRC\CARVING\RELEASE\MAINFRM.OBJ
E:\新雕刻机\TRUNK\SRC\CARVING\RELEASE\MATRIALITEMEDITDLG.OBJ
E:\新雕刻机\TRUNK\SRC\CARVING\RELEASE\MATRIALITEMEEDIT_MATRIALDLG.OBJ
E:\新雕刻机\TRUNK\SRC\CARVING\RELEASE\MEMDC.OBJ
E:\新雕刻机\TRUNK\SRC\CARVING\RELEASE\MENU_EXCELSETTING.OBJ
E:\新雕刻机\TRUNK\SRC\CARVING\RELEASE\MISC.OBJ
E:\新雕刻机\trunk\src\Carving\Release\mt.command.1.tlog
E:\新雕刻机\trunk\src\Carving\Release\mt.read.1.tlog
E:\新雕刻机\trunk\src\Carving\Release\mt.write.1.tlog
E:\新雕刻机\TRUNK\SRC\CARVING\RELEASE\OPSETDLG.OBJ
E:\新雕刻机\TRUNK\SRC\CARVING\RELEASE\OPTIMIZEDLG.OBJ
E:\新雕刻机\TRUNK\SRC\CARVING\RELEASE\OTHERSHAPE.OBJ
E:\新雕刻机\TRUNK\SRC\CARVING\RELEASE\OTHERSHAPEHELPER.OBJ
E:\新雕刻机\TRUNK\SRC\CARVING\RELEASE\PANELPRINTDLG.OBJ
E:\新雕刻机\TRUNK\SRC\CARVING\RELEASE\PARAMDLG.OBJ
E:\新雕刻机\TRUNK\SRC\CARVING\RELEASE\PARAMSETTINGDLG.OBJ
E:\新雕刻机\TRUNK\SRC\CARVING\RELEASE\PNGBUTTON.OBJ
E:\新雕刻机\TRUNK\SRC\CARVING\RELEASE\PNGBUTTON_STRETCHABLE.OBJ
E:\新雕刻机\TRUNK\SRC\CARVING\RELEASE\PRINTCODEDLG.OBJ
E:\新雕刻机\TRUNK\SRC\CARVING\RELEASE\PRINTSETDLG.OBJ
E:\新雕刻机\TRUNK\SRC\CARVING\RELEASE\PRINTUSERSETDLG.OBJ
E:\新雕刻机\TRUNK\SRC\CARVING\RELEASE\PROGRAMMISC.OBJ
E:\新雕刻机\TRUNK\SRC\CARVING\RELEASE\PZCODE.OBJ
E:\新雕刻机\trunk\src\Carving\Release\rc.command.1.tlog
E:\新雕刻机\trunk\src\Carving\Release\rc.read.1.tlog
E:\新雕刻机\trunk\src\Carving\Release\rc.write.1.tlog
E:\新雕刻机\TRUNK\SRC\CARVING\RELEASE\RIBBONBARSELF.OBJ
E:\新雕刻机\TRUNK\SRC\CARVING\RELEASE\RIBBONBUTTONSELF.OBJ
E:\新雕刻机\TRUNK\SRC\CARVING\RELEASE\RIBBONCATEGORYSELF.OBJ
E:\新雕刻机\TRUNK\SRC\CARVING\RELEASE\SELECTPATHDLG.OBJ
E:\新雕刻机\TRUNK\SRC\CARVING\RELEASE\SELECTPRINTDLG.OBJ
E:\新雕刻机\TRUNK\SRC\CARVING\RELEASE\SELMACHINEDLG.OBJ
E:\新雕刻机\TRUNK\SRC\CARVING\RELEASE\SKINHEADERCTRL.OBJ
E:\新雕刻机\TRUNK\SRC\CARVING\RELEASE\SKINHEADERCTRL_EXCELSETING.OBJ
E:\新雕刻机\TRUNK\SRC\CARVING\RELEASE\SKINLISTCTRLBASE.OBJ
E:\新雕刻机\TRUNK\SRC\CARVING\RELEASE\SLOTTINGDLG.OBJ
E:\新雕刻机\TRUNK\SRC\CARVING\RELEASE\SPCODE.OBJ
E:\新雕刻机\TRUNK\SRC\CARVING\RELEASE\STDAFX.OBJ
E:\新雕刻机\TRUNK\SRC\CARVING\RELEASE\SYNTECPROCESS.OBJ
E:\新雕刻机\TRUNK\SRC\CARVING\RELEASE\TABBAR.OBJ
E:\新雕刻机\TRUNK\SRC\CARVING\RELEASE\THECHANGECODE.OBJ
E:\新雕刻机\TRUNK\SRC\CARVING\RELEASE\TIEBIAOEDGEDLG.OBJ
E:\新雕刻机\TRUNK\SRC\CARVING\RELEASE\UIDATA.OBJ
E:\新雕刻机\TRUNK\SRC\CARVING\RELEASE\UISETTINGDLG.OBJ
E:\新雕刻机\TRUNK\SRC\CARVING\RELEASE\UTF8TOMBCS.OBJ
E:\新雕刻机\TRUNK\SRC\CARVING\RELEASE\VC100.PDB
E:\新雕刻机\TRUNK\SRC\CARVING\RELEASE\VECOFFSET.OBJ
E:\新雕刻机\TRUNK\SRC\CARVING\RELEASE\VECSOLTCHANGEDLG.OBJ
E:\新雕刻机\TRUNK\SRC\CARVING\RELEASE\VECSOLTDLG.OBJ
E:\新雕刻机\TRUNK\SRC\CARVING\RELEASE\WORKDEF.OBJ
E:\新雕刻机\TRUNK\SRC\CARVING\RELEASE\XIAOFENGLABELPROCESS.OBJ
E:\新雕刻机\TRUNK\SRC\CARVING\RELEASE\XMLHANDLEPLUS.OBJ
E:\新雕刻机\TRUNK\SRC\CARVING\RELEASE\YHINFOTOOLS.OBJ
