E:\新雕刻机\TRUNK\BIN\FILEREADWRITED.DLL
E:\新雕刻机\TRUNK\BIN\FILEREADWRITED.ILK
E:\新雕刻机\trunk\lib\FileReadWrited.exp
E:\新雕刻机\trunk\lib\FileReadWrited.lib
E:\新雕刻机\TRUNK\PDB\FILEREADWRITEDD.PDB
E:\新雕刻机\trunk\src\../bin/FileReadWrited.dll
E:\新雕刻机\trunk\src\../bin/FileReadWrited.ilk
E:\新雕刻机\trunk\src\FileReadWrite\Debug\cl.command.1.tlog
E:\新雕刻机\trunk\src\FileReadWrite\Debug\CL.read.1.tlog
E:\新雕刻机\trunk\src\FileReadWrite\Debug\CL.write.1.tlog
E:\新雕刻机\TRUNK\SRC\FILEREADWRITE\DEBUG\CLIENTINFOREADWRITE.OBJ
E:\新雕刻机\TRUNK\SRC\FILEREADWRITE\DEBUG\DL_DXF.OBJ
E:\新雕刻机\TRUNK\SRC\FILEREADWRITE\DEBUG\DL_WRITER_ASCII.OBJ
E:\新雕刻机\TRUNK\SRC\FILEREADWRITE\DEBUG\DLLMAIN.OBJ
E:\新雕刻机\TRUNK\SRC\FILEREADWRITE\DEBUG\DXFREADWRITE.OBJ
E:\新雕刻机\TRUNK\SRC\FILEREADWRITE\DEBUG\ENCRYPTIONINTERFACE.OBJ
E:\新雕刻机\TRUNK\SRC\FILEREADWRITE\DEBUG\EXCELREADWRITE.OBJ
E:\新雕刻机\TRUNK\SRC\FILEREADWRITE\DEBUG\FILEREADWRITE.OBJ
E:\新雕刻机\TRUNK\SRC\FILEREADWRITE\DEBUG\FILEREADWRITE.RES
E:\新雕刻机\trunk\src\FileReadWrite\Debug\FileReadWrite.vcxprojResolveAssemblyReference.cache
E:\新雕刻机\trunk\src\FileReadWrite\Debug\FileReadWrite.write.1.tlog
E:\新雕刻机\TRUNK\SRC\FILEREADWRITE\DEBUG\FILEREADWRITED.DLL.EMBED.MANIFEST
E:\新雕刻机\TRUNK\SRC\FILEREADWRITE\DEBUG\FILEREADWRITED.DLL.EMBED.MANIFEST.RES
E:\新雕刻机\TRUNK\SRC\FILEREADWRITE\DEBUG\FILEREADWRITED.DLL.INTERMEDIATE.MANIFEST
E:\新雕刻机\TRUNK\SRC\FILEREADWRITE\DEBUG\FILEREADWRITED.PCH
E:\新雕刻机\trunk\src\FileReadWrite\Debug\FileReadWrited_manifest.rc
E:\新雕刻机\TRUNK\SRC\FILEREADWRITE\DEBUG\HARDWAREINFO.OBJ
E:\新雕刻机\TRUNK\SRC\FILEREADWRITE\DEBUG\HGCODE.OBJ
E:\新雕刻机\TRUNK\SRC\FILEREADWRITE\DEBUG\HGMREADWRITE.OBJ
E:\新雕刻机\TRUNK\SRC\FILEREADWRITE\DEBUG\HGTOOLS.OBJ
E:\新雕刻机\TRUNK\SRC\FILEREADWRITE\DEBUG\HGYREADWRITE.OBJ
E:\新雕刻机\trunk\src\FileReadWrite\Debug\link.10080.read.1.tlog
E:\新雕刻机\trunk\src\FileReadWrite\Debug\link.10080.write.1.tlog
E:\新雕刻机\trunk\src\FileReadWrite\Debug\link.10080-cvtres.read.1.tlog
E:\新雕刻机\trunk\src\FileReadWrite\Debug\link.10080-cvtres.write.1.tlog
E:\新雕刻机\trunk\src\FileReadWrite\Debug\link.10084.read.1.tlog
E:\新雕刻机\trunk\src\FileReadWrite\Debug\link.10084.write.1.tlog
E:\新雕刻机\trunk\src\FileReadWrite\Debug\link.10084-cvtres.read.1.tlog
E:\新雕刻机\trunk\src\FileReadWrite\Debug\link.10084-cvtres.write.1.tlog
E:\新雕刻机\trunk\src\FileReadWrite\Debug\link.10480.read.1.tlog
E:\新雕刻机\trunk\src\FileReadWrite\Debug\link.10480.write.1.tlog
E:\新雕刻机\trunk\src\FileReadWrite\Debug\link.10480-cvtres.read.1.tlog
E:\新雕刻机\trunk\src\FileReadWrite\Debug\link.10480-cvtres.write.1.tlog
E:\新雕刻机\trunk\src\FileReadWrite\Debug\link.10556.read.1.tlog
E:\新雕刻机\trunk\src\FileReadWrite\Debug\link.10556.write.1.tlog
E:\新雕刻机\trunk\src\FileReadWrite\Debug\link.10556-cvtres.read.1.tlog
E:\新雕刻机\trunk\src\FileReadWrite\Debug\link.10556-cvtres.write.1.tlog
E:\新雕刻机\trunk\src\FileReadWrite\Debug\link.10624.read.1.tlog
E:\新雕刻机\trunk\src\FileReadWrite\Debug\link.10624.write.1.tlog
E:\新雕刻机\trunk\src\FileReadWrite\Debug\link.10624-cvtres.read.1.tlog
E:\新雕刻机\trunk\src\FileReadWrite\Debug\link.10624-cvtres.write.1.tlog
E:\新雕刻机\trunk\src\FileReadWrite\Debug\link.11644.read.1.tlog
E:\新雕刻机\trunk\src\FileReadWrite\Debug\link.11644.write.1.tlog
E:\新雕刻机\trunk\src\FileReadWrite\Debug\link.11644-cvtres.read.1.tlog
E:\新雕刻机\trunk\src\FileReadWrite\Debug\link.11644-cvtres.write.1.tlog
E:\新雕刻机\trunk\src\FileReadWrite\Debug\link.12024.read.1.tlog
E:\新雕刻机\trunk\src\FileReadWrite\Debug\link.12024.write.1.tlog
E:\新雕刻机\trunk\src\FileReadWrite\Debug\link.12024-cvtres.read.1.tlog
E:\新雕刻机\trunk\src\FileReadWrite\Debug\link.12024-cvtres.write.1.tlog
E:\新雕刻机\trunk\src\FileReadWrite\Debug\link.14916.read.1.tlog
E:\新雕刻机\trunk\src\FileReadWrite\Debug\link.14916.write.1.tlog
E:\新雕刻机\trunk\src\FileReadWrite\Debug\link.14916-cvtres.read.1.tlog
E:\新雕刻机\trunk\src\FileReadWrite\Debug\link.14916-cvtres.write.1.tlog
E:\新雕刻机\trunk\src\FileReadWrite\Debug\link.14956.read.1.tlog
E:\新雕刻机\trunk\src\FileReadWrite\Debug\link.14956.write.1.tlog
E:\新雕刻机\trunk\src\FileReadWrite\Debug\link.14956-cvtres.read.1.tlog
E:\新雕刻机\trunk\src\FileReadWrite\Debug\link.14956-cvtres.write.1.tlog
E:\新雕刻机\trunk\src\FileReadWrite\Debug\link.14964.read.1.tlog
E:\新雕刻机\trunk\src\FileReadWrite\Debug\link.14964.write.1.tlog
E:\新雕刻机\trunk\src\FileReadWrite\Debug\link.14964-cvtres.read.1.tlog
E:\新雕刻机\trunk\src\FileReadWrite\Debug\link.14964-cvtres.write.1.tlog
E:\新雕刻机\trunk\src\FileReadWrite\Debug\link.15196.read.1.tlog
E:\新雕刻机\trunk\src\FileReadWrite\Debug\link.15196.write.1.tlog
E:\新雕刻机\trunk\src\FileReadWrite\Debug\link.15196-cvtres.read.1.tlog
E:\新雕刻机\trunk\src\FileReadWrite\Debug\link.15196-cvtres.write.1.tlog
E:\新雕刻机\trunk\src\FileReadWrite\Debug\link.16052.read.1.tlog
E:\新雕刻机\trunk\src\FileReadWrite\Debug\link.16052.write.1.tlog
E:\新雕刻机\trunk\src\FileReadWrite\Debug\link.16052-cvtres.read.1.tlog
E:\新雕刻机\trunk\src\FileReadWrite\Debug\link.16052-cvtres.write.1.tlog
E:\新雕刻机\trunk\src\FileReadWrite\Debug\link.16180.read.1.tlog
E:\新雕刻机\trunk\src\FileReadWrite\Debug\link.16180.write.1.tlog
E:\新雕刻机\trunk\src\FileReadWrite\Debug\link.16180-cvtres.read.1.tlog
E:\新雕刻机\trunk\src\FileReadWrite\Debug\link.16180-cvtres.write.1.tlog
E:\新雕刻机\trunk\src\FileReadWrite\Debug\link.17212.read.1.tlog
E:\新雕刻机\trunk\src\FileReadWrite\Debug\link.17212.write.1.tlog
E:\新雕刻机\trunk\src\FileReadWrite\Debug\link.17212-cvtres.read.1.tlog
E:\新雕刻机\trunk\src\FileReadWrite\Debug\link.17212-cvtres.write.1.tlog
E:\新雕刻机\trunk\src\FileReadWrite\Debug\link.17476.read.1.tlog
E:\新雕刻机\trunk\src\FileReadWrite\Debug\link.17476.write.1.tlog
E:\新雕刻机\trunk\src\FileReadWrite\Debug\link.17476-cvtres.read.1.tlog
E:\新雕刻机\trunk\src\FileReadWrite\Debug\link.17476-cvtres.write.1.tlog
E:\新雕刻机\trunk\src\FileReadWrite\Debug\link.1872.read.1.tlog
E:\新雕刻机\trunk\src\FileReadWrite\Debug\link.1872.write.1.tlog
E:\新雕刻机\trunk\src\FileReadWrite\Debug\link.1872-cvtres.read.1.tlog
E:\新雕刻机\trunk\src\FileReadWrite\Debug\link.1872-cvtres.write.1.tlog
E:\新雕刻机\trunk\src\FileReadWrite\Debug\link.22252.read.1.tlog
E:\新雕刻机\trunk\src\FileReadWrite\Debug\link.22252.write.1.tlog
E:\新雕刻机\trunk\src\FileReadWrite\Debug\link.22252-cvtres.read.1.tlog
E:\新雕刻机\trunk\src\FileReadWrite\Debug\link.22252-cvtres.write.1.tlog
E:\新雕刻机\trunk\src\FileReadWrite\Debug\link.5124.read.1.tlog
E:\新雕刻机\trunk\src\FileReadWrite\Debug\link.5124.write.1.tlog
E:\新雕刻机\trunk\src\FileReadWrite\Debug\link.5124-cvtres.read.1.tlog
E:\新雕刻机\trunk\src\FileReadWrite\Debug\link.5124-cvtres.write.1.tlog
E:\新雕刻机\trunk\src\FileReadWrite\Debug\link.8332.read.1.tlog
E:\新雕刻机\trunk\src\FileReadWrite\Debug\link.8332.write.1.tlog
E:\新雕刻机\trunk\src\FileReadWrite\Debug\link.8332-cvtres.read.1.tlog
E:\新雕刻机\trunk\src\FileReadWrite\Debug\link.8332-cvtres.write.1.tlog
E:\新雕刻机\trunk\src\FileReadWrite\Debug\link.8736.read.1.tlog
E:\新雕刻机\trunk\src\FileReadWrite\Debug\link.8736.write.1.tlog
E:\新雕刻机\trunk\src\FileReadWrite\Debug\link.8736-cvtres.read.1.tlog
E:\新雕刻机\trunk\src\FileReadWrite\Debug\link.8736-cvtres.write.1.tlog
E:\新雕刻机\trunk\src\FileReadWrite\Debug\link.9372.read.1.tlog
E:\新雕刻机\trunk\src\FileReadWrite\Debug\link.9372.write.1.tlog
E:\新雕刻机\trunk\src\FileReadWrite\Debug\link.9372-cvtres.read.1.tlog
E:\新雕刻机\trunk\src\FileReadWrite\Debug\link.9372-cvtres.write.1.tlog
E:\新雕刻机\trunk\src\FileReadWrite\Debug\link.9828.read.1.tlog
E:\新雕刻机\trunk\src\FileReadWrite\Debug\link.9828.write.1.tlog
E:\新雕刻机\trunk\src\FileReadWrite\Debug\link.9828-cvtres.read.1.tlog
E:\新雕刻机\trunk\src\FileReadWrite\Debug\link.9828-cvtres.write.1.tlog
E:\新雕刻机\trunk\src\FileReadWrite\Debug\link.command.1.tlog
E:\新雕刻机\trunk\src\FileReadWrite\Debug\link.read.1.tlog
E:\新雕刻机\trunk\src\FileReadWrite\Debug\link.write.1.tlog
E:\新雕刻机\trunk\src\FileReadWrite\Debug\link-cvtres.read.1.tlog
E:\新雕刻机\trunk\src\FileReadWrite\Debug\link-cvtres.write.1.tlog
E:\新雕刻机\TRUNK\SRC\FILEREADWRITE\DEBUG\MARKUP.OBJ
E:\新雕刻机\TRUNK\SRC\FILEREADWRITE\DEBUG\MISC.OBJ
E:\新雕刻机\trunk\src\FileReadWrite\Debug\mt.command.1.tlog
E:\新雕刻机\trunk\src\FileReadWrite\Debug\mt.read.1.tlog
E:\新雕刻机\trunk\src\FileReadWrite\Debug\mt.write.1.tlog
E:\新雕刻机\TRUNK\SRC\FILEREADWRITE\DEBUG\OTHERSHAPEHELPER.OBJ
E:\新雕刻机\TRUNK\SRC\FILEREADWRITE\DEBUG\PROGRAMMISC.OBJ
E:\新雕刻机\trunk\src\FileReadWrite\Debug\rc.command.1.tlog
E:\新雕刻机\trunk\src\FileReadWrite\Debug\rc.read.1.tlog
E:\新雕刻机\trunk\src\FileReadWrite\Debug\rc.write.1.tlog
E:\新雕刻机\TRUNK\SRC\FILEREADWRITE\DEBUG\STDAFX.OBJ
E:\新雕刻机\TRUNK\SRC\FILEREADWRITE\DEBUG\TEST_CREATIONCLASS.OBJ
E:\新雕刻机\trunk\src\FileReadWrite\Debug\vc100.idb
E:\新雕刻机\TRUNK\SRC\FILEREADWRITE\DEBUG\VC100.PDB
E:\新雕刻机\TRUNK\SRC\FILEREADWRITE\DEBUG\XMLHANDLEPLUS.OBJ
E:\新雕刻机\TRUNK\SRC\FILEREADWRITE\DEBUG\YHINFOTOOLS.OBJ
