E:\新雕刻机\TRUNK\BIN\FILEREADWRITE.DLL
E:\新雕刻机\trunk\lib\FileReadWrite.exp
E:\新雕刻机\trunk\lib\FileReadWrite.lib
E:\新雕刻机\TRUNK\PDB\FILEREADWRITE.PDB
E:\新雕刻机\trunk\src\../bin/FileReadWrite.dll
E:\新雕刻机\trunk\src\FileReadWrite\Release\cl.command.1.tlog
E:\新雕刻机\trunk\src\FileReadWrite\Release\CL.read.1.tlog
E:\新雕刻机\trunk\src\FileReadWrite\Release\CL.write.1.tlog
E:\新雕刻机\TRUNK\SRC\FILEREADWRITE\RELEASE\CLIENTINFOREADWRITE.OBJ
E:\新雕刻机\TRUNK\SRC\FILEREADWRITE\RELEASE\DL_DXF.OBJ
E:\新雕刻机\TRUNK\SRC\FILEREADWRITE\RELEASE\DL_WRITER_ASCII.OBJ
E:\新雕刻机\TRUNK\SRC\FILEREADWRITE\RELEASE\DLLMAIN.OBJ
E:\新雕刻机\TRUNK\SRC\FILEREADWRITE\RELEASE\DXFREADWRITE.OBJ
E:\新雕刻机\TRUNK\SRC\FILEREADWRITE\RELEASE\ENCRYPTIONINTERFACE.OBJ
E:\新雕刻机\TRUNK\SRC\FILEREADWRITE\RELEASE\EXCELREADWRITE.OBJ
E:\新雕刻机\TRUNK\SRC\FILEREADWRITE\RELEASE\FILEREADWRITE.DLL.INTERMEDIATE.MANIFEST
E:\新雕刻机\TRUNK\SRC\FILEREADWRITE\RELEASE\FILEREADWRITE.OBJ
E:\新雕刻机\TRUNK\SRC\FILEREADWRITE\RELEASE\FILEREADWRITE.PCH
E:\新雕刻机\TRUNK\SRC\FILEREADWRITE\RELEASE\FILEREADWRITE.RES
E:\新雕刻机\trunk\src\FileReadWrite\Release\FileReadWrite.write.1.tlog
E:\新雕刻机\TRUNK\SRC\FILEREADWRITE\RELEASE\HARDWAREINFO.OBJ
E:\新雕刻机\TRUNK\SRC\FILEREADWRITE\RELEASE\HGCODE.OBJ
E:\新雕刻机\TRUNK\SRC\FILEREADWRITE\RELEASE\HGMREADWRITE.OBJ
E:\新雕刻机\TRUNK\SRC\FILEREADWRITE\RELEASE\HGTOOLS.OBJ
E:\新雕刻机\TRUNK\SRC\FILEREADWRITE\RELEASE\HGYREADWRITE.OBJ
E:\新雕刻机\trunk\src\FileReadWrite\Release\link.command.1.tlog
E:\新雕刻机\trunk\src\FileReadWrite\Release\link.read.1.tlog
E:\新雕刻机\trunk\src\FileReadWrite\Release\link.write.1.tlog
E:\新雕刻机\trunk\src\FileReadWrite\Release\link-cvtres.read.1.tlog
E:\新雕刻机\trunk\src\FileReadWrite\Release\link-cvtres.write.1.tlog
E:\新雕刻机\TRUNK\SRC\FILEREADWRITE\RELEASE\MARKUP.OBJ
E:\新雕刻机\TRUNK\SRC\FILEREADWRITE\RELEASE\MISC.OBJ
E:\新雕刻机\trunk\src\FileReadWrite\Release\mt.command.1.tlog
E:\新雕刻机\trunk\src\FileReadWrite\Release\mt.read.1.tlog
E:\新雕刻机\trunk\src\FileReadWrite\Release\mt.write.1.tlog
E:\新雕刻机\TRUNK\SRC\FILEREADWRITE\RELEASE\OTHERSHAPEHELPER.OBJ
E:\新雕刻机\TRUNK\SRC\FILEREADWRITE\RELEASE\PROGRAMMISC.OBJ
E:\新雕刻机\trunk\src\FileReadWrite\Release\rc.command.1.tlog
E:\新雕刻机\trunk\src\FileReadWrite\Release\rc.read.1.tlog
E:\新雕刻机\trunk\src\FileReadWrite\Release\rc.write.1.tlog
E:\新雕刻机\TRUNK\SRC\FILEREADWRITE\RELEASE\STDAFX.OBJ
E:\新雕刻机\TRUNK\SRC\FILEREADWRITE\RELEASE\TEST_CREATIONCLASS.OBJ
E:\新雕刻机\TRUNK\SRC\FILEREADWRITE\RELEASE\VC100.PDB
E:\新雕刻机\TRUNK\SRC\FILEREADWRITE\RELEASE\XMLHANDLEPLUS.OBJ
E:\新雕刻机\TRUNK\SRC\FILEREADWRITE\RELEASE\YHINFOTOOLS.OBJ
