E:\新雕刻机\TRUNK\BIN\ABNORMALSHAPEMANAGER.DLL
E:\新雕刻机\trunk\lib\AbnormalShapeManager.exp
E:\新雕刻机\trunk\lib\AbnormalShapeManager.lib
E:\新雕刻机\TRUNK\PDB\ABNORMALSHAPEMANAGER.PDB
E:\新雕刻机\trunk\src\../bin/AbnormalShapeManager.dll
E:\新雕刻机\TRUNK\SRC\ABNORMALSHAPEMANAGER\RELEASE\ABNORMALSHAPEMANAGER.DLL.INTERMEDIATE.MANIFEST
E:\新雕刻机\TRUNK\SRC\ABNORMALSHAPEMANAGER\RELEASE\ABNORMALSHAPEMANAGER.PCH
E:\新雕刻机\trunk\src\AbnormalShapeManager\Release\AbnormalShapeManager.write.1.tlog
E:\新雕刻机\TRUNK\SRC\ABNORMALSHAPEMANAGER\RELEASE\ABT.OBJ
E:\新雕刻机\TRUNK\SRC\ABNORMALSHAPEMANAGER\RELEASE\ABT.RES
E:\新雕刻机\TRUNK\SRC\ABNORMALSHAPEMANAGER\RELEASE\ABTDIALOG.OBJ
E:\新雕刻机\TRUNK\SRC\ABNORMALSHAPEMANAGER\RELEASE\ABTOOLS.OBJ
E:\新雕刻机\TRUNK\SRC\ABNORMALSHAPEMANAGER\RELEASE\ARC.OBJ
E:\新雕刻机\TRUNK\SRC\ABNORMALSHAPEMANAGER\RELEASE\CIRCLE.OBJ
E:\新雕刻机\trunk\src\AbnormalShapeManager\Release\cl.command.1.tlog
E:\新雕刻机\trunk\src\AbnormalShapeManager\Release\CL.read.1.tlog
E:\新雕刻机\trunk\src\AbnormalShapeManager\Release\CL.write.1.tlog
E:\新雕刻机\TRUNK\SRC\ABNORMALSHAPEMANAGER\RELEASE\COMPLEX.OBJ
E:\新雕刻机\TRUNK\SRC\ABNORMALSHAPEMANAGER\RELEASE\CSINGLETON.OBJ
E:\新雕刻机\TRUNK\SRC\ABNORMALSHAPEMANAGER\RELEASE\DLLMAIN.OBJ
E:\新雕刻机\TRUNK\SRC\ABNORMALSHAPEMANAGER\RELEASE\DXFFILE.OBJ
E:\新雕刻机\TRUNK\SRC\ABNORMALSHAPEMANAGER\RELEASE\FIGURE.OBJ
E:\新雕刻机\TRUNK\SRC\ABNORMALSHAPEMANAGER\RELEASE\FPOINT.OBJ
E:\新雕刻机\TRUNK\SRC\ABNORMALSHAPEMANAGER\RELEASE\GENERALINTERFACE.OBJ
E:\新雕刻机\TRUNK\SRC\ABNORMALSHAPEMANAGER\RELEASE\LAYER.OBJ
E:\新雕刻机\trunk\src\AbnormalShapeManager\Release\link.command.1.tlog
E:\新雕刻机\trunk\src\AbnormalShapeManager\Release\link.read.1.tlog
E:\新雕刻机\trunk\src\AbnormalShapeManager\Release\link.write.1.tlog
E:\新雕刻机\trunk\src\AbnormalShapeManager\Release\link-cvtres.read.1.tlog
E:\新雕刻机\trunk\src\AbnormalShapeManager\Release\link-cvtres.write.1.tlog
E:\新雕刻机\trunk\src\AbnormalShapeManager\Release\mt.command.1.tlog
E:\新雕刻机\trunk\src\AbnormalShapeManager\Release\mt.read.1.tlog
E:\新雕刻机\trunk\src\AbnormalShapeManager\Release\mt.write.1.tlog
E:\新雕刻机\TRUNK\SRC\ABNORMALSHAPEMANAGER\RELEASE\PARALLELDIALOG.OBJ
E:\新雕刻机\TRUNK\SRC\ABNORMALSHAPEMANAGER\RELEASE\POLYLINE.OBJ
E:\新雕刻机\trunk\src\AbnormalShapeManager\Release\rc.command.1.tlog
E:\新雕刻机\trunk\src\AbnormalShapeManager\Release\rc.read.1.tlog
E:\新雕刻机\trunk\src\AbnormalShapeManager\Release\rc.write.1.tlog
E:\新雕刻机\TRUNK\SRC\ABNORMALSHAPEMANAGER\RELEASE\SHAPEPOINT.OBJ
E:\新雕刻机\TRUNK\SRC\ABNORMALSHAPEMANAGER\RELEASE\STDAFX.OBJ
E:\新雕刻机\TRUNK\SRC\ABNORMALSHAPEMANAGER\RELEASE\VC100.PDB
