E:\新雕刻机\TRUNK\BIN\KNIFEDLLD.DLL
E:\新雕刻机\trunk\bin\KnifeDlld.exp
E:\新雕刻机\TRUNK\BIN\KNIFEDLLD.ILK
E:\新雕刻机\trunk\bin\KnifeDlld.lib
E:\新雕刻机\TRUNK\PDB\KNIFEDLLDD.PDB
E:\新雕刻机\TRUNK\SRC\KNIFEDLL\DEBUG\KNIFECLASS.OBJ
E:\新雕刻机\TRUNK\SRC\KNIFEDLL\DEBUG\KNIFEDLL.OBJ
E:\新雕刻机\TRUNK\SRC\KNIFEDLL\DEBUG\KNIFEDLL.RES
E:\新雕刻机\TRUNK\SRC\KNIFEDLL\DEBUG\KNIFEDLLD.DLL.EMBED.MANIFEST
E:\新雕刻机\TRUNK\SRC\KNIFEDLL\DEBUG\KNIFEDLLD.DLL.EMBED.MANIFEST.RES
E:\新雕刻机\TRUNK\SRC\KNIFEDLL\DEBUG\KNIFEDLLD.DLL.INTERMEDIATE.MANIFEST
E:\新雕刻机\TRUNK\SRC\KNIFEDLL\DEBUG\KNIFEDLLD.PCH
E:\新雕刻机\TRUNK\SRC\KNIFEDLL\DEBUG\STDAFX.OBJ
E:\新雕刻机\TRUNK\SRC\KNIFEDLL\DEBUG\VC100.PDB
E:\袁梓埠个人文件夹\代码\HELLO-WORLD\TRUNK\BIN\KNIFEDLLD.DLL
E:\袁梓埠个人文件夹\代码\hello-world\trunk\bin\KnifeDlld.exp
E:\袁梓埠个人文件夹\代码\HELLO-WORLD\TRUNK\BIN\KNIFEDLLD.ILK
E:\袁梓埠个人文件夹\代码\hello-world\trunk\bin\KnifeDlld.lib
E:\袁梓埠个人文件夹\代码\HELLO-WORLD\TRUNK\PDB\KNIFEDLLDD.PDB
E:\袁梓埠个人文件夹\代码\hello-world\trunk\src\../bin/KnifeDlld.dll
E:\袁梓埠个人文件夹\代码\hello-world\trunk\src\../bin/KnifeDlld.ilk
E:\袁梓埠个人文件夹\代码\hello-world\trunk\src\KnifeDll\Debug\cl.command.1.tlog
E:\袁梓埠个人文件夹\代码\hello-world\trunk\src\KnifeDll\Debug\CL.read.1.tlog
E:\袁梓埠个人文件夹\代码\hello-world\trunk\src\KnifeDll\Debug\CL.write.1.tlog
E:\袁梓埠个人文件夹\代码\HELLO-WORLD\TRUNK\SRC\KNIFEDLL\DEBUG\KNIFECLASS.OBJ
E:\袁梓埠个人文件夹\代码\HELLO-WORLD\TRUNK\SRC\KNIFEDLL\DEBUG\KNIFEDLL.OBJ
E:\袁梓埠个人文件夹\代码\HELLO-WORLD\TRUNK\SRC\KNIFEDLL\DEBUG\KNIFEDLL.RES
E:\袁梓埠个人文件夹\代码\hello-world\trunk\src\KnifeDll\Debug\KnifeDll.vcxprojResolveAssemblyReference.cache
E:\袁梓埠个人文件夹\代码\hello-world\trunk\src\KnifeDll\Debug\KnifeDll.write.1.tlog
E:\袁梓埠个人文件夹\代码\hello-world\trunk\src\KnifeDll\Debug\KnifeDlld.dll.embed.manifest
E:\袁梓埠个人文件夹\代码\HELLO-WORLD\TRUNK\SRC\KNIFEDLL\DEBUG\KNIFEDLLD.DLL.EMBED.MANIFEST.RES
E:\袁梓埠个人文件夹\代码\HELLO-WORLD\TRUNK\SRC\KNIFEDLL\DEBUG\KNIFEDLLD.DLL.INTERMEDIATE.MANIFEST
E:\袁梓埠个人文件夹\代码\HELLO-WORLD\TRUNK\SRC\KNIFEDLL\DEBUG\KNIFEDLLD.PCH
E:\袁梓埠个人文件夹\代码\hello-world\trunk\src\KnifeDll\Debug\KnifeDlld_manifest.rc
E:\袁梓埠个人文件夹\代码\hello-world\trunk\src\KnifeDll\Debug\link.10304.read.1.tlog
E:\袁梓埠个人文件夹\代码\hello-world\trunk\src\KnifeDll\Debug\link.10304.write.1.tlog
E:\袁梓埠个人文件夹\代码\hello-world\trunk\src\KnifeDll\Debug\link.10304-cvtres.read.1.tlog
E:\袁梓埠个人文件夹\代码\hello-world\trunk\src\KnifeDll\Debug\link.10304-cvtres.write.1.tlog
E:\袁梓埠个人文件夹\代码\hello-world\trunk\src\KnifeDll\Debug\link.11116.read.1.tlog
E:\袁梓埠个人文件夹\代码\hello-world\trunk\src\KnifeDll\Debug\link.11116.write.1.tlog
E:\袁梓埠个人文件夹\代码\hello-world\trunk\src\KnifeDll\Debug\link.11116-cvtres.read.1.tlog
E:\袁梓埠个人文件夹\代码\hello-world\trunk\src\KnifeDll\Debug\link.11116-cvtres.write.1.tlog
E:\袁梓埠个人文件夹\代码\hello-world\trunk\src\KnifeDll\Debug\link.11924.read.1.tlog
E:\袁梓埠个人文件夹\代码\hello-world\trunk\src\KnifeDll\Debug\link.11924.write.1.tlog
E:\袁梓埠个人文件夹\代码\hello-world\trunk\src\KnifeDll\Debug\link.11924-cvtres.read.1.tlog
E:\袁梓埠个人文件夹\代码\hello-world\trunk\src\KnifeDll\Debug\link.11924-cvtres.write.1.tlog
E:\袁梓埠个人文件夹\代码\hello-world\trunk\src\KnifeDll\Debug\link.12368.read.1.tlog
E:\袁梓埠个人文件夹\代码\hello-world\trunk\src\KnifeDll\Debug\link.12368.write.1.tlog
E:\袁梓埠个人文件夹\代码\hello-world\trunk\src\KnifeDll\Debug\link.12368-cvtres.read.1.tlog
E:\袁梓埠个人文件夹\代码\hello-world\trunk\src\KnifeDll\Debug\link.12368-cvtres.write.1.tlog
E:\袁梓埠个人文件夹\代码\hello-world\trunk\src\KnifeDll\Debug\link.14280.read.1.tlog
E:\袁梓埠个人文件夹\代码\hello-world\trunk\src\KnifeDll\Debug\link.14280.write.1.tlog
E:\袁梓埠个人文件夹\代码\hello-world\trunk\src\KnifeDll\Debug\link.14280-cvtres.read.1.tlog
E:\袁梓埠个人文件夹\代码\hello-world\trunk\src\KnifeDll\Debug\link.14280-cvtres.write.1.tlog
E:\袁梓埠个人文件夹\代码\hello-world\trunk\src\KnifeDll\Debug\link.14424.read.1.tlog
E:\袁梓埠个人文件夹\代码\hello-world\trunk\src\KnifeDll\Debug\link.14424.write.1.tlog
E:\袁梓埠个人文件夹\代码\hello-world\trunk\src\KnifeDll\Debug\link.14424-cvtres.read.1.tlog
E:\袁梓埠个人文件夹\代码\hello-world\trunk\src\KnifeDll\Debug\link.14424-cvtres.write.1.tlog
E:\袁梓埠个人文件夹\代码\hello-world\trunk\src\KnifeDll\Debug\link.14892.read.1.tlog
E:\袁梓埠个人文件夹\代码\hello-world\trunk\src\KnifeDll\Debug\link.14892.write.1.tlog
E:\袁梓埠个人文件夹\代码\hello-world\trunk\src\KnifeDll\Debug\link.14892-cvtres.read.1.tlog
E:\袁梓埠个人文件夹\代码\hello-world\trunk\src\KnifeDll\Debug\link.14892-cvtres.write.1.tlog
E:\袁梓埠个人文件夹\代码\hello-world\trunk\src\KnifeDll\Debug\link.16648.read.1.tlog
E:\袁梓埠个人文件夹\代码\hello-world\trunk\src\KnifeDll\Debug\link.16648.write.1.tlog
E:\袁梓埠个人文件夹\代码\hello-world\trunk\src\KnifeDll\Debug\link.16648-cvtres.read.1.tlog
E:\袁梓埠个人文件夹\代码\hello-world\trunk\src\KnifeDll\Debug\link.16648-cvtres.write.1.tlog
E:\袁梓埠个人文件夹\代码\hello-world\trunk\src\KnifeDll\Debug\link.17152.read.1.tlog
E:\袁梓埠个人文件夹\代码\hello-world\trunk\src\KnifeDll\Debug\link.17152.write.1.tlog
E:\袁梓埠个人文件夹\代码\hello-world\trunk\src\KnifeDll\Debug\link.17152-cvtres.read.1.tlog
E:\袁梓埠个人文件夹\代码\hello-world\trunk\src\KnifeDll\Debug\link.17152-cvtres.write.1.tlog
E:\袁梓埠个人文件夹\代码\hello-world\trunk\src\KnifeDll\Debug\link.21256.read.1.tlog
E:\袁梓埠个人文件夹\代码\hello-world\trunk\src\KnifeDll\Debug\link.21256.write.1.tlog
E:\袁梓埠个人文件夹\代码\hello-world\trunk\src\KnifeDll\Debug\link.21256-cvtres.read.1.tlog
E:\袁梓埠个人文件夹\代码\hello-world\trunk\src\KnifeDll\Debug\link.21256-cvtres.write.1.tlog
E:\袁梓埠个人文件夹\代码\hello-world\trunk\src\KnifeDll\Debug\link.21420.read.1.tlog
E:\袁梓埠个人文件夹\代码\hello-world\trunk\src\KnifeDll\Debug\link.21420.write.1.tlog
E:\袁梓埠个人文件夹\代码\hello-world\trunk\src\KnifeDll\Debug\link.21420-cvtres.read.1.tlog
E:\袁梓埠个人文件夹\代码\hello-world\trunk\src\KnifeDll\Debug\link.21420-cvtres.write.1.tlog
E:\袁梓埠个人文件夹\代码\hello-world\trunk\src\KnifeDll\Debug\link.25584.read.1.tlog
E:\袁梓埠个人文件夹\代码\hello-world\trunk\src\KnifeDll\Debug\link.25584.write.1.tlog
E:\袁梓埠个人文件夹\代码\hello-world\trunk\src\KnifeDll\Debug\link.25584-cvtres.read.1.tlog
E:\袁梓埠个人文件夹\代码\hello-world\trunk\src\KnifeDll\Debug\link.25584-cvtres.write.1.tlog
E:\袁梓埠个人文件夹\代码\hello-world\trunk\src\KnifeDll\Debug\link.25688.read.1.tlog
E:\袁梓埠个人文件夹\代码\hello-world\trunk\src\KnifeDll\Debug\link.25688.write.1.tlog
E:\袁梓埠个人文件夹\代码\hello-world\trunk\src\KnifeDll\Debug\link.25688-cvtres.read.1.tlog
E:\袁梓埠个人文件夹\代码\hello-world\trunk\src\KnifeDll\Debug\link.25688-cvtres.write.1.tlog
E:\袁梓埠个人文件夹\代码\hello-world\trunk\src\KnifeDll\Debug\link.5020.read.1.tlog
E:\袁梓埠个人文件夹\代码\hello-world\trunk\src\KnifeDll\Debug\link.5020.write.1.tlog
E:\袁梓埠个人文件夹\代码\hello-world\trunk\src\KnifeDll\Debug\link.5020-cvtres.read.1.tlog
E:\袁梓埠个人文件夹\代码\hello-world\trunk\src\KnifeDll\Debug\link.5020-cvtres.write.1.tlog
E:\袁梓埠个人文件夹\代码\hello-world\trunk\src\KnifeDll\Debug\link.6408.read.1.tlog
E:\袁梓埠个人文件夹\代码\hello-world\trunk\src\KnifeDll\Debug\link.6408.write.1.tlog
E:\袁梓埠个人文件夹\代码\hello-world\trunk\src\KnifeDll\Debug\link.6408-cvtres.read.1.tlog
E:\袁梓埠个人文件夹\代码\hello-world\trunk\src\KnifeDll\Debug\link.6408-cvtres.write.1.tlog
E:\袁梓埠个人文件夹\代码\hello-world\trunk\src\KnifeDll\Debug\link.7420.read.1.tlog
E:\袁梓埠个人文件夹\代码\hello-world\trunk\src\KnifeDll\Debug\link.7420.write.1.tlog
E:\袁梓埠个人文件夹\代码\hello-world\trunk\src\KnifeDll\Debug\link.7420-cvtres.read.1.tlog
E:\袁梓埠个人文件夹\代码\hello-world\trunk\src\KnifeDll\Debug\link.7420-cvtres.write.1.tlog
E:\袁梓埠个人文件夹\代码\hello-world\trunk\src\KnifeDll\Debug\link.8508.read.1.tlog
E:\袁梓埠个人文件夹\代码\hello-world\trunk\src\KnifeDll\Debug\link.8508.write.1.tlog
E:\袁梓埠个人文件夹\代码\hello-world\trunk\src\KnifeDll\Debug\link.8508-cvtres.read.1.tlog
E:\袁梓埠个人文件夹\代码\hello-world\trunk\src\KnifeDll\Debug\link.8508-cvtres.write.1.tlog
E:\袁梓埠个人文件夹\代码\hello-world\trunk\src\KnifeDll\Debug\link.command.1.tlog
E:\袁梓埠个人文件夹\代码\hello-world\trunk\src\KnifeDll\Debug\link.read.1.tlog
E:\袁梓埠个人文件夹\代码\hello-world\trunk\src\KnifeDll\Debug\link.write.1.tlog
E:\袁梓埠个人文件夹\代码\hello-world\trunk\src\KnifeDll\Debug\link-cvtres.read.1.tlog
E:\袁梓埠个人文件夹\代码\hello-world\trunk\src\KnifeDll\Debug\link-cvtres.write.1.tlog
E:\袁梓埠个人文件夹\代码\hello-world\trunk\src\KnifeDll\Debug\mt.command.1.tlog
E:\袁梓埠个人文件夹\代码\hello-world\trunk\src\KnifeDll\Debug\mt.read.1.tlog
E:\袁梓埠个人文件夹\代码\hello-world\trunk\src\KnifeDll\Debug\mt.write.1.tlog
E:\袁梓埠个人文件夹\代码\hello-world\trunk\src\KnifeDll\Debug\rc.command.1.tlog
E:\袁梓埠个人文件夹\代码\hello-world\trunk\src\KnifeDll\Debug\rc.read.1.tlog
E:\袁梓埠个人文件夹\代码\hello-world\trunk\src\KnifeDll\Debug\rc.write.1.tlog
E:\袁梓埠个人文件夹\代码\HELLO-WORLD\TRUNK\SRC\KNIFEDLL\DEBUG\STDAFX.OBJ
E:\袁梓埠个人文件夹\代码\hello-world\trunk\src\KnifeDll\Debug\vc100.idb
E:\袁梓埠个人文件夹\代码\HELLO-WORLD\TRUNK\SRC\KNIFEDLL\DEBUG\VC100.PDB
