E:\新雕刻机\TRUNK\BIN\DRAWING.DLL
E:\新雕刻机\trunk\lib\Encryption.exp
E:\新雕刻机\trunk\lib\Encryption.lib
E:\新雕刻机\TRUNK\PDB\ENCRYPTION.PDB
E:\新雕刻机\TRUNK\SRC\ENCRYPTION\RELEASE\BASE64.OBJ
E:\新雕刻机\trunk\src\Encryption\Release\cl.command.1.tlog
E:\新雕刻机\trunk\src\Encryption\Release\CL.read.1.tlog
E:\新雕刻机\trunk\src\Encryption\Release\CL.write.1.tlog
E:\新雕刻机\TRUNK\SRC\ENCRYPTION\RELEASE\DES.OBJ
E:\新雕刻机\TRUNK\SRC\ENCRYPTION\RELEASE\ENCRYPTION.DLL.INTERMEDIATE.MANIFEST
E:\新雕刻机\TRUNK\SRC\ENCRYPTION\RELEASE\ENCRYPTION.OBJ
E:\新雕刻机\TRUNK\SRC\ENCRYPTION\RELEASE\ENCRYPTION.PCH
E:\新雕刻机\TRUNK\SRC\ENCRYPTION\RELEASE\ENCRYPTION.RES
E:\新雕刻机\trunk\src\Encryption\Release\Encryption.vcxprojResolveAssemblyReference.cache
E:\新雕刻机\trunk\src\Encryption\Release\Encryption.write.1.tlog
E:\新雕刻机\trunk\src\Encryption\Release\link.command.1.tlog
E:\新雕刻机\trunk\src\Encryption\Release\link.read.1.tlog
E:\新雕刻机\trunk\src\Encryption\Release\link.write.1.tlog
E:\新雕刻机\trunk\src\Encryption\Release\link-cvtres.read.1.tlog
E:\新雕刻机\trunk\src\Encryption\Release\link-cvtres.write.1.tlog
E:\新雕刻机\trunk\src\Encryption\Release\mt.command.1.tlog
E:\新雕刻机\trunk\src\Encryption\Release\mt.read.1.tlog
E:\新雕刻机\trunk\src\Encryption\Release\mt.write.1.tlog
E:\新雕刻机\trunk\src\Encryption\Release\rc.command.1.tlog
E:\新雕刻机\trunk\src\Encryption\Release\rc.read.1.tlog
E:\新雕刻机\trunk\src\Encryption\Release\rc.write.1.tlog
E:\新雕刻机\TRUNK\SRC\ENCRYPTION\RELEASE\STDAFX.OBJ
E:\新雕刻机\TRUNK\SRC\ENCRYPTION\RELEASE\VC100.PDB
