E:\新雕刻机\trunk\bin\Carvingd.exp
E:\新雕刻机\trunk\bin\Carvingd.lib
E:\新雕刻机\TRUNK\SRC\CARVING\DEBUG\BMAINCODE.OBJ
E:\新雕刻机\TRUNK\SRC\CARVING\DEBUG\CARVING.OBJ
E:\新雕刻机\TRUNK\SRC\CARVING\DEBUG\CARVING.RES
E:\新雕刻机\trunk\src\Carving\Debug\Carving.vcxprojResolveAssemblyReference.cache
E:\新雕刻机\trunk\src\Carving\Debug\Carving.write.1.tlog
E:\新雕刻机\TRUNK\SRC\CARVING\DEBUG\CARVINGD.EXE.EMBED.MANIFEST
E:\新雕刻机\TRUNK\SRC\CARVING\DEBUG\CARVINGD.EXE.EMBED.MANIFEST.RES
E:\新雕刻机\trunk\src\Carving\Debug\Carvingd.exe.intermediate.manifest
E:\新雕刻机\TRUNK\SRC\CARVING\DEBUG\CARVINGD.PCH
E:\新雕刻机\trunk\src\Carving\Debug\Carvingd_manifest.rc
E:\新雕刻机\TRUNK\SRC\CARVING\DEBUG\CARVINGDOC.OBJ
E:\新雕刻机\TRUNK\SRC\CARVING\DEBUG\CARVINGVIEW.OBJ
E:\新雕刻机\TRUNK\SRC\CARVING\DEBUG\CHILDFRM.OBJ
E:\新雕刻机\TRUNK\SRC\CARVING\DEBUG\CINIFILE.OBJ
E:\新雕刻机\trunk\src\Carving\Debug\cl.command.1.tlog
E:\新雕刻机\trunk\src\Carving\Debug\CL.read.1.tlog
E:\新雕刻机\trunk\src\Carving\Debug\CL.write.1.tlog
E:\新雕刻机\TRUNK\SRC\CARVING\DEBUG\CLIENTREGISTERDLG.OBJ
E:\新雕刻机\TRUNK\SRC\CARVING\DEBUG\DATAPROCESS.OBJ
E:\新雕刻机\TRUNK\SRC\CARVING\DEBUG\DIALOGCHILDBASE.OBJ
E:\新雕刻机\TRUNK\SRC\CARVING\DEBUG\DIRSETDLG.OBJ
E:\新雕刻机\TRUNK\SRC\CARVING\DEBUG\DLGEXCELINPUTSETTING.OBJ
E:\新雕刻机\TRUNK\SRC\CARVING\DEBUG\DLGLABELPOSCALC.OBJ
E:\新雕刻机\TRUNK\SRC\CARVING\DEBUG\DLGREMAINDER.OBJ
E:\新雕刻机\TRUNK\SRC\CARVING\DEBUG\DLGREQUIREMENT.OBJ
E:\新雕刻机\TRUNK\SRC\CARVING\DEBUG\DLGREQUIREMENT_PRECOMBINE.OBJ
E:\新雕刻机\TRUNK\SRC\CARVING\DEBUG\DLGRESETMACHININGINFO.OBJ
E:\新雕刻机\TRUNK\SRC\CARVING\DEBUG\DLGRESULT.OBJ
E:\新雕刻机\TRUNK\SRC\CARVING\DEBUG\DLGSETMACHININGORDER.OBJ
E:\新雕刻机\TRUNK\SRC\CARVING\DEBUG\DLGSETREMINDER.OBJ
E:\新雕刻机\TRUNK\SRC\CARVING\DEBUG\DLGTOTALRESULT.OBJ
E:\新雕刻机\TRUNK\SRC\CARVING\DEBUG\DLGWEIXIN.OBJ
E:\新雕刻机\TRUNK\SRC\CARVING\DEBUG\DRAWING.OBJ
E:\新雕刻机\TRUNK\SRC\CARVING\DEBUG\ENCRYPTIONINTERFACE.OBJ
E:\新雕刻机\TRUNK\SRC\CARVING\DEBUG\HGTOOLS.OBJ
E:\新雕刻机\TRUNK\SRC\CARVING\DEBUG\IMAGELISTCTRL.OBJ
E:\新雕刻机\TRUNK\SRC\CARVING\DEBUG\INOUTDLG.OBJ
E:\新雕刻机\TRUNK\SRC\CARVING\DEBUG\KNIFEADDDLG.OBJ
E:\新雕刻机\TRUNK\SRC\CARVING\DEBUG\LEFTPANELDLG.OBJ
E:\新雕刻机\TRUNK\SRC\CARVING\DEBUG\LINGLIAODLG.OBJ
E:\新雕刻机\trunk\src\Carving\Debug\link.10044.read.1.tlog
E:\新雕刻机\trunk\src\Carving\Debug\link.10044.write.1.tlog
E:\新雕刻机\trunk\src\Carving\Debug\link.10044-cvtres.read.1.tlog
E:\新雕刻机\trunk\src\Carving\Debug\link.10044-cvtres.write.1.tlog
E:\新雕刻机\trunk\src\Carving\Debug\link.10252.read.1.tlog
E:\新雕刻机\trunk\src\Carving\Debug\link.10252.write.1.tlog
E:\新雕刻机\trunk\src\Carving\Debug\link.10252-cvtres.read.1.tlog
E:\新雕刻机\trunk\src\Carving\Debug\link.10252-cvtres.write.1.tlog
E:\新雕刻机\trunk\src\Carving\Debug\link.10472.read.1.tlog
E:\新雕刻机\trunk\src\Carving\Debug\link.10472.write.1.tlog
E:\新雕刻机\trunk\src\Carving\Debug\link.10472-cvtres.read.1.tlog
E:\新雕刻机\trunk\src\Carving\Debug\link.10472-cvtres.write.1.tlog
E:\新雕刻机\trunk\src\Carving\Debug\link.10744.read.1.tlog
E:\新雕刻机\trunk\src\Carving\Debug\link.10744.write.1.tlog
E:\新雕刻机\trunk\src\Carving\Debug\link.10744-cvtres.read.1.tlog
E:\新雕刻机\trunk\src\Carving\Debug\link.10744-cvtres.write.1.tlog
E:\新雕刻机\trunk\src\Carving\Debug\link.11352.read.1.tlog
E:\新雕刻机\trunk\src\Carving\Debug\link.11352.write.1.tlog
E:\新雕刻机\trunk\src\Carving\Debug\link.11352-cvtres.read.1.tlog
E:\新雕刻机\trunk\src\Carving\Debug\link.11352-cvtres.write.1.tlog
E:\新雕刻机\trunk\src\Carving\Debug\link.12060.read.1.tlog
E:\新雕刻机\trunk\src\Carving\Debug\link.12060.write.1.tlog
E:\新雕刻机\trunk\src\Carving\Debug\link.12060-cvtres.read.1.tlog
E:\新雕刻机\trunk\src\Carving\Debug\link.12060-cvtres.write.1.tlog
E:\新雕刻机\trunk\src\Carving\Debug\link.12144.read.1.tlog
E:\新雕刻机\trunk\src\Carving\Debug\link.12144.write.1.tlog
E:\新雕刻机\trunk\src\Carving\Debug\link.12144-cvtres.read.1.tlog
E:\新雕刻机\trunk\src\Carving\Debug\link.12144-cvtres.write.1.tlog
E:\新雕刻机\trunk\src\Carving\Debug\link.12168.read.1.tlog
E:\新雕刻机\trunk\src\Carving\Debug\link.12168.write.1.tlog
E:\新雕刻机\trunk\src\Carving\Debug\link.12168-cvtres.read.1.tlog
E:\新雕刻机\trunk\src\Carving\Debug\link.12168-cvtres.write.1.tlog
E:\新雕刻机\trunk\src\Carving\Debug\link.12448.read.1.tlog
E:\新雕刻机\trunk\src\Carving\Debug\link.12448.write.1.tlog
E:\新雕刻机\trunk\src\Carving\Debug\link.12448-cvtres.read.1.tlog
E:\新雕刻机\trunk\src\Carving\Debug\link.12448-cvtres.write.1.tlog
E:\新雕刻机\trunk\src\Carving\Debug\link.13004.read.1.tlog
E:\新雕刻机\trunk\src\Carving\Debug\link.13004.write.1.tlog
E:\新雕刻机\trunk\src\Carving\Debug\link.13004-cvtres.read.1.tlog
E:\新雕刻机\trunk\src\Carving\Debug\link.13004-cvtres.write.1.tlog
E:\新雕刻机\trunk\src\Carving\Debug\link.13756.read.1.tlog
E:\新雕刻机\trunk\src\Carving\Debug\link.13756.write.1.tlog
E:\新雕刻机\trunk\src\Carving\Debug\link.13756-cvtres.read.1.tlog
E:\新雕刻机\trunk\src\Carving\Debug\link.13756-cvtres.write.1.tlog
E:\新雕刻机\trunk\src\Carving\Debug\link.14008.read.1.tlog
E:\新雕刻机\trunk\src\Carving\Debug\link.14008.write.1.tlog
E:\新雕刻机\trunk\src\Carving\Debug\link.14008-cvtres.read.1.tlog
E:\新雕刻机\trunk\src\Carving\Debug\link.14008-cvtres.write.1.tlog
E:\新雕刻机\trunk\src\Carving\Debug\link.14244.read.1.tlog
E:\新雕刻机\trunk\src\Carving\Debug\link.14244.write.1.tlog
E:\新雕刻机\trunk\src\Carving\Debug\link.14244-cvtres.read.1.tlog
E:\新雕刻机\trunk\src\Carving\Debug\link.14244-cvtres.write.1.tlog
E:\新雕刻机\trunk\src\Carving\Debug\link.14360.read.1.tlog
E:\新雕刻机\trunk\src\Carving\Debug\link.14360.write.1.tlog
E:\新雕刻机\trunk\src\Carving\Debug\link.14360-cvtres.read.1.tlog
E:\新雕刻机\trunk\src\Carving\Debug\link.14360-cvtres.write.1.tlog
E:\新雕刻机\trunk\src\Carving\Debug\link.14648.read.1.tlog
E:\新雕刻机\trunk\src\Carving\Debug\link.14648.write.1.tlog
E:\新雕刻机\trunk\src\Carving\Debug\link.14648-cvtres.read.1.tlog
E:\新雕刻机\trunk\src\Carving\Debug\link.14648-cvtres.write.1.tlog
E:\新雕刻机\trunk\src\Carving\Debug\link.14992.read.1.tlog
E:\新雕刻机\trunk\src\Carving\Debug\link.14992.write.1.tlog
E:\新雕刻机\trunk\src\Carving\Debug\link.14992-cvtres.read.1.tlog
E:\新雕刻机\trunk\src\Carving\Debug\link.14992-cvtres.write.1.tlog
E:\新雕刻机\trunk\src\Carving\Debug\link.15216.read.1.tlog
E:\新雕刻机\trunk\src\Carving\Debug\link.15216.write.1.tlog
E:\新雕刻机\trunk\src\Carving\Debug\link.15216-cvtres.read.1.tlog
E:\新雕刻机\trunk\src\Carving\Debug\link.15216-cvtres.write.1.tlog
E:\新雕刻机\trunk\src\Carving\Debug\link.18392.read.1.tlog
E:\新雕刻机\trunk\src\Carving\Debug\link.18392.write.1.tlog
E:\新雕刻机\trunk\src\Carving\Debug\link.18392-cvtres.read.1.tlog
E:\新雕刻机\trunk\src\Carving\Debug\link.18392-cvtres.write.1.tlog
E:\新雕刻机\trunk\src\Carving\Debug\link.23204.read.1.tlog
E:\新雕刻机\trunk\src\Carving\Debug\link.23204.write.1.tlog
E:\新雕刻机\trunk\src\Carving\Debug\link.23204-cvtres.read.1.tlog
E:\新雕刻机\trunk\src\Carving\Debug\link.23204-cvtres.write.1.tlog
E:\新雕刻机\trunk\src\Carving\Debug\link.23340.read.1.tlog
E:\新雕刻机\trunk\src\Carving\Debug\link.23340.write.1.tlog
E:\新雕刻机\trunk\src\Carving\Debug\link.23340-cvtres.read.1.tlog
E:\新雕刻机\trunk\src\Carving\Debug\link.23340-cvtres.write.1.tlog
E:\新雕刻机\trunk\src\Carving\Debug\link.7296.read.1.tlog
E:\新雕刻机\trunk\src\Carving\Debug\link.7296.write.1.tlog
E:\新雕刻机\trunk\src\Carving\Debug\link.7296-cvtres.read.1.tlog
E:\新雕刻机\trunk\src\Carving\Debug\link.7296-cvtres.write.1.tlog
E:\新雕刻机\trunk\src\Carving\Debug\link.7608.read.1.tlog
E:\新雕刻机\trunk\src\Carving\Debug\link.7608.write.1.tlog
E:\新雕刻机\trunk\src\Carving\Debug\link.7608-cvtres.read.1.tlog
E:\新雕刻机\trunk\src\Carving\Debug\link.7608-cvtres.write.1.tlog
E:\新雕刻机\trunk\src\Carving\Debug\link.7664.read.1.tlog
E:\新雕刻机\trunk\src\Carving\Debug\link.7664.write.1.tlog
E:\新雕刻机\trunk\src\Carving\Debug\link.7664-cvtres.read.1.tlog
E:\新雕刻机\trunk\src\Carving\Debug\link.7664-cvtres.write.1.tlog
E:\新雕刻机\trunk\src\Carving\Debug\link.8272.read.1.tlog
E:\新雕刻机\trunk\src\Carving\Debug\link.8272.write.1.tlog
E:\新雕刻机\trunk\src\Carving\Debug\link.8272-cvtres.read.1.tlog
E:\新雕刻机\trunk\src\Carving\Debug\link.8272-cvtres.write.1.tlog
E:\新雕刻机\trunk\src\Carving\Debug\link.8624.read.1.tlog
E:\新雕刻机\trunk\src\Carving\Debug\link.8624.write.1.tlog
E:\新雕刻机\trunk\src\Carving\Debug\link.8624-cvtres.read.1.tlog
E:\新雕刻机\trunk\src\Carving\Debug\link.8624-cvtres.write.1.tlog
E:\新雕刻机\trunk\src\Carving\Debug\link.9652.read.1.tlog
E:\新雕刻机\trunk\src\Carving\Debug\link.9652.write.1.tlog
E:\新雕刻机\trunk\src\Carving\Debug\link.9652-cvtres.read.1.tlog
E:\新雕刻机\trunk\src\Carving\Debug\link.9652-cvtres.write.1.tlog
E:\新雕刻机\trunk\src\Carving\Debug\link.9824.read.1.tlog
E:\新雕刻机\trunk\src\Carving\Debug\link.9824.write.1.tlog
E:\新雕刻机\trunk\src\Carving\Debug\link.9824-cvtres.read.1.tlog
E:\新雕刻机\trunk\src\Carving\Debug\link.9824-cvtres.write.1.tlog
E:\新雕刻机\trunk\src\Carving\Debug\link.command.1.tlog
E:\新雕刻机\TRUNK\SRC\CARVING\DEBUG\LINK.OBJ
E:\新雕刻机\trunk\src\Carving\Debug\link.read.1.tlog
E:\新雕刻机\trunk\src\Carving\Debug\link.write.1.tlog
E:\新雕刻机\trunk\src\Carving\Debug\link-cvtres.read.1.tlog
E:\新雕刻机\trunk\src\Carving\Debug\link-cvtres.write.1.tlog
E:\新雕刻机\TRUNK\SRC\CARVING\DEBUG\LISTBOXCLIPBOARD.OBJ
E:\新雕刻机\TRUNK\SRC\CARVING\DEBUG\LISTBOXPRECOMBINE.OBJ
E:\新雕刻机\TRUNK\SRC\CARVING\DEBUG\LISTCTRLMATERIAL.OBJ
E:\新雕刻机\TRUNK\SRC\CARVING\DEBUG\LISTREQUIREMENT.OBJ
E:\新雕刻机\TRUNK\SRC\CARVING\DEBUG\LISTTOTALRESULT.OBJ
E:\新雕刻机\TRUNK\SRC\CARVING\DEBUG\MACHINEDEF.OBJ
E:\新雕刻机\TRUNK\SRC\CARVING\DEBUG\MAINCODE.OBJ
E:\新雕刻机\TRUNK\SRC\CARVING\DEBUG\MAINFRM.OBJ
E:\新雕刻机\TRUNK\SRC\CARVING\DEBUG\MATRIALITEMEDITDLG.OBJ
E:\新雕刻机\TRUNK\SRC\CARVING\DEBUG\MATRIALITEMEEDIT_MATRIALDLG.OBJ
E:\新雕刻机\TRUNK\SRC\CARVING\DEBUG\MEMDC.OBJ
E:\新雕刻机\TRUNK\SRC\CARVING\DEBUG\MENU_EXCELSETTING.OBJ
E:\新雕刻机\TRUNK\SRC\CARVING\DEBUG\MISC.OBJ
E:\新雕刻机\trunk\src\Carving\Debug\mt.command.1.tlog
E:\新雕刻机\trunk\src\Carving\Debug\mt.read.1.tlog
E:\新雕刻机\trunk\src\Carving\Debug\mt.write.1.tlog
E:\新雕刻机\TRUNK\SRC\CARVING\DEBUG\OPSETDLG.OBJ
E:\新雕刻机\TRUNK\SRC\CARVING\DEBUG\OPTIMIZEDLG.OBJ
E:\新雕刻机\TRUNK\SRC\CARVING\DEBUG\OTHERSHAPE.OBJ
E:\新雕刻机\TRUNK\SRC\CARVING\DEBUG\OTHERSHAPEHELPER.OBJ
E:\新雕刻机\TRUNK\SRC\CARVING\DEBUG\PANELPRINTDLG.OBJ
E:\新雕刻机\TRUNK\SRC\CARVING\DEBUG\PARAMDLG.OBJ
E:\新雕刻机\TRUNK\SRC\CARVING\DEBUG\PARAMSETTINGDLG.OBJ
E:\新雕刻机\TRUNK\SRC\CARVING\DEBUG\PNGBUTTON.OBJ
E:\新雕刻机\TRUNK\SRC\CARVING\DEBUG\PNGBUTTON_STRETCHABLE.OBJ
E:\新雕刻机\TRUNK\SRC\CARVING\DEBUG\PRINTCODEDLG.OBJ
E:\新雕刻机\TRUNK\SRC\CARVING\DEBUG\PRINTSETDLG.OBJ
E:\新雕刻机\TRUNK\SRC\CARVING\DEBUG\PRINTUSERSETDLG.OBJ
E:\新雕刻机\TRUNK\SRC\CARVING\DEBUG\PROGRAMMISC.OBJ
E:\新雕刻机\TRUNK\SRC\CARVING\DEBUG\PZCODE.OBJ
E:\新雕刻机\trunk\src\Carving\Debug\rc.command.1.tlog
E:\新雕刻机\trunk\src\Carving\Debug\rc.read.1.tlog
E:\新雕刻机\trunk\src\Carving\Debug\rc.write.1.tlog
E:\新雕刻机\TRUNK\SRC\CARVING\DEBUG\RIBBONBARSELF.OBJ
E:\新雕刻机\TRUNK\SRC\CARVING\DEBUG\RIBBONBUTTONSELF.OBJ
E:\新雕刻机\TRUNK\SRC\CARVING\DEBUG\RIBBONCATEGORYSELF.OBJ
E:\新雕刻机\TRUNK\SRC\CARVING\DEBUG\SELECTPATHDLG.OBJ
E:\新雕刻机\TRUNK\SRC\CARVING\DEBUG\SELECTPRINTDLG.OBJ
E:\新雕刻机\TRUNK\SRC\CARVING\DEBUG\SELMACHINEDLG.OBJ
E:\新雕刻机\TRUNK\SRC\CARVING\DEBUG\SKINHEADERCTRL.OBJ
E:\新雕刻机\TRUNK\SRC\CARVING\DEBUG\SKINHEADERCTRL_EXCELSETING.OBJ
E:\新雕刻机\TRUNK\SRC\CARVING\DEBUG\SKINLISTCTRLBASE.OBJ
E:\新雕刻机\TRUNK\SRC\CARVING\DEBUG\SLOTTINGDLG.OBJ
E:\新雕刻机\TRUNK\SRC\CARVING\DEBUG\SPCODE.OBJ
E:\新雕刻机\TRUNK\SRC\CARVING\DEBUG\STDAFX.OBJ
E:\新雕刻机\TRUNK\SRC\CARVING\DEBUG\SYNTECPROCESS.OBJ
E:\新雕刻机\TRUNK\SRC\CARVING\DEBUG\TABBAR.OBJ
E:\新雕刻机\TRUNK\SRC\CARVING\DEBUG\THECHANGECODE.OBJ
E:\新雕刻机\TRUNK\SRC\CARVING\DEBUG\TIEBIAOEDGEDLG.OBJ
E:\新雕刻机\TRUNK\SRC\CARVING\DEBUG\UIDATA.OBJ
E:\新雕刻机\TRUNK\SRC\CARVING\DEBUG\UISETTINGDLG.OBJ
E:\新雕刻机\TRUNK\SRC\CARVING\DEBUG\UTF8TOMBCS.OBJ
E:\新雕刻机\trunk\src\Carving\Debug\vc100.idb
E:\新雕刻机\TRUNK\SRC\CARVING\DEBUG\VC100.PDB
E:\新雕刻机\TRUNK\SRC\CARVING\DEBUG\VECOFFSET.OBJ
E:\新雕刻机\TRUNK\SRC\CARVING\DEBUG\VECSOLTCHANGEDLG.OBJ
E:\新雕刻机\TRUNK\SRC\CARVING\DEBUG\VECSOLTDLG.OBJ
E:\新雕刻机\TRUNK\SRC\CARVING\DEBUG\WORKDEF.OBJ
E:\新雕刻机\TRUNK\SRC\CARVING\DEBUG\XMLHANDLEPLUS.OBJ
E:\新雕刻机\TRUNK\SRC\CARVING\DEBUG\YHINFOTOOLS.OBJ
