E:\新雕刻机\TRUNK\BIN\ABNORMALSHAPEMANAGERD.DLL
E:\新雕刻机\TRUNK\BIN\ABNORMALSHAPEMANAGERD.ILK
E:\新雕刻机\trunk\lib\AbnormalShapeManagerd.exp
E:\新雕刻机\trunk\lib\AbnormalShapeManagerd.lib
E:\新雕刻机\TRUNK\PDB\ABNORMALSHAPEMANAGERDD.PDB
E:\新雕刻机\trunk\src\../bin/AbnormalShapeManagerd.dll
E:\新雕刻机\trunk\src\../bin/AbnormalShapeManagerd.ilk
E:\新雕刻机\trunk\src\AbnormalShapeManager\Debug\AbnormalShapeManager.write.1.tlog
E:\新雕刻机\TRUNK\SRC\ABNORMALSHAPEMANAGER\DEBUG\ABNORMALSHAPEMANAGERD.DLL.EMBED.MANIFEST
E:\新雕刻机\TRUNK\SRC\ABNORMALSHAPEMANAGER\DEBUG\ABNORMALSHAPEMANAGERD.DLL.EMBED.MANIFEST.RES
E:\新雕刻机\TRUNK\SRC\ABNORMALSHAPEMANAGER\DEBUG\ABNORMALSHAPEMANAGERD.DLL.INTERMEDIATE.MANIFEST
E:\新雕刻机\TRUNK\SRC\ABNORMALSHAPEMANAGER\DEBUG\ABNORMALSHAPEMANAGERD.PCH
E:\新雕刻机\trunk\src\AbnormalShapeManager\Debug\AbnormalShapeManagerd_manifest.rc
E:\新雕刻机\TRUNK\SRC\ABNORMALSHAPEMANAGER\DEBUG\ABT.OBJ
E:\新雕刻机\TRUNK\SRC\ABNORMALSHAPEMANAGER\DEBUG\ABT.RES
E:\新雕刻机\trunk\src\AbnormalShapeManager\Debug\ABT.vcxprojResolveAssemblyReference.cache
E:\新雕刻机\TRUNK\SRC\ABNORMALSHAPEMANAGER\DEBUG\ABTDIALOG.OBJ
E:\新雕刻机\TRUNK\SRC\ABNORMALSHAPEMANAGER\DEBUG\ABTOOLS.OBJ
E:\新雕刻机\TRUNK\SRC\ABNORMALSHAPEMANAGER\DEBUG\ARC.OBJ
E:\新雕刻机\TRUNK\SRC\ABNORMALSHAPEMANAGER\DEBUG\CIRCLE.OBJ
E:\新雕刻机\trunk\src\AbnormalShapeManager\Debug\cl.command.1.tlog
E:\新雕刻机\trunk\src\AbnormalShapeManager\Debug\CL.read.1.tlog
E:\新雕刻机\trunk\src\AbnormalShapeManager\Debug\CL.write.1.tlog
E:\新雕刻机\TRUNK\SRC\ABNORMALSHAPEMANAGER\DEBUG\COMPLEX.OBJ
E:\新雕刻机\TRUNK\SRC\ABNORMALSHAPEMANAGER\DEBUG\CSINGLETON.OBJ
E:\新雕刻机\TRUNK\SRC\ABNORMALSHAPEMANAGER\DEBUG\DLLMAIN.OBJ
E:\新雕刻机\TRUNK\SRC\ABNORMALSHAPEMANAGER\DEBUG\DXFFILE.OBJ
E:\新雕刻机\TRUNK\SRC\ABNORMALSHAPEMANAGER\DEBUG\FIGURE.OBJ
E:\新雕刻机\TRUNK\SRC\ABNORMALSHAPEMANAGER\DEBUG\FPOINT.OBJ
E:\新雕刻机\TRUNK\SRC\ABNORMALSHAPEMANAGER\DEBUG\GENERALINTERFACE.OBJ
E:\新雕刻机\TRUNK\SRC\ABNORMALSHAPEMANAGER\DEBUG\LAYER.OBJ
E:\新雕刻机\trunk\src\AbnormalShapeManager\Debug\link.11396.read.1.tlog
E:\新雕刻机\trunk\src\AbnormalShapeManager\Debug\link.11396.write.1.tlog
E:\新雕刻机\trunk\src\AbnormalShapeManager\Debug\link.11396-cvtres.read.1.tlog
E:\新雕刻机\trunk\src\AbnormalShapeManager\Debug\link.11396-cvtres.write.1.tlog
E:\新雕刻机\trunk\src\AbnormalShapeManager\Debug\link.command.1.tlog
E:\新雕刻机\trunk\src\AbnormalShapeManager\Debug\link.read.1.tlog
E:\新雕刻机\trunk\src\AbnormalShapeManager\Debug\link.write.1.tlog
E:\新雕刻机\trunk\src\AbnormalShapeManager\Debug\link-cvtres.read.1.tlog
E:\新雕刻机\trunk\src\AbnormalShapeManager\Debug\link-cvtres.write.1.tlog
E:\新雕刻机\trunk\src\AbnormalShapeManager\Debug\mt.command.1.tlog
E:\新雕刻机\trunk\src\AbnormalShapeManager\Debug\mt.read.1.tlog
E:\新雕刻机\trunk\src\AbnormalShapeManager\Debug\mt.write.1.tlog
E:\新雕刻机\TRUNK\SRC\ABNORMALSHAPEMANAGER\DEBUG\PARALLELDIALOG.OBJ
E:\新雕刻机\TRUNK\SRC\ABNORMALSHAPEMANAGER\DEBUG\POLYLINE.OBJ
E:\新雕刻机\trunk\src\AbnormalShapeManager\Debug\rc.command.1.tlog
E:\新雕刻机\trunk\src\AbnormalShapeManager\Debug\rc.read.1.tlog
E:\新雕刻机\trunk\src\AbnormalShapeManager\Debug\rc.write.1.tlog
E:\新雕刻机\TRUNK\SRC\ABNORMALSHAPEMANAGER\DEBUG\SHAPEPOINT.OBJ
E:\新雕刻机\TRUNK\SRC\ABNORMALSHAPEMANAGER\DEBUG\STDAFX.OBJ
E:\新雕刻机\trunk\src\AbnormalShapeManager\Debug\vc100.idb
E:\新雕刻机\TRUNK\SRC\ABNORMALSHAPEMANAGER\DEBUG\VC100.PDB
