E:\新雕刻机\TRUNK\BIN\DATAMANAGERD.DLL
E:\新雕刻机\TRUNK\BIN\DATAMANAGERD.ILK
E:\新雕刻机\trunk\lib\DataManagerd.exp
E:\新雕刻机\trunk\lib\DataManagerd.lib
E:\新雕刻机\TRUNK\PDB\DATAMANAGERDD.PDB
E:\新雕刻机\trunk\src\../bin/DataManagerd.dll
E:\新雕刻机\trunk\src\../bin/DataManagerd.ilk
E:\新雕刻机\TRUNK\SRC\DATAMANAGER\DEBUG\ALGORITHM.OBJ
E:\新雕刻机\TRUNK\SRC\DATAMANAGER\DEBUG\BASEINFO.OBJ
E:\新雕刻机\trunk\src\DataManager\Debug\cl.command.1.tlog
E:\新雕刻机\trunk\src\DataManager\Debug\CL.read.1.tlog
E:\新雕刻机\trunk\src\DataManager\Debug\CL.write.1.tlog
E:\新雕刻机\TRUNK\SRC\DATAMANAGER\DEBUG\COMMONDATA.OBJ
E:\新雕刻机\TRUNK\SRC\DATAMANAGER\DEBUG\COMPONENT.OBJ
E:\新雕刻机\TRUNK\SRC\DATAMANAGER\DEBUG\CSINGLEON.OBJ
E:\新雕刻机\TRUNK\SRC\DATAMANAGER\DEBUG\CSOLUTION.OBJ
E:\新雕刻机\TRUNK\SRC\DATAMANAGER\DEBUG\DATAMANAGER.OBJ
E:\新雕刻机\TRUNK\SRC\DATAMANAGER\DEBUG\DATAMANAGER.RES
E:\新雕刻机\trunk\src\DataManager\Debug\DataManager.vcxprojResolveAssemblyReference.cache
E:\新雕刻机\trunk\src\DataManager\Debug\DataManager.write.1.tlog
E:\新雕刻机\TRUNK\SRC\DATAMANAGER\DEBUG\DATAMANAGERD.DLL.EMBED.MANIFEST
E:\新雕刻机\TRUNK\SRC\DATAMANAGER\DEBUG\DATAMANAGERD.DLL.EMBED.MANIFEST.RES
E:\新雕刻机\TRUNK\SRC\DATAMANAGER\DEBUG\DATAMANAGERD.DLL.INTERMEDIATE.MANIFEST
E:\新雕刻机\TRUNK\SRC\DATAMANAGER\DEBUG\DATAMANAGERD.PCH
E:\新雕刻机\trunk\src\DataManager\Debug\DataManagerd_manifest.rc
E:\新雕刻机\TRUNK\SRC\DATAMANAGER\DEBUG\DLLMAIN.OBJ
E:\新雕刻机\trunk\src\DataManager\Debug\link.7668.read.1.tlog
E:\新雕刻机\trunk\src\DataManager\Debug\link.7668.write.1.tlog
E:\新雕刻机\trunk\src\DataManager\Debug\link.7668-cvtres.read.1.tlog
E:\新雕刻机\trunk\src\DataManager\Debug\link.7668-cvtres.write.1.tlog
E:\新雕刻机\trunk\src\DataManager\Debug\link.command.1.tlog
E:\新雕刻机\trunk\src\DataManager\Debug\link.read.1.tlog
E:\新雕刻机\trunk\src\DataManager\Debug\link.write.1.tlog
E:\新雕刻机\trunk\src\DataManager\Debug\link-cvtres.read.1.tlog
E:\新雕刻机\trunk\src\DataManager\Debug\link-cvtres.write.1.tlog
E:\新雕刻机\trunk\src\DataManager\Debug\mt.command.1.tlog
E:\新雕刻机\trunk\src\DataManager\Debug\mt.read.1.tlog
E:\新雕刻机\trunk\src\DataManager\Debug\mt.write.1.tlog
E:\新雕刻机\TRUNK\SRC\DATAMANAGER\DEBUG\NODE.OBJ
E:\新雕刻机\TRUNK\SRC\DATAMANAGER\DEBUG\OUTLINE.OBJ
E:\新雕刻机\TRUNK\SRC\DATAMANAGER\DEBUG\PANEL.OBJ
E:\新雕刻机\TRUNK\SRC\DATAMANAGER\DEBUG\PROGRAMMISC.OBJ
E:\新雕刻机\trunk\src\DataManager\Debug\rc.command.1.tlog
E:\新雕刻机\trunk\src\DataManager\Debug\rc.read.1.tlog
E:\新雕刻机\trunk\src\DataManager\Debug\rc.write.1.tlog
E:\新雕刻机\TRUNK\SRC\DATAMANAGER\DEBUG\STDAFX.OBJ
E:\新雕刻机\trunk\src\DataManager\Debug\vc100.idb
E:\新雕刻机\TRUNK\SRC\DATAMANAGER\DEBUG\VC100.PDB
