生成启动时间为 2018/6/25 23:59:52。
     1>项目“E:\袁梓埠个人文件夹\代码\hello-world\trunk\src\TaoBaoSender\TaoBaoSender\TaoBaoSender.vcxproj”在节点 2 上(build 个目标)。
     1>C:\Program Files (x86)\MSBuild\Microsoft.Cpp\v4.0\Microsoft.CppBuild.targets(299,5): warning MSB8004: Output 目录未以斜杠结尾。此生成实例将添加斜杠，因为必须有这个斜杠才能正确计算 Output 目录。
     1>InitializeBuildStatus:
         正在创建“Debug\TaoBaoSender.unsuccessfulbuild”，因为已指定“AlwaysCreate”。
       GenerateTargetFrameworkMonikerAttribute:
       正在跳过目标“GenerateTargetFrameworkMonikerAttribute”，因为所有输出文件相对于输入文件而言都是最新的。
       ClCompile:
         所有输出均为最新。
         所有输出均为最新。
         所有输出均为最新。
       ResourceCompile:
         所有输出均为最新。
     1>C:\Program Files (x86)\MSBuild\Microsoft.Cpp\v4.0\Microsoft.CppBuild.targets(990,5): warning MSB8012: TargetPath(E:\袁梓埠个人文件夹\代码\hello-world\trunk\src\TaoBaoSender\TaoBaoSender\..\..\..\lib\TaoBaoSenderd.dll) 与 Linker 的 OutputFile 属性值(E:\袁梓埠个人文件夹\代码\hello-world\trunk\bin\TaoBaoSenderd.dll)不匹配。这可能导致项目生成不正确。若要更正此问题，请确保 $(OutDir)、$(TargetName) 和 $(TargetExt) 属性值与 %(Link.OutputFile) 中指定的值匹配。
       Link:
         C:\Program Files (x86)\Microsoft Visual Studio 10.0\VC\bin\link.exe /ERRORREPORT:PROMPT /OUT:"..\..\..\bin\TaoBaoSenderd.dll" /INCREMENTAL /NOLOGO /LIBPATH:..\lib libcurld.lib /DEF:".\TaoBaoSender.def" /MANIFEST /ManifestFile:"Debug\TaoBaoSenderd.dll.intermediate.manifest" /MANIFESTUAC:"level='asInvoker' uiAccess='false'" /DEBUG /PDB:"E:\袁梓埠个人文件夹\代码\hello-world\trunk\lib\TaoBaoSenderd.pdb" /ASSEMBLYDEBUG /SUBSYSTEM:WINDOWS /TLBID:1 /DYNAMICBASE /FIXED:NO /NXCOMPAT /IMPLIB:"E:\袁梓埠个人文件夹\代码\hello-world\trunk\src\../lib/TaoBaoSenderd.lib" /MACHINE:X86 /DLL Debug\TaoBaoSender.res
         Debug\Misc.obj
         Debug\curlResponse.obj
         Debug\globalConfig.obj
         Debug\json.obj
         Debug\Md5Util.obj
         Debug\SingleMap.obj
         Debug\TaobaoClient.obj
         Debug\TopRequest.obj
         Debug\TopResponse.obj
         Debug\WebUtils.obj
         Debug\stdafx.obj
         Debug\TaoBaoSender.obj
         Debug\TaoBaoSenderInterface.obj
         "Debug\.NETFramework,Version=v4.0.AssemblyAttributes.obj"
            正在创建库 E:\袁梓埠个人文件夹\代码\hello-world\trunk\src\../lib/TaoBaoSenderd.lib 和对象 E:\袁梓埠个人文件夹\代码\hello-world\trunk\src\../lib/TaoBaoSenderd.exp
         TaoBaoSender.vcxproj -> E:\袁梓埠个人文件夹\代码\hello-world\trunk\src\TaoBaoSender\TaoBaoSender\..\..\..\lib\TaoBaoSenderd.dll
       Manifest:
         C:\Program Files (x86)\Microsoft SDKs\Windows\v7.0A\bin\mt.exe /nologo /verbose /outputresource:"..\..\..\bin\TaoBaoSenderd.dll;#2" /manifest Debug\TaoBaoSenderd.dll.intermediate.manifest "C:\Program Files (x86)\Microsoft Visual Studio 10.0\VC\Include\Manifest\dpiaware.manifest"
       FinalizeBuildStatus:
         正在删除文件“Debug\TaoBaoSender.unsuccessfulbuild”。
         正在对“Debug\TaoBaoSender.lastbuildstate”执行 Touch 任务。
     1>已完成生成项目“E:\袁梓埠个人文件夹\代码\hello-world\trunk\src\TaoBaoSender\TaoBaoSender\TaoBaoSender.vcxproj”(build 个目标)的操作。

生成成功。

已用时间 00:00:01.42
