..\..\..\lib\TaoBaoSenderd.pdb
E:\新雕刻机\TRUNK\BIN\TAOBAOSENDERD.DLL
E:\新雕刻机\TRUNK\BIN\TAOBAOSENDERD.ILK
E:\新雕刻机\trunk\lib\TaoBaoSenderd.exp
E:\新雕刻机\trunk\lib\TaoBaoSenderd.lib
E:\新雕刻机\TRUNK\LIB\TAOBAOSENDERD.PDB
E:\新雕刻机\trunk\src\TaoBaoSender\TaoBaoSender\Debug\cl.command.1.tlog
E:\新雕刻机\trunk\src\TaoBaoSender\TaoBaoSender\Debug\CL.read.1.tlog
E:\新雕刻机\trunk\src\TaoBaoSender\TaoBaoSender\Debug\CL.write.1.tlog
E:\新雕刻机\TRUNK\SRC\TAOBAOSENDER\TAOBAOSENDER\DEBUG\CURLRESPONSE.OBJ
E:\新雕刻机\TRUNK\SRC\TAOBAOSENDER\TAOBAOSENDER\DEBUG\GLOBALCONFIG.OBJ
E:\新雕刻机\TRUNK\SRC\TAOBAOSENDER\TAOBAOSENDER\DEBUG\JSON.OBJ
E:\新雕刻机\trunk\src\TaoBaoSender\TaoBaoSender\Debug\link.11280.read.1.tlog
E:\新雕刻机\trunk\src\TaoBaoSender\TaoBaoSender\Debug\link.11280.write.1.tlog
E:\新雕刻机\trunk\src\TaoBaoSender\TaoBaoSender\Debug\link.11280-cvtres.read.1.tlog
E:\新雕刻机\trunk\src\TaoBaoSender\TaoBaoSender\Debug\link.11280-cvtres.write.1.tlog
E:\新雕刻机\trunk\src\TaoBaoSender\TaoBaoSender\Debug\link.command.1.tlog
E:\新雕刻机\trunk\src\TaoBaoSender\TaoBaoSender\Debug\link.read.1.tlog
E:\新雕刻机\trunk\src\TaoBaoSender\TaoBaoSender\Debug\link.write.1.tlog
E:\新雕刻机\trunk\src\TaoBaoSender\TaoBaoSender\Debug\link-cvtres.read.1.tlog
E:\新雕刻机\trunk\src\TaoBaoSender\TaoBaoSender\Debug\link-cvtres.write.1.tlog
E:\新雕刻机\TRUNK\SRC\TAOBAOSENDER\TAOBAOSENDER\DEBUG\MD5UTIL.OBJ
E:\新雕刻机\TRUNK\SRC\TAOBAOSENDER\TAOBAOSENDER\DEBUG\MISC.OBJ
E:\新雕刻机\trunk\src\TaoBaoSender\TaoBaoSender\Debug\mt.command.1.tlog
E:\新雕刻机\trunk\src\TaoBaoSender\TaoBaoSender\Debug\mt.read.1.tlog
E:\新雕刻机\trunk\src\TaoBaoSender\TaoBaoSender\Debug\mt.write.1.tlog
E:\新雕刻机\trunk\src\TaoBaoSender\TaoBaoSender\Debug\rc.command.1.tlog
E:\新雕刻机\trunk\src\TaoBaoSender\TaoBaoSender\Debug\rc.read.1.tlog
E:\新雕刻机\trunk\src\TaoBaoSender\TaoBaoSender\Debug\rc.write.1.tlog
E:\新雕刻机\TRUNK\SRC\TAOBAOSENDER\TAOBAOSENDER\DEBUG\SINGLEMAP.OBJ
E:\新雕刻机\TRUNK\SRC\TAOBAOSENDER\TAOBAOSENDER\DEBUG\STDAFX.OBJ
E:\新雕刻机\TRUNK\SRC\TAOBAOSENDER\TAOBAOSENDER\DEBUG\TAOBAOCLIENT.OBJ
E:\新雕刻机\TRUNK\SRC\TAOBAOSENDER\TAOBAOSENDER\DEBUG\TAOBAOSENDER.OBJ
E:\新雕刻机\TRUNK\SRC\TAOBAOSENDER\TAOBAOSENDER\DEBUG\TAOBAOSENDER.RES
E:\新雕刻机\trunk\src\TaoBaoSender\TaoBaoSender\Debug\TaoBaoSender.write.1.tlog
E:\新雕刻机\TRUNK\SRC\TAOBAOSENDER\TAOBAOSENDER\DEBUG\TAOBAOSENDERD.DLL.EMBED.MANIFEST
E:\新雕刻机\TRUNK\SRC\TAOBAOSENDER\TAOBAOSENDER\DEBUG\TAOBAOSENDERD.DLL.EMBED.MANIFEST.RES
E:\新雕刻机\TRUNK\SRC\TAOBAOSENDER\TAOBAOSENDER\DEBUG\TAOBAOSENDERD.DLL.INTERMEDIATE.MANIFEST
E:\新雕刻机\TRUNK\SRC\TAOBAOSENDER\TAOBAOSENDER\DEBUG\TAOBAOSENDERD.PCH
E:\新雕刻机\trunk\src\TaoBaoSender\TaoBaoSender\Debug\TaoBaoSenderd_manifest.rc
E:\新雕刻机\TRUNK\SRC\TAOBAOSENDER\TAOBAOSENDER\DEBUG\TAOBAOSENDERINTERFACE.OBJ
E:\新雕刻机\TRUNK\SRC\TAOBAOSENDER\TAOBAOSENDER\DEBUG\TOPREQUEST.OBJ
E:\新雕刻机\TRUNK\SRC\TAOBAOSENDER\TAOBAOSENDER\DEBUG\TOPRESPONSE.OBJ
E:\新雕刻机\trunk\src\TaoBaoSender\TaoBaoSender\Debug\vc100.idb
E:\新雕刻机\TRUNK\SRC\TAOBAOSENDER\TAOBAOSENDER\DEBUG\VC100.PDB
E:\新雕刻机\TRUNK\SRC\TAOBAOSENDER\TAOBAOSENDER\DEBUG\WEBUTILS.OBJ
