生成启动时间为 2018/6/25 23:57:45。
     1>项目“E:\袁梓埠个人文件夹\代码\hello-world\trunk\src\Encryption\Encryption.vcxproj”在节点 5 上(rebuild 个目标)。
     1>_PrepareForClean:
         正在删除文件“Debug\Encryption.lastbuildstate”。
       InitializeBuildStatus:
         正在创建“Debug\Encryption.unsuccessfulbuild”，因为已指定“AlwaysCreate”。
       ClCompile:
         C:\Program Files (x86)\Microsoft Visual Studio 10.0\VC\bin\CL.exe /c /ZI /nologo /W3 /WX- /Od /Oy- /D WIN32 /D _WINDOWS /D _DEBUG /D _USRDLL /D _WINDLL /D _AFXDLL /Gm /EHsc /RTC1 /MDd /GS /fp:precise /Zc:wchar_t /Zc:forScope /Yc"StdAfx.h" /Fp"Debug\Encryptiond.pch" /Fo"Debug\\" /Fd"Debug\vc100.pdb" /Gd /TP /analyze- /errorReport:prompt stdafx.cpp
         stdafx.cpp
         C:\Program Files (x86)\Microsoft Visual Studio 10.0\VC\bin\CL.exe /c /ZI /nologo /W3 /WX- /Od /Oy- /D WIN32 /D _WINDOWS /D _DEBUG /D _USRDLL /D _WINDLL /D _AFXDLL /Gm /EHsc /RTC1 /MDd /GS /fp:precise /Zc:wchar_t /Zc:forScope /Yu"StdAfx.h" /Fp"Debug\Encryptiond.pch" /Fo"Debug\\" /Fd"Debug\vc100.pdb" /Gd /TP /analyze- /errorReport:prompt base64\base64.cpp DES\DES.cpp Encryption.cpp
         Encryption.cpp
         DES.cpp
     1>e:\袁梓埠个人文件夹\代码\hello-world\trunk\src\encryption\des\des.cpp(98): warning C4309: “初始化”: 截断常量值
     1>e:\袁梓埠个人文件夹\代码\hello-world\trunk\src\encryption\des\des.cpp(98): warning C4309: “初始化”: 截断常量值
     1>e:\袁梓埠个人文件夹\代码\hello-world\trunk\src\encryption\des\des.cpp(98): warning C4309: “初始化”: 截断常量值
     1>e:\袁梓埠个人文件夹\代码\hello-world\trunk\src\encryption\des\des.cpp(367): warning C4996: 'fopen': This function or variable may be unsafe. Consider using fopen_s instead. To disable deprecation, use _CRT_SECURE_NO_WARNINGS. See online help for details.
                 c:\program files (x86)\microsoft visual studio 10.0\vc\include\stdio.h(234) : 参见“fopen”的声明
     1>e:\袁梓埠个人文件夹\代码\hello-world\trunk\src\encryption\des\des.cpp(370): warning C4996: 'fopen': This function or variable may be unsafe. Consider using fopen_s instead. To disable deprecation, use _CRT_SECURE_NO_WARNINGS. See online help for details.
                 c:\program files (x86)\microsoft visual studio 10.0\vc\include\stdio.h(234) : 参见“fopen”的声明
     1>e:\袁梓埠个人文件夹\代码\hello-world\trunk\src\encryption\des\des.cpp(408): warning C4996: 'fopen': This function or variable may be unsafe. Consider using fopen_s instead. To disable deprecation, use _CRT_SECURE_NO_WARNINGS. See online help for details.
                 c:\program files (x86)\microsoft visual studio 10.0\vc\include\stdio.h(234) : 参见“fopen”的声明
     1>e:\袁梓埠个人文件夹\代码\hello-world\trunk\src\encryption\des\des.cpp(411): warning C4996: 'fopen': This function or variable may be unsafe. Consider using fopen_s instead. To disable deprecation, use _CRT_SECURE_NO_WARNINGS. See online help for details.
                 c:\program files (x86)\microsoft visual studio 10.0\vc\include\stdio.h(234) : 参见“fopen”的声明
         base64.cpp
     1>e:\袁梓埠个人文件夹\代码\hello-world\trunk\src\encryption\base64\base64.cpp(122): warning C4244: “=”: 从“ULONGLONG”转换到“int”，可能丢失数据
     1>e:\袁梓埠个人文件夹\代码\hello-world\trunk\src\encryption\base64\base64.cpp(150): warning C4101: “e”: 未引用的局部变量
     1>e:\袁梓埠个人文件夹\代码\hello-world\trunk\src\encryption\base64\base64.cpp(161): warning C4101: “e”: 未引用的局部变量
     1>e:\袁梓埠个人文件夹\代码\hello-world\trunk\src\encryption\base64\base64.cpp(197): warning C4244: “=”: 从“ULONGLONG”转换到“int”，可能丢失数据
     1>e:\袁梓埠个人文件夹\代码\hello-world\trunk\src\encryption\base64\base64.cpp(224): warning C4101: “e”: 未引用的局部变量
     1>e:\袁梓埠个人文件夹\代码\hello-world\trunk\src\encryption\base64\base64.cpp(235): warning C4101: “e”: 未引用的局部变量
         正在生成代码...
       ResourceCompile:
         C:\Program Files (x86)\Microsoft SDKs\Windows\v7.0A\bin\rc.exe /D _DEBUG /D _AFXDLL /l"0x0804" /IDebug\ /nologo /fo"Debug\Encryption.res" Encryption.rc 
       ManifestResourceCompile:
         C:\Program Files (x86)\Microsoft SDKs\Windows\v7.0A\bin\rc.exe /nologo /fo"Debug\Encryptiond.dll.embed.manifest.res" Debug\Encryptiond_manifest.rc 
     1>C:\Program Files (x86)\MSBuild\Microsoft.Cpp\v4.0\Microsoft.CppBuild.targets(990,5): warning MSB8012: TargetPath(E:\袁梓埠个人文件夹\代码\hello-world\trunk\src\../bin/Encryptiond.dll) 与 Linker 的 OutputFile 属性值(E:\袁梓埠个人文件夹\代码\hello-world\trunk\bin\drawingd.dll)不匹配。这可能导致项目生成不正确。若要更正此问题，请确保 $(OutDir)、$(TargetName) 和 $(TargetExt) 属性值与 %(Link.OutputFile) 中指定的值匹配。
     1>C:\Program Files (x86)\MSBuild\Microsoft.Cpp\v4.0\Microsoft.CppBuild.targets(992,5): warning MSB8012: TargetName(Encryptiond) 与 Linker 的 OutputFile 属性值(drawingd)不匹配。这可能导致项目生成不正确。若要更正此问题，请确保 $(OutDir)、$(TargetName) 和 $(TargetExt) 属性值与 %(Link.OutputFile) 中指定的值匹配。
       Link:
         C:\Program Files (x86)\Microsoft Visual Studio 10.0\VC\bin\link.exe /ERRORREPORT:PROMPT /OUT:"E:\袁梓埠个人文件夹\代码\hello-world\trunk\src\../bin/drawingd.dll" /INCREMENTAL /NOLOGO /DEF:".\Encryption.def" /MANIFEST /ManifestFile:"Debug\Encryptiond.dll.intermediate.manifest" /MANIFESTUAC:"level='asInvoker' uiAccess='false'" /DEBUG /PDB:"E:\袁梓埠个人文件夹\代码\hello-world\trunk\src\../pdb/Encryptiondd.pdb" /SUBSYSTEM:WINDOWS /TLBID:1 /DYNAMICBASE /NXCOMPAT /IMPLIB:"E:\袁梓埠个人文件夹\代码\hello-world\trunk\src\../lib/Encryptiond.lib" /MACHINE:X86 /DLL Debug\Encryption.res
         Debug\Encryptiond.dll.embed.manifest.res
         Debug\base64.obj
         Debug\DES.obj
         Debug\Encryption.obj
         Debug\stdafx.obj
            正在创建库 E:\袁梓埠个人文件夹\代码\hello-world\trunk\src\../lib/Encryptiond.lib 和对象 E:\袁梓埠个人文件夹\代码\hello-world\trunk\src\../lib/Encryptiond.exp
       Manifest:
         正在删除文件“Debug\Encryptiond.dll.embed.manifest”。
         C:\Program Files (x86)\Microsoft SDKs\Windows\v7.0A\bin\mt.exe /nologo /verbose /out:"Debug\Encryptiond.dll.embed.manifest" /manifest Debug\Encryptiond.dll.intermediate.manifest "C:\Program Files (x86)\Microsoft Visual Studio 10.0\VC\Include\Manifest\dpiaware.manifest"
         C:\Program Files (x86)\Microsoft SDKs\Windows\v7.0A\bin\rc.exe /nologo /fo"Debug\Encryptiond.dll.embed.manifest.res" Debug\Encryptiond_manifest.rc 
       LinkEmbedManifest:
         C:\Program Files (x86)\Microsoft Visual Studio 10.0\VC\bin\link.exe /ERRORREPORT:PROMPT /OUT:"E:\袁梓埠个人文件夹\代码\hello-world\trunk\src\../bin/drawingd.dll" /INCREMENTAL /NOLOGO /DEF:".\Encryption.def" /MANIFEST /ManifestFile:"Debug\Encryptiond.dll.intermediate.manifest" /MANIFESTUAC:"level='asInvoker' uiAccess='false'" /DEBUG /PDB:"E:\袁梓埠个人文件夹\代码\hello-world\trunk\src\../pdb/Encryptiondd.pdb" /SUBSYSTEM:WINDOWS /TLBID:1 /DYNAMICBASE /NXCOMPAT /IMPLIB:"E:\袁梓埠个人文件夹\代码\hello-world\trunk\src\../lib/Encryptiond.lib" /MACHINE:X86 /DLL Debug\Encryption.res
         Debug\Encryptiond.dll.embed.manifest.res
         Debug\base64.obj
         Debug\DES.obj
         Debug\Encryption.obj
         Debug\stdafx.obj
            正在创建库 E:\袁梓埠个人文件夹\代码\hello-world\trunk\src\../lib/Encryptiond.lib 和对象 E:\袁梓埠个人文件夹\代码\hello-world\trunk\src\../lib/Encryptiond.exp
         Encryption.vcxproj -> E:\袁梓埠个人文件夹\代码\hello-world\trunk\src\../bin/Encryptiond.dll
       FinalizeBuildStatus:
         正在删除文件“Debug\Encryption.unsuccessfulbuild”。
         正在对“Debug\Encryption.lastbuildstate”执行 Touch 任务。
     1>已完成生成项目“E:\袁梓埠个人文件夹\代码\hello-world\trunk\src\Encryption\Encryption.vcxproj”(rebuild 个目标)的操作。

生成成功。

已用时间 00:00:05.30
