E:\新雕刻机\TRUNK\BIN\DRAWINGD.DLL
E:\新雕刻机\TRUNK\BIN\DRAWINGD.ILK
E:\新雕刻机\trunk\lib\Encryptiond.exp
E:\新雕刻机\trunk\lib\Encryptiond.lib
E:\新雕刻机\TRUNK\PDB\ENCRYPTIONDD.PDB
E:\新雕刻机\TRUNK\SRC\ENCRYPTION\DEBUG\BASE64.OBJ
E:\新雕刻机\TRUNK\SRC\ENCRYPTION\DEBUG\DES.OBJ
E:\新雕刻机\TRUNK\SRC\ENCRYPTION\DEBUG\ENCRYPTION.OBJ
E:\新雕刻机\TRUNK\SRC\ENCRYPTION\DEBUG\ENCRYPTION.RES
E:\新雕刻机\TRUNK\SRC\ENCRYPTION\DEBUG\ENCRYPTIOND.DLL.EMBED.MANIFEST
E:\新雕刻机\TRUNK\SRC\ENCRYPTION\DEBUG\ENCRYPTIOND.DLL.EMBED.MANIFEST.RES
E:\新雕刻机\TRUNK\SRC\ENCRYPTION\DEBUG\ENCRYPTIOND.DLL.INTERMEDIATE.MANIFEST
E:\新雕刻机\TRUNK\SRC\ENCRYPTION\DEBUG\ENCRYPTIOND.PCH
E:\新雕刻机\TRUNK\SRC\ENCRYPTION\DEBUG\STDAFX.OBJ
E:\新雕刻机\TRUNK\SRC\ENCRYPTION\DEBUG\VC100.PDB
E:\袁梓埠个人文件夹\代码\HELLO-WORLD\TRUNK\BIN\DRAWINGD.DLL
E:\袁梓埠个人文件夹\代码\HELLO-WORLD\TRUNK\BIN\DRAWINGD.ILK
E:\袁梓埠个人文件夹\代码\hello-world\trunk\lib\Encryptiond.exp
E:\袁梓埠个人文件夹\代码\hello-world\trunk\lib\Encryptiond.lib
E:\袁梓埠个人文件夹\代码\HELLO-WORLD\TRUNK\PDB\ENCRYPTIONDD.PDB
E:\袁梓埠个人文件夹\代码\hello-world\trunk\src\../bin/Encryptiond.dll
E:\袁梓埠个人文件夹\代码\HELLO-WORLD\TRUNK\SRC\ENCRYPTION\DEBUG\BASE64.OBJ
E:\袁梓埠个人文件夹\代码\hello-world\trunk\src\Encryption\Debug\cl.command.1.tlog
E:\袁梓埠个人文件夹\代码\hello-world\trunk\src\Encryption\Debug\CL.read.1.tlog
E:\袁梓埠个人文件夹\代码\hello-world\trunk\src\Encryption\Debug\CL.write.1.tlog
E:\袁梓埠个人文件夹\代码\HELLO-WORLD\TRUNK\SRC\ENCRYPTION\DEBUG\DES.OBJ
E:\袁梓埠个人文件夹\代码\HELLO-WORLD\TRUNK\SRC\ENCRYPTION\DEBUG\ENCRYPTION.OBJ
E:\袁梓埠个人文件夹\代码\HELLO-WORLD\TRUNK\SRC\ENCRYPTION\DEBUG\ENCRYPTION.RES
E:\袁梓埠个人文件夹\代码\hello-world\trunk\src\Encryption\Debug\Encryption.vcxprojResolveAssemblyReference.cache
E:\袁梓埠个人文件夹\代码\hello-world\trunk\src\Encryption\Debug\Encryption.write.1.tlog
E:\袁梓埠个人文件夹\代码\hello-world\trunk\src\Encryption\Debug\Encryptiond.dll.embed.manifest
E:\袁梓埠个人文件夹\代码\HELLO-WORLD\TRUNK\SRC\ENCRYPTION\DEBUG\ENCRYPTIOND.DLL.EMBED.MANIFEST.RES
E:\袁梓埠个人文件夹\代码\HELLO-WORLD\TRUNK\SRC\ENCRYPTION\DEBUG\ENCRYPTIOND.DLL.INTERMEDIATE.MANIFEST
E:\袁梓埠个人文件夹\代码\HELLO-WORLD\TRUNK\SRC\ENCRYPTION\DEBUG\ENCRYPTIOND.PCH
E:\袁梓埠个人文件夹\代码\hello-world\trunk\src\Encryption\Debug\Encryptiond_manifest.rc
E:\袁梓埠个人文件夹\代码\hello-world\trunk\src\Encryption\Debug\link.9444.read.1.tlog
E:\袁梓埠个人文件夹\代码\hello-world\trunk\src\Encryption\Debug\link.9444.write.1.tlog
E:\袁梓埠个人文件夹\代码\hello-world\trunk\src\Encryption\Debug\link.9444-cvtres.read.1.tlog
E:\袁梓埠个人文件夹\代码\hello-world\trunk\src\Encryption\Debug\link.9444-cvtres.write.1.tlog
E:\袁梓埠个人文件夹\代码\hello-world\trunk\src\Encryption\Debug\link.command.1.tlog
E:\袁梓埠个人文件夹\代码\hello-world\trunk\src\Encryption\Debug\link.read.1.tlog
E:\袁梓埠个人文件夹\代码\hello-world\trunk\src\Encryption\Debug\link.write.1.tlog
E:\袁梓埠个人文件夹\代码\hello-world\trunk\src\Encryption\Debug\link-cvtres.read.1.tlog
E:\袁梓埠个人文件夹\代码\hello-world\trunk\src\Encryption\Debug\link-cvtres.write.1.tlog
E:\袁梓埠个人文件夹\代码\hello-world\trunk\src\Encryption\Debug\mt.command.1.tlog
E:\袁梓埠个人文件夹\代码\hello-world\trunk\src\Encryption\Debug\mt.read.1.tlog
E:\袁梓埠个人文件夹\代码\hello-world\trunk\src\Encryption\Debug\mt.write.1.tlog
E:\袁梓埠个人文件夹\代码\hello-world\trunk\src\Encryption\Debug\rc.command.1.tlog
E:\袁梓埠个人文件夹\代码\hello-world\trunk\src\Encryption\Debug\rc.read.1.tlog
E:\袁梓埠个人文件夹\代码\hello-world\trunk\src\Encryption\Debug\rc.write.1.tlog
E:\袁梓埠个人文件夹\代码\HELLO-WORLD\TRUNK\SRC\ENCRYPTION\DEBUG\STDAFX.OBJ
E:\袁梓埠个人文件夹\代码\hello-world\trunk\src\Encryption\Debug\vc100.idb
E:\袁梓埠个人文件夹\代码\HELLO-WORLD\TRUNK\SRC\ENCRYPTION\DEBUG\VC100.PDB
