E:\新雕刻机\TRUNK\BIN\INTERNETMANAGER.DLL
E:\新雕刻机\TRUNK\BIN\INTERNETMANAGER.PDB
E:\新雕刻机\trunk\lib\InternetManager.exp
E:\新雕刻机\trunk\lib\InternetManager.lib
E:\新雕刻机\trunk\src\../bin/InternetManager.dll
E:\新雕刻机\trunk\src\../bin/InternetManager.pdb
E:\新雕刻机\trunk\src\InternetManager\Release\cl.command.1.tlog
E:\新雕刻机\trunk\src\InternetManager\Release\CL.read.1.tlog
E:\新雕刻机\trunk\src\InternetManager\Release\CL.write.1.tlog
E:\新雕刻机\TRUNK\SRC\INTERNETMANAGER\RELEASE\DLLMAIN.OBJ
E:\新雕刻机\TRUNK\SRC\INTERNETMANAGER\RELEASE\INTERNETCHECKING.OBJ
E:\新雕刻机\TRUNK\SRC\INTERNETMANAGER\RELEASE\INTERNETMANAGER.DLL.INTERMEDIATE.MANIFEST
E:\新雕刻机\TRUNK\SRC\INTERNETMANAGER\RELEASE\INTERNETMANAGER.OBJ
E:\新雕刻机\TRUNK\SRC\INTERNETMANAGER\RELEASE\INTERNETMANAGER.PCH
E:\新雕刻机\TRUNK\SRC\INTERNETMANAGER\RELEASE\INTERNETMANAGER.RES
E:\新雕刻机\trunk\src\InternetManager\Release\InternetManager.vcxprojResolveAssemblyReference.cache
E:\新雕刻机\trunk\src\InternetManager\Release\InternetManager.write.1.tlog
E:\新雕刻机\trunk\src\InternetManager\Release\link.command.1.tlog
E:\新雕刻机\trunk\src\InternetManager\Release\link.read.1.tlog
E:\新雕刻机\trunk\src\InternetManager\Release\link.write.1.tlog
E:\新雕刻机\trunk\src\InternetManager\Release\link-cvtres.read.1.tlog
E:\新雕刻机\trunk\src\InternetManager\Release\link-cvtres.write.1.tlog
E:\新雕刻机\trunk\src\InternetManager\Release\mt.command.1.tlog
E:\新雕刻机\trunk\src\InternetManager\Release\mt.read.1.tlog
E:\新雕刻机\trunk\src\InternetManager\Release\mt.write.1.tlog
E:\新雕刻机\trunk\src\InternetManager\Release\rc.command.1.tlog
E:\新雕刻机\trunk\src\InternetManager\Release\rc.read.1.tlog
E:\新雕刻机\trunk\src\InternetManager\Release\rc.write.1.tlog
E:\新雕刻机\TRUNK\SRC\INTERNETMANAGER\RELEASE\STDAFX.OBJ
E:\新雕刻机\TRUNK\SRC\INTERNETMANAGER\RELEASE\VC100.PDB
