..\..\..\lib\TaoBaoSender.pdb
E:\新雕刻机\TRUNK\BIN\TAOBAOSENDER.DLL
E:\新雕刻机\trunk\lib\TaoBaoSender.exp
E:\新雕刻机\trunk\lib\TaoBaoSender.lib
E:\新雕刻机\TRUNK\LIB\TAOBAOSENDER.PDB
E:\新雕刻机\TRUNK\SRC\TAOBAOSENDER\TAOBAOSENDER\RELEASE\.NETFRAMEWORK,VERSION=V4.0.ASSEMBLYATTRIBUTES.OBJ
E:\新雕刻机\trunk\src\TaoBaoSender\TaoBaoSender\Release\cl.command.1.tlog
E:\新雕刻机\trunk\src\TaoBaoSender\TaoBaoSender\Release\CL.read.1.tlog
E:\新雕刻机\trunk\src\TaoBaoSender\TaoBaoSender\Release\CL.write.1.tlog
E:\新雕刻机\TRUNK\SRC\TAOBAOSENDER\TAOBAOSENDER\RELEASE\CURLRESPONSE.OBJ
E:\新雕刻机\TRUNK\SRC\TAOBAOSENDER\TAOBAOSENDER\RELEASE\GLOBALCONFIG.OBJ
E:\新雕刻机\TRUNK\SRC\TAOBAOSENDER\TAOBAOSENDER\RELEASE\JSON.OBJ
E:\新雕刻机\trunk\src\TaoBaoSender\TaoBaoSender\Release\link.command.1.tlog
E:\新雕刻机\trunk\src\TaoBaoSender\TaoBaoSender\Release\link.read.1.tlog
E:\新雕刻机\trunk\src\TaoBaoSender\TaoBaoSender\Release\link.write.1.tlog
E:\新雕刻机\trunk\src\TaoBaoSender\TaoBaoSender\Release\link-cvtres.read.1.tlog
E:\新雕刻机\trunk\src\TaoBaoSender\TaoBaoSender\Release\link-cvtres.write.1.tlog
E:\新雕刻机\TRUNK\SRC\TAOBAOSENDER\TAOBAOSENDER\RELEASE\MD5UTIL.OBJ
E:\新雕刻机\TRUNK\SRC\TAOBAOSENDER\TAOBAOSENDER\RELEASE\MISC.OBJ
E:\新雕刻机\trunk\src\TaoBaoSender\TaoBaoSender\Release\mt.command.1.tlog
E:\新雕刻机\trunk\src\TaoBaoSender\TaoBaoSender\Release\mt.read.1.tlog
E:\新雕刻机\trunk\src\TaoBaoSender\TaoBaoSender\Release\mt.write.1.tlog
E:\新雕刻机\trunk\src\TaoBaoSender\TaoBaoSender\Release\rc.command.1.tlog
E:\新雕刻机\trunk\src\TaoBaoSender\TaoBaoSender\Release\rc.read.1.tlog
E:\新雕刻机\trunk\src\TaoBaoSender\TaoBaoSender\Release\rc.write.1.tlog
E:\新雕刻机\TRUNK\SRC\TAOBAOSENDER\TAOBAOSENDER\RELEASE\SINGLEMAP.OBJ
E:\新雕刻机\TRUNK\SRC\TAOBAOSENDER\TAOBAOSENDER\RELEASE\STDAFX.OBJ
E:\新雕刻机\TRUNK\SRC\TAOBAOSENDER\TAOBAOSENDER\RELEASE\TAOBAOCLIENT.OBJ
E:\新雕刻机\TRUNK\SRC\TAOBAOSENDER\TAOBAOSENDER\RELEASE\TAOBAOSENDER.DLL.INTERMEDIATE.MANIFEST
E:\新雕刻机\TRUNK\SRC\TAOBAOSENDER\TAOBAOSENDER\RELEASE\TAOBAOSENDER.OBJ
E:\新雕刻机\TRUNK\SRC\TAOBAOSENDER\TAOBAOSENDER\RELEASE\TAOBAOSENDER.PCH
E:\新雕刻机\TRUNK\SRC\TAOBAOSENDER\TAOBAOSENDER\RELEASE\TAOBAOSENDER.RES
E:\新雕刻机\trunk\src\TaoBaoSender\TaoBaoSender\Release\TaoBaoSender.vcxprojResolveAssemblyReference.cache
E:\新雕刻机\trunk\src\TaoBaoSender\TaoBaoSender\Release\TaoBaoSender.write.1.tlog
E:\新雕刻机\TRUNK\SRC\TAOBAOSENDER\TAOBAOSENDER\RELEASE\TAOBAOSENDERINTERFACE.OBJ
E:\新雕刻机\TRUNK\SRC\TAOBAOSENDER\TAOBAOSENDER\RELEASE\TOPREQUEST.OBJ
E:\新雕刻机\TRUNK\SRC\TAOBAOSENDER\TAOBAOSENDER\RELEASE\TOPRESPONSE.OBJ
E:\新雕刻机\TRUNK\SRC\TAOBAOSENDER\TAOBAOSENDER\RELEASE\VC100.PDB
E:\新雕刻机\TRUNK\SRC\TAOBAOSENDER\TAOBAOSENDER\RELEASE\WEBUTILS.OBJ
