E:\新雕刻机\TRUNK\BIN\ALGORITHM_CSHARP.DLL
E:\新雕刻机\trunk\lib\Algorithm_CSharp.exp
E:\新雕刻机\trunk\lib\Algorithm_CSharp.lib
E:\新雕刻机\TRUNK\PDB\ALGORITHM_CSHARP.PDB
E:\新雕刻机\trunk\src\../bin/Algorithm_CSharp.dll
E:\新雕刻机\TRUNK\SRC\ALGORITHM_CSHARP\RELEASE\ALGORITHM.OBJ
E:\新雕刻机\TRUNK\SRC\ALGORITHM_CSHARP\RELEASE\ALGORITHM_CSHARP.DLL.INTERMEDIATE.MANIFEST
E:\新雕刻机\TRUNK\SRC\ALGORITHM_CSHARP\RELEASE\ALGORITHM_CSHARP.OBJ
E:\新雕刻机\TRUNK\SRC\ALGORITHM_CSHARP\RELEASE\ALGORITHM_CSHARP.PCH
E:\新雕刻机\TRUNK\SRC\ALGORITHM_CSHARP\RELEASE\ALGORITHM_CSHARP.RES
E:\新雕刻机\trunk\src\Algorithm_CSharp\Release\Algorithm_CSharp.write.1.tlog
E:\新雕刻机\trunk\src\Algorithm_CSharp\Release\cl.command.1.tlog
E:\新雕刻机\trunk\src\Algorithm_CSharp\Release\CL.read.1.tlog
E:\新雕刻机\trunk\src\Algorithm_CSharp\Release\CL.write.1.tlog
E:\新雕刻机\trunk\src\Algorithm_CSharp\Release\link.command.1.tlog
E:\新雕刻机\trunk\src\Algorithm_CSharp\Release\link.read.1.tlog
E:\新雕刻机\trunk\src\Algorithm_CSharp\Release\link.write.1.tlog
E:\新雕刻机\trunk\src\Algorithm_CSharp\Release\link-cvtres.read.1.tlog
E:\新雕刻机\trunk\src\Algorithm_CSharp\Release\link-cvtres.write.1.tlog
E:\新雕刻机\TRUNK\SRC\ALGORITHM_CSHARP\RELEASE\MARKUP.OBJ
E:\新雕刻机\trunk\src\Algorithm_CSharp\Release\mt.command.1.tlog
E:\新雕刻机\trunk\src\Algorithm_CSharp\Release\mt.read.1.tlog
E:\新雕刻机\trunk\src\Algorithm_CSharp\Release\mt.write.1.tlog
E:\新雕刻机\trunk\src\Algorithm_CSharp\Release\rc.command.1.tlog
E:\新雕刻机\trunk\src\Algorithm_CSharp\Release\rc.read.1.tlog
E:\新雕刻机\trunk\src\Algorithm_CSharp\Release\rc.write.1.tlog
E:\新雕刻机\TRUNK\SRC\ALGORITHM_CSHARP\RELEASE\STDAFX.OBJ
E:\新雕刻机\TRUNK\SRC\ALGORITHM_CSHARP\RELEASE\VC100.PDB
