E:\新雕刻机\TRUNK\BIN\DATAMANAGER.DLL
E:\新雕刻机\trunk\lib\DataManager.exp
E:\新雕刻机\trunk\lib\DataManager.lib
E:\新雕刻机\TRUNK\PDB\DATAMANAGER.PDB
E:\新雕刻机\trunk\src\../bin/DataManager.dll
E:\新雕刻机\TRUNK\SRC\DATAMANAGER\RELEASE\ALGORITHM.OBJ
E:\新雕刻机\TRUNK\SRC\DATAMANAGER\RELEASE\BASEINFO.OBJ
E:\新雕刻机\trunk\src\DataManager\Release\cl.command.1.tlog
E:\新雕刻机\trunk\src\DataManager\Release\CL.read.1.tlog
E:\新雕刻机\trunk\src\DataManager\Release\CL.write.1.tlog
E:\新雕刻机\TRUNK\SRC\DATAMANAGER\RELEASE\COMMONDATA.OBJ
E:\新雕刻机\TRUNK\SRC\DATAMANAGER\RELEASE\COMPONENT.OBJ
E:\新雕刻机\TRUNK\SRC\DATAMANAGER\RELEASE\CSINGLEON.OBJ
E:\新雕刻机\TRUNK\SRC\DATAMANAGER\RELEASE\CSOLUTION.OBJ
E:\新雕刻机\TRUNK\SRC\DATAMANAGER\RELEASE\DATAMANAGER.DLL.INTERMEDIATE.MANIFEST
E:\新雕刻机\TRUNK\SRC\DATAMANAGER\RELEASE\DATAMANAGER.OBJ
E:\新雕刻机\TRUNK\SRC\DATAMANAGER\RELEASE\DATAMANAGER.PCH
E:\新雕刻机\TRUNK\SRC\DATAMANAGER\RELEASE\DATAMANAGER.RES
E:\新雕刻机\trunk\src\DataManager\Release\DataManager.write.1.tlog
E:\新雕刻机\TRUNK\SRC\DATAMANAGER\RELEASE\DLLMAIN.OBJ
E:\新雕刻机\trunk\src\DataManager\Release\link.command.1.tlog
E:\新雕刻机\trunk\src\DataManager\Release\link.read.1.tlog
E:\新雕刻机\trunk\src\DataManager\Release\link.write.1.tlog
E:\新雕刻机\trunk\src\DataManager\Release\link-cvtres.read.1.tlog
E:\新雕刻机\trunk\src\DataManager\Release\link-cvtres.write.1.tlog
E:\新雕刻机\trunk\src\DataManager\Release\mt.command.1.tlog
E:\新雕刻机\trunk\src\DataManager\Release\mt.read.1.tlog
E:\新雕刻机\trunk\src\DataManager\Release\mt.write.1.tlog
E:\新雕刻机\TRUNK\SRC\DATAMANAGER\RELEASE\NODE.OBJ
E:\新雕刻机\TRUNK\SRC\DATAMANAGER\RELEASE\OUTLINE.OBJ
E:\新雕刻机\TRUNK\SRC\DATAMANAGER\RELEASE\PANEL.OBJ
E:\新雕刻机\TRUNK\SRC\DATAMANAGER\RELEASE\PROGRAMMISC.OBJ
E:\新雕刻机\trunk\src\DataManager\Release\rc.command.1.tlog
E:\新雕刻机\trunk\src\DataManager\Release\rc.read.1.tlog
E:\新雕刻机\trunk\src\DataManager\Release\rc.write.1.tlog
E:\新雕刻机\TRUNK\SRC\DATAMANAGER\RELEASE\REMAINDERGROUP.OBJ
E:\新雕刻机\TRUNK\SRC\DATAMANAGER\RELEASE\REMAINDERITEM.OBJ
E:\新雕刻机\TRUNK\SRC\DATAMANAGER\RELEASE\REMAINDERMANAGER.OBJ
E:\新雕刻机\TRUNK\SRC\DATAMANAGER\RELEASE\STDAFX.OBJ
E:\新雕刻机\TRUNK\SRC\DATAMANAGER\RELEASE\VC100.PDB
