E:\新雕刻机\TRUNK\BIN\INTERNETMANAGERD.DLL
E:\新雕刻机\TRUNK\BIN\INTERNETMANAGERD.ILK
E:\新雕刻机\TRUNK\BIN\INTERNETMANAGERD.PDB
E:\新雕刻机\trunk\lib\InternetManagerd.exp
E:\新雕刻机\trunk\lib\InternetManagerd.lib
E:\新雕刻机\trunk\src\../bin/InternetManagerd.dll
E:\新雕刻机\trunk\src\../bin/InternetManagerd.ilk
E:\新雕刻机\trunk\src\../bin/InternetManagerd.pdb
E:\新雕刻机\trunk\src\InternetManager\Debug\cl.command.1.tlog
E:\新雕刻机\trunk\src\InternetManager\Debug\CL.read.1.tlog
E:\新雕刻机\trunk\src\InternetManager\Debug\CL.write.1.tlog
E:\新雕刻机\TRUNK\SRC\INTERNETMANAGER\DEBUG\DLLMAIN.OBJ
E:\新雕刻机\TRUNK\SRC\INTERNETMANAGER\DEBUG\INTERNETCHECKING.OBJ
E:\新雕刻机\TRUNK\SRC\INTERNETMANAGER\DEBUG\INTERNETMANAGER.OBJ
E:\新雕刻机\TRUNK\SRC\INTERNETMANAGER\DEBUG\INTERNETMANAGER.RES
E:\新雕刻机\trunk\src\InternetManager\Debug\InternetManager.vcxprojResolveAssemblyReference.cache
E:\新雕刻机\trunk\src\InternetManager\Debug\InternetManager.write.1.tlog
E:\新雕刻机\TRUNK\SRC\INTERNETMANAGER\DEBUG\INTERNETMANAGERD.DLL.EMBED.MANIFEST
E:\新雕刻机\TRUNK\SRC\INTERNETMANAGER\DEBUG\INTERNETMANAGERD.DLL.EMBED.MANIFEST.RES
E:\新雕刻机\TRUNK\SRC\INTERNETMANAGER\DEBUG\INTERNETMANAGERD.DLL.INTERMEDIATE.MANIFEST
E:\新雕刻机\TRUNK\SRC\INTERNETMANAGER\DEBUG\INTERNETMANAGERD.PCH
E:\新雕刻机\trunk\src\InternetManager\Debug\InternetManagerd_manifest.rc
E:\新雕刻机\trunk\src\InternetManager\Debug\link.11468.read.1.tlog
E:\新雕刻机\trunk\src\InternetManager\Debug\link.11468.write.1.tlog
E:\新雕刻机\trunk\src\InternetManager\Debug\link.11468-cvtres.read.1.tlog
E:\新雕刻机\trunk\src\InternetManager\Debug\link.11468-cvtres.write.1.tlog
E:\新雕刻机\trunk\src\InternetManager\Debug\link.11688.read.1.tlog
E:\新雕刻机\trunk\src\InternetManager\Debug\link.11688.write.1.tlog
E:\新雕刻机\trunk\src\InternetManager\Debug\link.11688-cvtres.read.1.tlog
E:\新雕刻机\trunk\src\InternetManager\Debug\link.11688-cvtres.write.1.tlog
E:\新雕刻机\trunk\src\InternetManager\Debug\link.11700.read.1.tlog
E:\新雕刻机\trunk\src\InternetManager\Debug\link.11700.write.1.tlog
E:\新雕刻机\trunk\src\InternetManager\Debug\link.11700-cvtres.read.1.tlog
E:\新雕刻机\trunk\src\InternetManager\Debug\link.11700-cvtres.write.1.tlog
E:\新雕刻机\trunk\src\InternetManager\Debug\link.11820.read.1.tlog
E:\新雕刻机\trunk\src\InternetManager\Debug\link.11820.write.1.tlog
E:\新雕刻机\trunk\src\InternetManager\Debug\link.11820-cvtres.read.1.tlog
E:\新雕刻机\trunk\src\InternetManager\Debug\link.11820-cvtres.write.1.tlog
E:\新雕刻机\trunk\src\InternetManager\Debug\link.13044.read.1.tlog
E:\新雕刻机\trunk\src\InternetManager\Debug\link.13044.write.1.tlog
E:\新雕刻机\trunk\src\InternetManager\Debug\link.13044-cvtres.read.1.tlog
E:\新雕刻机\trunk\src\InternetManager\Debug\link.13044-cvtres.write.1.tlog
E:\新雕刻机\trunk\src\InternetManager\Debug\link.14352.read.1.tlog
E:\新雕刻机\trunk\src\InternetManager\Debug\link.14352.write.1.tlog
E:\新雕刻机\trunk\src\InternetManager\Debug\link.14352-cvtres.read.1.tlog
E:\新雕刻机\trunk\src\InternetManager\Debug\link.14352-cvtres.write.1.tlog
E:\新雕刻机\trunk\src\InternetManager\Debug\link.14856.read.1.tlog
E:\新雕刻机\trunk\src\InternetManager\Debug\link.14856.write.1.tlog
E:\新雕刻机\trunk\src\InternetManager\Debug\link.14856-cvtres.read.1.tlog
E:\新雕刻机\trunk\src\InternetManager\Debug\link.14856-cvtres.write.1.tlog
E:\新雕刻机\trunk\src\InternetManager\Debug\link.2348.read.1.tlog
E:\新雕刻机\trunk\src\InternetManager\Debug\link.2348.write.1.tlog
E:\新雕刻机\trunk\src\InternetManager\Debug\link.2348-cvtres.read.1.tlog
E:\新雕刻机\trunk\src\InternetManager\Debug\link.2348-cvtres.write.1.tlog
E:\新雕刻机\trunk\src\InternetManager\Debug\link.660.read.1.tlog
E:\新雕刻机\trunk\src\InternetManager\Debug\link.660.write.1.tlog
E:\新雕刻机\trunk\src\InternetManager\Debug\link.660-cvtres.read.1.tlog
E:\新雕刻机\trunk\src\InternetManager\Debug\link.660-cvtres.write.1.tlog
E:\新雕刻机\trunk\src\InternetManager\Debug\link.7548.read.1.tlog
E:\新雕刻机\trunk\src\InternetManager\Debug\link.7548.write.1.tlog
E:\新雕刻机\trunk\src\InternetManager\Debug\link.7548-cvtres.read.1.tlog
E:\新雕刻机\trunk\src\InternetManager\Debug\link.7548-cvtres.write.1.tlog
E:\新雕刻机\trunk\src\InternetManager\Debug\link.command.1.tlog
E:\新雕刻机\trunk\src\InternetManager\Debug\link.read.1.tlog
E:\新雕刻机\trunk\src\InternetManager\Debug\link.write.1.tlog
E:\新雕刻机\trunk\src\InternetManager\Debug\link-cvtres.read.1.tlog
E:\新雕刻机\trunk\src\InternetManager\Debug\link-cvtres.write.1.tlog
E:\新雕刻机\trunk\src\InternetManager\Debug\mt.command.1.tlog
E:\新雕刻机\trunk\src\InternetManager\Debug\mt.read.1.tlog
E:\新雕刻机\trunk\src\InternetManager\Debug\mt.write.1.tlog
E:\新雕刻机\trunk\src\InternetManager\Debug\rc.command.1.tlog
E:\新雕刻机\trunk\src\InternetManager\Debug\rc.read.1.tlog
E:\新雕刻机\trunk\src\InternetManager\Debug\rc.write.1.tlog
E:\新雕刻机\TRUNK\SRC\INTERNETMANAGER\DEBUG\STDAFX.OBJ
E:\新雕刻机\trunk\src\InternetManager\Debug\vc100.idb
E:\新雕刻机\TRUNK\SRC\INTERNETMANAGER\DEBUG\VC100.PDB
