生成启动时间为 2018/6/25 23:59:00。
     1>项目“E:\袁梓埠个人文件夹\代码\hello-world\trunk\src\InternetManager\InternetManager.vcxproj”在节点 3 上(build 个目标)。
     1>InitializeBuildStatus:
         正在对“Debug\InternetManager.unsuccessfulbuild”执行 Touch 任务。
       ClCompile:
         所有输出均为最新。
         所有输出均为最新。
         所有输出均为最新。
       ResourceCompile:
         所有输出均为最新。
       ManifestResourceCompile:
         所有输出均为最新。
       Link:
         C:\Program Files (x86)\Microsoft Visual Studio 10.0\VC\bin\link.exe /ERRORREPORT:PROMPT /OUT:"E:\袁梓埠个人文件夹\代码\hello-world\trunk\src\../bin/InternetManagerd.dll" /INCREMENTAL /NOLOGO /DEF:".\InternetManager.def" /MANIFEST /ManifestFile:"Debug\InternetManagerd.dll.intermediate.manifest" /MANIFESTUAC:"level='asInvoker' uiAccess='false'" /DEBUG /PDB:"E:\袁梓埠个人文件夹\代码\hello-world\trunk\bin\InternetManagerd.pdb" /SUBSYSTEM:WINDOWS /TLBID:1 /DYNAMICBASE /NXCOMPAT /IMPLIB:"E:\袁梓埠个人文件夹\代码\hello-world\trunk\src\../lib/InternetManagerd.lib" /MACHINE:X86 /DLL Debug\InternetManager.res
         Debug\InternetManagerd.dll.embed.manifest.res
         Debug\dllmain.obj
         Debug\InternetChecking.obj
         Debug\InternetManager.obj
         Debug\stdafx.obj
            正在创建库 E:\袁梓埠个人文件夹\代码\hello-world\trunk\src\../lib/InternetManagerd.lib 和对象 E:\袁梓埠个人文件夹\代码\hello-world\trunk\src\../lib/InternetManagerd.exp
       Manifest:
         C:\Program Files (x86)\Microsoft SDKs\Windows\v7.0A\bin\mt.exe /nologo /verbose /out:"Debug\InternetManagerd.dll.embed.manifest" /manifest Debug\InternetManagerd.dll.intermediate.manifest "C:\Program Files (x86)\Microsoft Visual Studio 10.0\VC\Include\Manifest\dpiaware.manifest"
         C:\Program Files (x86)\Microsoft SDKs\Windows\v7.0A\bin\rc.exe /nologo /fo"Debug\InternetManagerd.dll.embed.manifest.res" Debug\InternetManagerd_manifest.rc 
       LinkEmbedManifest:
         C:\Program Files (x86)\Microsoft Visual Studio 10.0\VC\bin\link.exe /ERRORREPORT:PROMPT /OUT:"E:\袁梓埠个人文件夹\代码\hello-world\trunk\src\../bin/InternetManagerd.dll" /INCREMENTAL /NOLOGO /DEF:".\InternetManager.def" /MANIFEST /ManifestFile:"Debug\InternetManagerd.dll.intermediate.manifest" /MANIFESTUAC:"level='asInvoker' uiAccess='false'" /DEBUG /PDB:"E:\袁梓埠个人文件夹\代码\hello-world\trunk\bin\InternetManagerd.pdb" /SUBSYSTEM:WINDOWS /TLBID:1 /DYNAMICBASE /NXCOMPAT /IMPLIB:"E:\袁梓埠个人文件夹\代码\hello-world\trunk\src\../lib/InternetManagerd.lib" /MACHINE:X86 /DLL Debug\InternetManager.res
         Debug\InternetManagerd.dll.embed.manifest.res
         Debug\dllmain.obj
         Debug\InternetChecking.obj
         Debug\InternetManager.obj
         Debug\stdafx.obj
            正在创建库 E:\袁梓埠个人文件夹\代码\hello-world\trunk\src\../lib/InternetManagerd.lib 和对象 E:\袁梓埠个人文件夹\代码\hello-world\trunk\src\../lib/InternetManagerd.exp
         InternetManager.vcxproj -> E:\袁梓埠个人文件夹\代码\hello-world\trunk\src\../bin/InternetManagerd.dll
       FinalizeBuildStatus:
         正在删除文件“Debug\InternetManager.unsuccessfulbuild”。
         正在对“Debug\InternetManager.lastbuildstate”执行 Touch 任务。
     1>已完成生成项目“E:\袁梓埠个人文件夹\代码\hello-world\trunk\src\InternetManager\InternetManager.vcxproj”(build 个目标)的操作。

生成成功。

已用时间 00:00:01.73
